<?xml version="1.0" encoding="utf-8"?>
<!DOCTYPE coverage SYSTEM "http://cobertura.sourceforge.net/xml/coverage-04.dtd">
<coverage line-rate="0.8762214983713354" branch-rate="0.8414634146341463" lines-covered="269" lines-valid="307" branches-covered="69" branches-valid="82" complexity="118" version="0" timestamp="1650230257">
  <sources>
    <source>C:\Users\Bogdan\</source>
  </sources>
  <packages>
    <package name="DictionaryLib" line-rate="0.8333333333333334" branch-rate="0.8333333333333334" complexity="78">
      <classes>
        <class name="DictionaryLib.DictEventArgs" filename="C:\Users\Bogdan\OneDrive - Technical Lyceum NTUU KPI\Навчання\2курс\ASP.NET\Лаби_asp\Лаб1_asp\lab1_asp\DictionaryLib\DictionaryHandler.cs" line-rate="0" branch-rate="1" complexity="2">
          <methods>
            <method name="get_Message" signature="()" line-rate="0" branch-rate="1" complexity="1">
              <lines>
                <line number="8" hits="0" branch="false" />
              </lines>
            </method>
            <method name=".ctor" signature="(...)" line-rate="0" branch-rate="1" complexity="1">
              <lines>
                <line number="9" hits="0" branch="false" />
                <line number="10" hits="0" branch="false" />
                <line number="11" hits="0" branch="false" />
                <line number="12" hits="0" branch="false" />
              </lines>
            </method>
          </methods>
          <lines>
            <line number="8" hits="0" branch="false" />
            <line number="9" hits="0" branch="false" />
            <line number="10" hits="0" branch="false" />
            <line number="11" hits="0" branch="false" />
            <line number="12" hits="0" branch="false" />
          </lines>
        </class>
        <class name="DictionaryLib.DictItem`2" filename="C:\Users\Bogdan\OneDrive - Technical Lyceum NTUU KPI\Навчання\2курс\ASP.NET\Лаби_asp\Лаб1_asp\lab1_asp\DictionaryLib\DictItem.cs" line-rate="1" branch-rate="0.75" complexity="12">
          <methods>
            <method name="get_Key" signature="()" line-rate="1" branch-rate="1" complexity="1">
              <lines>
                <line number="7" hits="1144" branch="false" />
              </lines>
            </method>
            <method name="get_Value" signature="()" line-rate="1" branch-rate="1" complexity="1">
              <lines>
                <line number="8" hits="456" branch="false" />
              </lines>
            </method>
            <method name="GetHashCode" signature="()" line-rate="1" branch-rate="1" complexity="1">
              <lines>
                <line number="23" hits="178" branch="false" />
                <line number="24" hits="178" branch="false" />
                <line number="25" hits="178" branch="false" />
              </lines>
            </method>
            <method name="ToString" signature="()" line-rate="1" branch-rate="0.5" complexity="4">
              <lines>
                <line number="27" hits="12" branch="false" />
                <line number="28" hits="12" branch="true" condition-coverage="50% (2/4)" />
                <line number="29" hits="12" branch="false" />
              </lines>
            </method>
            <method name="Equals" signature="(...)" line-rate="1" branch-rate="1" complexity="1">
              <lines>
                <line number="31" hits="6" branch="false" />
                <line number="32" hits="6" branch="false" />
                <line number="33" hits="6" branch="false" />
              </lines>
            </method>
            <method name=".ctor" signature="(...)" line-rate="1" branch-rate="1" complexity="4">
              <lines>
                <line number="9" hits="181" branch="false" />
                <line number="10" hits="181" branch="false" />
                <line number="11" hits="181" branch="true" condition-coverage="100% (4/4)" />
                <line number="12" hits="178" branch="false" />
                <line number="13" hits="178" branch="false" />
                <line number="14" hits="178" branch="false" />
                <line number="15" hits="178" branch="false" />
                <line number="17" hits="3" branch="false" />
                <line number="18" hits="3" branch="false" />
                <line number="21" hits="178" branch="false" />
              </lines>
            </method>
          </methods>
          <lines>
            <line number="7" hits="1144" branch="false" />
            <line number="8" hits="456" branch="false" />
            <line number="9" hits="181" branch="false" />
            <line number="10" hits="181" branch="false" />
            <line number="11" hits="181" branch="true" condition-coverage="100% (4/4)" />
            <line number="12" hits="178" branch="false" />
            <line number="13" hits="178" branch="false" />
            <line number="14" hits="178" branch="false" />
            <line number="15" hits="178" branch="false" />
            <line number="17" hits="3" branch="false" />
            <line number="18" hits="3" branch="false" />
            <line number="21" hits="178" branch="false" />
            <line number="23" hits="178" branch="false" />
            <line number="24" hits="178" branch="false" />
            <line number="25" hits="178" branch="false" />
            <line number="27" hits="12" branch="false" />
            <line number="28" hits="12" branch="true" condition-coverage="50% (2/4)" />
            <line number="29" hits="12" branch="false" />
            <line number="31" hits="6" branch="false" />
            <line number="32" hits="6" branch="false" />
            <line number="33" hits="6" branch="false" />
          </lines>
        </class>
        <class name="DictionaryLib.Handlers" filename="C:\Users\Bogdan\OneDrive - Technical Lyceum NTUU KPI\Навчання\2курс\ASP.NET\Лаби_asp\Лаб1_asp\lab1_asp\DictionaryLib\Handlers.cs" line-rate="0" branch-rate="1" complexity="3">
          <methods>
            <method name="AddItemHandler" signature="(...)" line-rate="0" branch-rate="1" complexity="1">
              <lines>
                <line number="8" hits="0" branch="false" />
                <line number="9" hits="0" branch="false" />
                <line number="10" hits="0" branch="false" />
                <line number="11" hits="0" branch="false" />
                <line number="12" hits="0" branch="false" />
              </lines>
            </method>
            <method name="RemoveItemHandler" signature="(...)" line-rate="0" branch-rate="1" complexity="1">
              <lines>
                <line number="14" hits="0" branch="false" />
                <line number="15" hits="0" branch="false" />
                <line number="16" hits="0" branch="false" />
                <line number="17" hits="0" branch="false" />
                <line number="18" hits="0" branch="false" />
              </lines>
            </method>
            <method name="ClearDictionaryHandler" signature="(...)" line-rate="0" branch-rate="1" complexity="1">
              <lines>
                <line number="20" hits="0" branch="false" />
                <line number="21" hits="0" branch="false" />
                <line number="22" hits="0" branch="false" />
                <line number="23" hits="0" branch="false" />
                <line number="24" hits="0" branch="false" />
              </lines>
            </method>
          </methods>
          <lines>
            <line number="8" hits="0" branch="false" />
            <line number="9" hits="0" branch="false" />
            <line number="10" hits="0" branch="false" />
            <line number="11" hits="0" branch="false" />
            <line number="12" hits="0" branch="false" />
            <line number="14" hits="0" branch="false" />
            <line number="15" hits="0" branch="false" />
            <line number="16" hits="0" branch="false" />
            <line number="17" hits="0" branch="false" />
            <line number="18" hits="0" branch="false" />
            <line number="20" hits="0" branch="false" />
            <line number="21" hits="0" branch="false" />
            <line number="22" hits="0" branch="false" />
            <line number="23" hits="0" branch="false" />
            <line number="24" hits="0" branch="false" />
          </lines>
        </class>
        <class name="DictionaryLib.OwnDictionary`2" filename="C:\Users\Bogdan\OneDrive - Technical Lyceum NTUU KPI\Навчання\2курс\ASP.NET\Лаби_asp\Лаб1_asp\lab1_asp\DictionaryLib\Dictionary.cs" line-rate="0.937007874015748" branch-rate="0.8448275862068966" complexity="61">
          <methods>
            <method name="Add" signature="(...)" line-rate="1" branch-rate="0.6" complexity="10">
              <lines>
                <line number="30" hits="182" branch="false" />
                <line number="31" hits="182" branch="true" condition-coverage="100% (2/2)" />
                <line number="32" hits="1" branch="false" />
                <line number="33" hits="1" branch="true" condition-coverage="50% (1/2)" />
                <line number="35" hits="181" branch="false" />
                <line number="36" hits="178" branch="false" />
                <line number="37" hits="178" branch="false" />
                <line number="38" hits="178" branch="true" condition-coverage="100% (2/2)" />
                <line number="39" hits="83" branch="false" />
                <line number="40" hits="83" branch="false" />
                <line number="41" hits="83" branch="false" />
                <line number="42" hits="83" branch="false" />
                <line number="44" hits="95" branch="false" />
                <line number="45" hits="95" branch="false" />
                <line number="46" hits="95" branch="false" />
                <line number="47" hits="178" branch="true" condition-coverage="25% (1/4)" />
                <line number="48" hits="178" branch="false" />
              </lines>
            </method>
            <method name="Remove" signature="(...)" line-rate="1" branch-rate="0.625" complexity="8">
              <lines>
                <line number="50" hits="5" branch="false" />
                <line number="51" hits="5" branch="true" condition-coverage="100% (2/2)" />
                <line number="52" hits="1" branch="false" />
                <line number="53" hits="1" branch="false" />
                <line number="55" hits="4" branch="true" condition-coverage="100% (2/2)" />
                <line number="56" hits="3" branch="false" />
                <line number="57" hits="3" branch="true" condition-coverage="25% (1/4)" />
                <line number="58" hits="3" branch="false" />
                <line number="60" hits="1" branch="false" />
                <line number="61" hits="4" branch="false" />
              </lines>
            </method>
            <method name="ContainsKey" signature="(...)" line-rate="1" branch-rate="1" complexity="1">
              <lines>
                <line number="63" hits="193" branch="false" />
                <line number="64" hits="193" branch="false" />
                <line number="65" hits="193" branch="false" />
                <line number="66" hits="193" branch="false" />
              </lines>
            </method>
            <method name="FindItemByKey" signature="(...)" line-rate="1" branch-rate="1" complexity="12">
              <lines>
                <line number="68" hits="198" branch="false" />
                <line number="69" hits="2495" branch="true" condition-coverage="100% (2/2)" />
                <line number="70" hits="957" branch="false" />
                <line number="71" hits="957" branch="true" condition-coverage="100% (2/2)" />
                <line number="72" hits="407" branch="false" />
                <line number="73" hits="2760" branch="true" condition-coverage="100% (2/2)" />
                <line number="74" hits="776" branch="false" />
                <line number="75" hits="776" branch="true" condition-coverage="100% (2/2)" />
                <line number="76" hits="13" branch="false" />
                <line number="77" hits="13" branch="true" condition-coverage="100% (2/2)" />
                <line number="78" hits="3" branch="false" />
                <line number="79" hits="3" branch="false" />
                <line number="80" hits="3" branch="false" />
                <line number="81" hits="13" branch="true" condition-coverage="100% (2/2)" />
                <line number="82" hits="1" branch="false" />
                <line number="83" hits="1" branch="false" />
                <line number="84" hits="1" branch="false" />
                <line number="86" hits="12" branch="false" />
                <line number="87" hits="12" branch="false" />
                <line number="88" hits="12" branch="false" />
                <line number="89" hits="13" branch="false" />
                <line number="91" hits="763" branch="false" />
                <line number="92" hits="394" branch="false" />
                <line number="93" hits="944" branch="false" />
                <line number="94" hits="185" branch="false" />
                <line number="95" hits="198" branch="false" />
              </lines>
            </method>
            <method name="ContainsValue" signature="(...)" line-rate="1" branch-rate="1" complexity="10">
              <lines>
                <line number="97" hits="14" branch="false" />
                <line number="98" hits="14" branch="true" condition-coverage="100% (2/2)" />
                <line number="99" hits="1" branch="false" />
                <line number="100" hits="1" branch="false" />
                <line number="102" hits="95" branch="true" condition-coverage="100% (2/2)" />
                <line number="103" hits="34" branch="false" />
                <line number="104" hits="34" branch="true" condition-coverage="100% (2/2)" />
                <line number="105" hits="30" branch="false" />
                <line number="106" hits="210" branch="true" condition-coverage="100% (2/2)" />
                <line number="107" hits="66" branch="false" />
                <line number="108" hits="66" branch="true" condition-coverage="100% (2/2)" />
                <line number="109" hits="12" branch="false" />
                <line number="110" hits="12" branch="false" />
                <line number="112" hits="54" branch="false" />
                <line number="113" hits="18" branch="false" />
                <line number="114" hits="22" branch="false" />
                <line number="115" hits="1" branch="false" />
                <line number="116" hits="13" branch="false" />
              </lines>
            </method>
            <method name="get_Item" signature="(...)" line-rate="1" branch-rate="1" complexity="4">
              <lines>
                <line number="119" hits="3" branch="false" />
                <line number="120" hits="3" branch="true" condition-coverage="100% (2/2)" />
                <line number="121" hits="1" branch="false" />
                <line number="122" hits="1" branch="false" />
                <line number="124" hits="2" branch="false" />
                <line number="125" hits="2" branch="true" condition-coverage="100% (2/2)" />
                <line number="126" hits="1" branch="false" />
                <line number="127" hits="1" branch="false" />
                <line number="130" hits="1" branch="false" />
                <line number="131" hits="1" branch="false" />
                <line number="133" hits="1" branch="false" />
              </lines>
            </method>
            <method name="set_Item" signature="(...)" line-rate="1" branch-rate="1" complexity="4">
              <lines>
                <line number="135" hits="4" branch="false" />
                <line number="136" hits="4" branch="true" condition-coverage="100% (2/2)" />
                <line number="137" hits="3" branch="false" />
                <line number="138" hits="3" branch="true" condition-coverage="100% (2/2)" />
                <line number="139" hits="2" branch="false" />
                <line number="140" hits="2" branch="false" />
                <line number="142" hits="1" branch="false" />
                <line number="144" hits="1" branch="false" />
                <line number="145" hits="1" branch="false" />
                <line number="147" hits="1" branch="false" />
              </lines>
            </method>
            <method name="System.Collections.IEnumerable.GetEnumerator" signature="()" line-rate="0" branch-rate="1" complexity="1">
              <lines>
                <line number="164" hits="0" branch="false" />
                <line number="165" hits="0" branch="false" />
                <line number="166" hits="0" branch="false" />
              </lines>
            </method>
            <method name="Clear" signature="()" line-rate="0" branch-rate="0" complexity="2">
              <lines>
                <line number="169" hits="0" branch="false" />
                <line number="170" hits="0" branch="false" />
                <line number="171" hits="0" branch="true" condition-coverage="0% (0/2)" />
                <line number="172" hits="0" branch="false" />
              </lines>
            </method>
            <method name=".ctor" signature="()" line-rate="0.5" branch-rate="1" complexity="1">
              <lines>
                <line number="11" hits="29" branch="false" />
                <line number="16" hits="0" branch="false" />
              </lines>
            </method>
            <method name=".ctor" signature="(...)" line-rate="1" branch-rate="1" complexity="2">
              <lines>
                <line number="17" hits="29" branch="false" />
                <line number="18" hits="29" branch="false" />
                <line number="19" hits="29" branch="true" condition-coverage="100% (2/2)" />
                <line number="20" hits="28" branch="false" />
                <line number="21" hits="28" branch="false" />
                <line number="22" hits="28" branch="false" />
                <line number="23" hits="28" branch="false" />
                <line number="25" hits="1" branch="false" />
                <line number="26" hits="1" branch="false" />
                <line number="28" hits="28" branch="false" />
              </lines>
            </method>
            <method name="GetEnumerator" signature="()" line-rate="1" branch-rate="1" complexity="6">
              <lines>
                <line number="150" hits="1" branch="false" />
                <line number="151" hits="13" branch="true" condition-coverage="100% (2/2)" />
                <line number="152" hits="5" branch="false" />
                <line number="153" hits="5" branch="true" condition-coverage="100% (2/2)" />
                <line number="154" hits="4" branch="false" />
                <line number="155" hits="30" branch="true" condition-coverage="100% (2/2)" />
                <line number="156" hits="9" branch="false" />
                <line number="157" hits="9" branch="false" />
                <line number="158" hits="9" branch="false" />
                <line number="159" hits="4" branch="false" />
                <line number="160" hits="5" branch="false" />
                <line number="161" hits="1" branch="false" />
              </lines>
            </method>
          </methods>
          <lines>
            <line number="11" hits="29" branch="false" />
            <line number="16" hits="0" branch="false" />
            <line number="17" hits="29" branch="false" />
            <line number="18" hits="29" branch="false" />
            <line number="19" hits="29" branch="true" condition-coverage="100% (2/2)" />
            <line number="20" hits="28" branch="false" />
            <line number="21" hits="28" branch="false" />
            <line number="22" hits="28" branch="false" />
            <line number="23" hits="28" branch="false" />
            <line number="25" hits="1" branch="false" />
            <line number="26" hits="1" branch="false" />
            <line number="28" hits="28" branch="false" />
            <line number="30" hits="182" branch="false" />
            <line number="31" hits="182" branch="true" condition-coverage="100% (2/2)" />
            <line number="32" hits="1" branch="false" />
            <line number="33" hits="1" branch="true" condition-coverage="50% (1/2)" />
            <line number="35" hits="181" branch="false" />
            <line number="36" hits="178" branch="false" />
            <line number="37" hits="178" branch="false" />
            <line number="38" hits="178" branch="true" condition-coverage="100% (2/2)" />
            <line number="39" hits="83" branch="false" />
            <line number="40" hits="83" branch="false" />
            <line number="41" hits="83" branch="false" />
            <line number="42" hits="83" branch="false" />
            <line number="44" hits="95" branch="false" />
            <line number="45" hits="95" branch="false" />
            <line number="46" hits="95" branch="false" />
            <line number="47" hits="178" branch="true" condition-coverage="25% (1/4)" />
            <line number="48" hits="178" branch="false" />
            <line number="50" hits="5" branch="false" />
            <line number="51" hits="5" branch="true" condition-coverage="100% (2/2)" />
            <line number="52" hits="1" branch="false" />
            <line number="53" hits="1" branch="false" />
            <line number="55" hits="4" branch="true" condition-coverage="100% (2/2)" />
            <line number="56" hits="3" branch="false" />
            <line number="57" hits="3" branch="true" condition-coverage="25% (1/4)" />
            <line number="58" hits="3" branch="false" />
            <line number="60" hits="1" branch="false" />
            <line number="61" hits="4" branch="false" />
            <line number="63" hits="193" branch="false" />
            <line number="64" hits="193" branch="false" />
            <line number="65" hits="193" branch="false" />
            <line number="66" hits="193" branch="false" />
            <line number="68" hits="198" branch="false" />
            <line number="69" hits="2495" branch="true" condition-coverage="100% (2/2)" />
            <line number="70" hits="957" branch="false" />
            <line number="71" hits="957" branch="true" condition-coverage="100% (2/2)" />
            <line number="72" hits="407" branch="false" />
            <line number="73" hits="2760" branch="true" condition-coverage="100% (2/2)" />
            <line number="74" hits="776" branch="false" />
            <line number="75" hits="776" branch="true" condition-coverage="100% (2/2)" />
            <line number="76" hits="13" branch="false" />
            <line number="77" hits="13" branch="true" condition-coverage="100% (2/2)" />
            <line number="78" hits="3" branch="false" />
            <line number="79" hits="3" branch="false" />
            <line number="80" hits="3" branch="false" />
            <line number="81" hits="13" branch="true" condition-coverage="100% (2/2)" />
            <line number="82" hits="1" branch="false" />
            <line number="83" hits="1" branch="false" />
            <line number="84" hits="1" branch="false" />
            <line number="86" hits="12" branch="false" />
            <line number="87" hits="12" branch="false" />
            <line number="88" hits="12" branch="false" />
            <line number="89" hits="13" branch="false" />
            <line number="91" hits="763" branch="false" />
            <line number="92" hits="394" branch="false" />
            <line number="93" hits="944" branch="false" />
            <line number="94" hits="185" branch="false" />
            <line number="95" hits="198" branch="false" />
            <line number="97" hits="14" branch="false" />
            <line number="98" hits="14" branch="true" condition-coverage="100% (2/2)" />
            <line number="99" hits="1" branch="false" />
            <line number="100" hits="1" branch="false" />
            <line number="102" hits="95" branch="true" condition-coverage="100% (2/2)" />
            <line number="103" hits="34" branch="false" />
            <line number="104" hits="34" branch="true" condition-coverage="100% (2/2)" />
            <line number="105" hits="30" branch="false" />
            <line number="106" hits="210" branch="true" condition-coverage="100% (2/2)" />
            <line number="107" hits="66" branch="false" />
            <line number="108" hits="66" branch="true" condition-coverage="100% (2/2)" />
            <line number="109" hits="12" branch="false" />
            <line number="110" hits="12" branch="false" />
            <line number="112" hits="54" branch="false" />
            <line number="113" hits="18" branch="false" />
            <line number="114" hits="22" branch="false" />
            <line number="115" hits="1" branch="false" />
            <line number="116" hits="13" branch="false" />
            <line number="119" hits="3" branch="false" />
            <line number="120" hits="3" branch="true" condition-coverage="100% (2/2)" />
            <line number="121" hits="1" branch="false" />
            <line number="122" hits="1" branch="false" />
            <line number="124" hits="2" branch="false" />
            <line number="125" hits="2" branch="true" condition-coverage="100% (2/2)" />
            <line number="126" hits="1" branch="false" />
            <line number="127" hits="1" branch="false" />
            <line number="130" hits="1" branch="false" />
            <line number="131" hits="1" branch="false" />
            <line number="133" hits="1" branch="false" />
            <line number="135" hits="4" branch="false" />
            <line number="136" hits="4" branch="true" condition-coverage="100% (2/2)" />
            <line number="137" hits="3" branch="false" />
            <line number="138" hits="3" branch="true" condition-coverage="100% (2/2)" />
            <line number="139" hits="2" branch="false" />
            <line number="140" hits="2" branch="false" />
            <line number="142" hits="1" branch="false" />
            <line number="144" hits="1" branch="false" />
            <line number="145" hits="1" branch="false" />
            <line number="147" hits="1" branch="false" />
            <line number="150" hits="1" branch="false" />
            <line number="151" hits="13" branch="true" condition-coverage="100% (2/2)" />
            <line number="152" hits="5" branch="false" />
            <line number="153" hits="5" branch="true" condition-coverage="100% (2/2)" />
            <line number="154" hits="4" branch="false" />
            <line number="155" hits="30" branch="true" condition-coverage="100% (2/2)" />
            <line number="156" hits="9" branch="false" />
            <line number="157" hits="9" branch="false" />
            <line number="158" hits="9" branch="false" />
            <line number="159" hits="4" branch="false" />
            <line number="160" hits="5" branch="false" />
            <line number="161" hits="1" branch="false" />
            <line number="164" hits="0" branch="false" />
            <line number="165" hits="0" branch="false" />
            <line number="166" hits="0" branch="false" />
            <line number="169" hits="0" branch="false" />
            <line number="170" hits="0" branch="false" />
            <line number="171" hits="0" branch="true" condition-coverage="0% (0/2)" />
            <line number="172" hits="0" branch="false" />
          </lines>
        </class>
      </classes>
    </package>
    <package name="LinkedListLibrary" line-rate="0.8656716417910447" branch-rate="0.8571428571428571" complexity="22">
      <classes>
        <class name="LinkedListLibrary.ListItem`1" filename="C:\Users\Bogdan\OneDrive - Technical Lyceum NTUU KPI\Навчання\2курс\ASP.NET\Лаби_asp\Лаб1_asp\lab1_asp\LinkedListLibrary\ListItem.cs" line-rate="0.8666666666666667" branch-rate="0.5" complexity="5">
          <methods>
            <method name="get_Data" signature="()" line-rate="1" branch-rate="1" complexity="1">
              <lines>
                <line number="10" hits="857" branch="false" />
              </lines>
            </method>
            <method name="set_Data" signature="(...)" line-rate="0.75" branch-rate="0.5" complexity="2">
              <lines>
                <line number="12" hits="178" branch="false" />
                <line number="13" hits="178" branch="true" condition-coverage="50% (1/2)" />
                <line number="14" hits="178" branch="false" />
                <line number="15" hits="178" branch="false" />
                <line number="16" hits="178" branch="false" />
                <line number="18" hits="0" branch="false" />
                <line number="19" hits="0" branch="false" />
                <line number="21" hits="178" branch="false" />
              </lines>
            </method>
            <method name="get_Next" signature="()" line-rate="1" branch-rate="1" complexity="1">
              <lines>
                <line number="23" hits="1136" branch="false" />
              </lines>
            </method>
            <method name=".ctor" signature="(...)" line-rate="0.8666666666666667" branch-rate="0.5" complexity="1">
              <lines>
                <line number="7" hits="178" branch="false" />
                <line number="10" hits="857" branch="false" />
                <line number="12" hits="178" branch="false" />
                <line number="13" hits="178" branch="true" condition-coverage="50% (1/2)" />
                <line number="14" hits="178" branch="false" />
                <line number="15" hits="178" branch="false" />
                <line number="16" hits="178" branch="false" />
                <line number="18" hits="0" branch="false" />
                <line number="19" hits="0" branch="false" />
                <line number="21" hits="178" branch="false" />
                <line number="23" hits="1136" branch="false" />
                <line number="24" hits="178" branch="false" />
                <line number="25" hits="178" branch="false" />
                <line number="26" hits="178" branch="false" />
                <line number="27" hits="178" branch="false" />
              </lines>
            </method>
          </methods>
          <lines>
            <line number="7" hits="178" branch="false" />
            <line number="10" hits="857" branch="false" />
            <line number="12" hits="178" branch="false" />
            <line number="13" hits="178" branch="true" condition-coverage="50% (1/2)" />
            <line number="14" hits="178" branch="false" />
            <line number="15" hits="178" branch="false" />
            <line number="16" hits="178" branch="false" />
            <line number="18" hits="0" branch="false" />
            <line number="19" hits="0" branch="false" />
            <line number="21" hits="178" branch="false" />
            <line number="23" hits="1136" branch="false" />
            <line number="24" hits="178" branch="false" />
            <line number="25" hits="178" branch="false" />
            <line number="26" hits="178" branch="false" />
            <line number="27" hits="178" branch="false" />
          </lines>
        </class>
        <class name="LinkedListLibrary.OwnLinkedList`1" filename="C:\Users\Bogdan\OneDrive - Technical Lyceum NTUU KPI\Навчання\2курс\ASP.NET\Лаби_asp\Лаб1_asp\lab1_asp\LinkedListLibrary\OwnLinkedList.cs" line-rate="0.8653846153846154" branch-rate="0.9166666666666666" complexity="17">
          <methods>
            <method name="get_Head" signature="()" line-rate="1" branch-rate="1" complexity="1">
              <lines>
                <line number="9" hits="890" branch="false" />
              </lines>
            </method>
            <method name="Add" signature="(...)" line-rate="1" branch-rate="1" complexity="4">
              <lines>
                <line number="20" hits="178" branch="false" />
                <line number="21" hits="178" branch="true" condition-coverage="100% (2/2)" />
                <line number="22" hits="95" branch="false" />
                <line number="23" hits="95" branch="false" />
                <line number="24" hits="95" branch="false" />
                <line number="25" hits="152" branch="true" condition-coverage="100% (2/2)" />
                <line number="26" hits="57" branch="false" />
                <line number="27" hits="57" branch="false" />
                <line number="28" hits="57" branch="false" />
                <line number="29" hits="95" branch="false" />
                <line number="30" hits="95" branch="false" />
                <line number="32" hits="83" branch="false" />
                <line number="33" hits="83" branch="false" />
                <line number="34" hits="83" branch="false" />
                <line number="35" hits="178" branch="false" />
              </lines>
            </method>
            <method name="Remove" signature="(...)" line-rate="1" branch-rate="0.8333333333333334" complexity="6">
              <lines>
                <line number="38" hits="3" branch="false" />
                <line number="39" hits="6" branch="false" />
                <line number="40" hits="3" branch="true" condition-coverage="100% (2/2)" />
                <line number="41" hits="2" branch="false" />
                <line number="42" hits="2" branch="false" />
                <line number="43" hits="2" branch="false" />
                <line number="45" hits="3" branch="true" condition-coverage="75% (3/4)" />
                <line number="46" hits="2" branch="false" />
                <line number="47" hits="2" branch="false" />
                <line number="48" hits="2" branch="false" />
                <line number="49" hits="2" branch="false" />
                <line number="50" hits="1" branch="false" />
                <line number="51" hits="3" branch="false" />
              </lines>
            </method>
            <method name="SetHead" signature="(...)" line-rate="1" branch-rate="1" complexity="1">
              <lines>
                <line number="53" hits="83" branch="false" />
                <line number="54" hits="83" branch="false" />
                <line number="55" hits="83" branch="false" />
                <line number="56" hits="83" branch="false" />
              </lines>
            </method>
            <method name="System.Collections.IEnumerable.GetEnumerator" signature="()" line-rate="0" branch-rate="1" complexity="1">
              <lines>
                <line number="68" hits="0" branch="false" />
                <line number="69" hits="0" branch="false" />
                <line number="70" hits="0" branch="false" />
              </lines>
            </method>
            <method name=".ctor" signature="()" line-rate="1" branch-rate="1" complexity="1">
              <lines>
                <line number="10" hits="83" branch="false" />
                <line number="11" hits="83" branch="false" />
                <line number="12" hits="83" branch="false" />
                <line number="13" hits="83" branch="false" />
              </lines>
            </method>
            <method name=".ctor" signature="(...)" line-rate="0" branch-rate="1" complexity="1">
              <lines>
                <line number="14" hits="0" branch="false" />
                <line number="15" hits="0" branch="false" />
                <line number="16" hits="0" branch="false" />
                <line number="17" hits="0" branch="false" />
              </lines>
            </method>
            <method name="GetEnumerator" signature="()" line-rate="1" branch-rate="1" complexity="2">
              <lines>
                <line number="59" hits="441" branch="false" />
                <line number="60" hits="441" branch="false" />
                <line number="61" hits="1267" branch="true" condition-coverage="100% (2/2)" />
                <line number="62" hits="851" branch="false" />
                <line number="63" hits="851" branch="false" />
                <line number="64" hits="826" branch="false" />
                <line number="65" hits="826" branch="false" />
                <line number="66" hits="416" branch="false" />
              </lines>
            </method>
          </methods>
          <lines>
            <line number="9" hits="890" branch="false" />
            <line number="10" hits="83" branch="false" />
            <line number="11" hits="83" branch="false" />
            <line number="12" hits="83" branch="false" />
            <line number="13" hits="83" branch="false" />
            <line number="14" hits="0" branch="false" />
            <line number="15" hits="0" branch="false" />
            <line number="16" hits="0" branch="false" />
            <line number="17" hits="0" branch="false" />
            <line number="20" hits="178" branch="false" />
            <line number="21" hits="178" branch="true" condition-coverage="100% (2/2)" />
            <line number="22" hits="95" branch="false" />
            <line number="23" hits="95" branch="false" />
            <line number="24" hits="95" branch="false" />
            <line number="25" hits="152" branch="true" condition-coverage="100% (2/2)" />
            <line number="26" hits="57" branch="false" />
            <line number="27" hits="57" branch="false" />
            <line number="28" hits="57" branch="false" />
            <line number="29" hits="95" branch="false" />
            <line number="30" hits="95" branch="false" />
            <line number="32" hits="83" branch="false" />
            <line number="33" hits="83" branch="false" />
            <line number="34" hits="83" branch="false" />
            <line number="35" hits="178" branch="false" />
            <line number="38" hits="3" branch="false" />
            <line number="39" hits="6" branch="false" />
            <line number="40" hits="3" branch="true" condition-coverage="100% (2/2)" />
            <line number="41" hits="2" branch="false" />
            <line number="42" hits="2" branch="false" />
            <line number="43" hits="2" branch="false" />
            <line number="45" hits="3" branch="true" condition-coverage="75% (3/4)" />
            <line number="46" hits="2" branch="false" />
            <line number="47" hits="2" branch="false" />
            <line number="48" hits="2" branch="false" />
            <line number="49" hits="2" branch="false" />
            <line number="50" hits="1" branch="false" />
            <line number="51" hits="3" branch="false" />
            <line number="53" hits="83" branch="false" />
            <line number="54" hits="83" branch="false" />
            <line number="55" hits="83" branch="false" />
            <line number="56" hits="83" branch="false" />
            <line number="59" hits="441" branch="false" />
            <line number="60" hits="441" branch="false" />
            <line number="61" hits="1267" branch="true" condition-coverage="100% (2/2)" />
            <line number="62" hits="851" branch="false" />
            <line number="63" hits="851" branch="false" />
            <line number="64" hits="826" branch="false" />
            <line number="65" hits="826" branch="false" />
            <line number="66" hits="416" branch="false" />
            <line number="68" hits="0" branch="false" />
            <line number="69" hits="0" branch="false" />
            <line number="70" hits="0" branch="false" />
          </lines>
        </class>
      </classes>
    </package>
    <package name="TestProject1" line-rate="0.9861111111111112" branch-rate="1" complexity="18">
      <classes>
        <class name="AutoGeneratedProgram" filename="C:\Users\Bogdan\.nuget\packages\microsoft.net.test.sdk\16.11.0\build\netcoreapp2.1\Microsoft.NET.Test.Sdk.Program.cs" line-rate="0" branch-rate="1" complexity="1">
          <methods>
            <method name="Main" signature="(...)" line-rate="0" branch-rate="1" complexity="1">
              <lines>
                <line number="4" hits="0" branch="false" />
              </lines>
            </method>
          </methods>
          <lines>
            <line number="4" hits="0" branch="false" />
          </lines>
        </class>
        <class name="TestProject1.DictionaryTest" filename="C:\Users\Bogdan\OneDrive - Technical Lyceum NTUU KPI\Навчання\2курс\ASP.NET\Лаби_asp\Лаб1_asp\lab1_asp\TestProject1\DictionaryTest.cs" line-rate="1" branch-rate="1" complexity="17">
          <methods>
            <method name="InitializeDictionaryWithIncorrectCapacity" signature="()" line-rate="1" branch-rate="1" complexity="1">
              <lines>
                <line number="12" hits="1" branch="false" />
                <line number="13" hits="3" branch="false" />
                <line number="14" hits="1" branch="false" />
              </lines>
            </method>
            <method name="AddWithoutException" signature="(...)" line-rate="1" branch-rate="1" complexity="1">
              <lines>
                <line number="24" hits="7" branch="false" />
                <line number="25" hits="7" branch="false" />
                <line number="26" hits="7" branch="false" />
                <line number="27" hits="7" branch="false" />
              </lines>
            </method>
            <method name="AddWithException" signature="(...)" line-rate="1" branch-rate="1" complexity="1">
              <lines>
                <line number="34" hits="4" branch="false" />
                <line number="35" hits="4" branch="false" />
                <line number="36" hits="8" branch="false" />
                <line number="37" hits="4" branch="false" />
              </lines>
            </method>
            <method name="RemoveExistingItems" signature="(...)" line-rate="1" branch-rate="1" complexity="1">
              <lines>
                <line number="43" hits="3" branch="false" />
                <line number="44" hits="3" branch="false" />
                <line number="45" hits="3" branch="false" />
                <line number="46" hits="3" branch="false" />
              </lines>
            </method>
            <method name="RemoveNotExistingItems" signature="()" line-rate="1" branch-rate="1" complexity="1">
              <lines>
                <line number="49" hits="1" branch="false" />
                <line number="50" hits="1" branch="false" />
                <line number="51" hits="1" branch="false" />
                <line number="52" hits="1" branch="false" />
              </lines>
            </method>
            <method name="RemoveWithException" signature="()" line-rate="1" branch-rate="1" complexity="1">
              <lines>
                <line number="55" hits="1" branch="false" />
                <line number="56" hits="2" branch="false" />
                <line number="57" hits="1" branch="false" />
              </lines>
            </method>
            <method name="ContainsValue_True" signature="()" line-rate="1" branch-rate="1" complexity="1">
              <lines>
                <line number="60" hits="1" branch="false" />
                <line number="61" hits="1" branch="false" />
                <line number="62" hits="1" branch="false" />
                <line number="63" hits="1" branch="false" />
              </lines>
            </method>
            <method name="ContainsValue_False" signature="()" line-rate="1" branch-rate="1" complexity="1">
              <lines>
                <line number="66" hits="1" branch="false" />
                <line number="67" hits="1" branch="false" />
                <line number="68" hits="1" branch="false" />
                <line number="69" hits="1" branch="false" />
              </lines>
            </method>
            <method name="ContainsValue_Exception" signature="()" line-rate="1" branch-rate="1" complexity="1">
              <lines>
                <line number="72" hits="1" branch="false" />
                <line number="73" hits="1" branch="false" />
                <line number="74" hits="2" branch="false" />
                <line number="75" hits="1" branch="false" />
              </lines>
            </method>
            <method name="Indexer_SetCorrect" signature="()" line-rate="1" branch-rate="1" complexity="1">
              <lines>
                <line number="78" hits="1" branch="false" />
                <line number="79" hits="1" branch="false" />
                <line number="80" hits="1" branch="false" />
                <line number="81" hits="1" branch="false" />
                <line number="82" hits="1" branch="false" />
              </lines>
            </method>
            <method name="Indexer_SetInCorrect" signature="(...)" line-rate="1" branch-rate="1" complexity="1">
              <lines>
                <line number="88" hits="3" branch="false" />
                <line number="89" hits="3" branch="false" />
                <line number="90" hits="6" branch="false" />
                <line number="91" hits="3" branch="false" />
              </lines>
            </method>
            <method name="Enumerator" signature="()" line-rate="1" branch-rate="1" complexity="2">
              <lines>
                <line number="94" hits="1" branch="false" />
                <line number="95" hits="1" branch="false" />
                <line number="96" hits="21" branch="true" condition-coverage="100% (2/2)" />
                <line number="97" hits="9" branch="false" />
                <line number="98" hits="9" branch="false" />
                <line number="99" hits="9" branch="false" />
                <line number="100" hits="1" branch="false" />
              </lines>
            </method>
            <method name="Indexer_GetCorrect" signature="()" line-rate="1" branch-rate="1" complexity="1">
              <lines>
                <line number="103" hits="1" branch="false" />
                <line number="104" hits="1" branch="false" />
                <line number="105" hits="1" branch="false" />
                <line number="106" hits="1" branch="false" />
                <line number="107" hits="1" branch="false" />
              </lines>
            </method>
            <method name="Indexer_GetInCorrect" signature="(...)" line-rate="1" branch-rate="1" complexity="1">
              <lines>
                <line number="112" hits="2" branch="false" />
                <line number="113" hits="2" branch="false" />
                <line number="114" hits="4" branch="false" />
                <line number="115" hits="2" branch="false" />
              </lines>
            </method>
            <method name="FillDictionary" signature="()" line-rate="1" branch-rate="1" complexity="1">
              <lines>
                <line number="117" hits="19" branch="false" />
                <line number="118" hits="19" branch="false" />
                <line number="119" hits="19" branch="false" />
                <line number="120" hits="19" branch="false" />
                <line number="121" hits="19" branch="false" />
                <line number="122" hits="19" branch="false" />
                <line number="123" hits="19" branch="false" />
                <line number="124" hits="19" branch="false" />
                <line number="125" hits="19" branch="false" />
                <line number="126" hits="19" branch="false" />
                <line number="127" hits="19" branch="false" />
              </lines>
            </method>
            <method name=".ctor" signature="()" line-rate="1" branch-rate="1" complexity="1">
              <lines>
                <line number="9" hits="28" branch="false" />
              </lines>
            </method>
          </methods>
          <lines>
            <line number="9" hits="28" branch="false" />
            <line number="12" hits="1" branch="false" />
            <line number="13" hits="3" branch="false" />
            <line number="14" hits="1" branch="false" />
            <line number="24" hits="7" branch="false" />
            <line number="25" hits="7" branch="false" />
            <line number="26" hits="7" branch="false" />
            <line number="27" hits="7" branch="false" />
            <line number="34" hits="4" branch="false" />
            <line number="35" hits="4" branch="false" />
            <line number="36" hits="8" branch="false" />
            <line number="37" hits="4" branch="false" />
            <line number="43" hits="3" branch="false" />
            <line number="44" hits="3" branch="false" />
            <line number="45" hits="3" branch="false" />
            <line number="46" hits="3" branch="false" />
            <line number="49" hits="1" branch="false" />
            <line number="50" hits="1" branch="false" />
            <line number="51" hits="1" branch="false" />
            <line number="52" hits="1" branch="false" />
            <line number="55" hits="1" branch="false" />
            <line number="56" hits="2" branch="false" />
            <line number="57" hits="1" branch="false" />
            <line number="60" hits="1" branch="false" />
            <line number="61" hits="1" branch="false" />
            <line number="62" hits="1" branch="false" />
            <line number="63" hits="1" branch="false" />
            <line number="66" hits="1" branch="false" />
            <line number="67" hits="1" branch="false" />
            <line number="68" hits="1" branch="false" />
            <line number="69" hits="1" branch="false" />
            <line number="72" hits="1" branch="false" />
            <line number="73" hits="1" branch="false" />
            <line number="74" hits="2" branch="false" />
            <line number="75" hits="1" branch="false" />
            <line number="78" hits="1" branch="false" />
            <line number="79" hits="1" branch="false" />
            <line number="80" hits="1" branch="false" />
            <line number="81" hits="1" branch="false" />
            <line number="82" hits="1" branch="false" />
            <line number="88" hits="3" branch="false" />
            <line number="89" hits="3" branch="false" />
            <line number="90" hits="6" branch="false" />
            <line number="91" hits="3" branch="false" />
            <line number="94" hits="1" branch="false" />
            <line number="95" hits="1" branch="false" />
            <line number="96" hits="21" branch="true" condition-coverage="100% (2/2)" />
            <line number="97" hits="9" branch="false" />
            <line number="98" hits="9" branch="false" />
            <line number="99" hits="9" branch="false" />
            <line number="100" hits="1" branch="false" />
            <line number="103" hits="1" branch="false" />
            <line number="104" hits="1" branch="false" />
            <line number="105" hits="1" branch="false" />
            <line number="106" hits="1" branch="false" />
            <line number="107" hits="1" branch="false" />
            <line number="112" hits="2" branch="false" />
            <line number="113" hits="2" branch="false" />
            <line number="114" hits="4" branch="false" />
            <line number="115" hits="2" branch="false" />
            <line number="117" hits="19" branch="false" />
            <line number="118" hits="19" branch="false" />
            <line number="119" hits="19" branch="false" />
            <line number="120" hits="19" branch="false" />
            <line number="121" hits="19" branch="false" />
            <line number="122" hits="19" branch="false" />
            <line number="123" hits="19" branch="false" />
            <line number="124" hits="19" branch="false" />
            <line number="125" hits="19" branch="false" />
            <line number="126" hits="19" branch="false" />
            <line number="127" hits="19" branch="false" />
          </lines>
        </class>
      </classes>
    </package>
  </packages>
</coverage>