TpTrace Verbose: 0 : 16772, 1, 2022/04/17, 21:17:30.369, 21617819891177, vstest.console.dll, Version: 17.1.0-release-20220113-05
TpTrace Information: 0 : 16772, 1, 2022/04/17, 21:17:30.389, 21617820051616, vstest.console.dll, FilePatternParser: The given file C:\Users\Bogdan\OneDrive - Technical Lyceum NTUU KPI\Навчання\2курс\ASP.NET\Лаби_asp\Лаб1_asp\lab1_asp\TestProject1\bin\Debug\net6.0\fine-code-coverage\build-output\TestProject1.dll is a full path.
TpTrace Verbose: 0 : 16772, 1, 2022/04/17, 21:17:30.402, 21617820181404, vstest.console.dll, TestPluginCache.DiscoverTestExtensions: finding test extensions in assemblies ends with: RuntimeProvider.dll TPluginInfo: Microsoft.VisualStudio.TestPlatform.Common.ExtensionFramework.Utilities.TestRuntimePluginInformation TExtension: Microsoft.VisualStudio.TestPlatform.ObjectModel.Host.ITestRuntimeProvider
TpTrace Verbose: 0 : 16772, 1, 2022/04/17, 21:17:30.402, 21617820187961, vstest.console.dll, TestPluginCache.GetExtensionPaths: Filtered extension paths: 
TpTrace Verbose: 0 : 16772, 1, 2022/04/17, 21:17:30.403, 21617820189981, vstest.console.dll, TestPluginCache.GetExtensionPaths: Added default extension paths: C:\Program Files\dotnet\sdk\6.0.202\Extensions\DumpMinitool.exe
C:\Program Files\dotnet\sdk\6.0.202\Extensions\DumpMinitool.x86.exe
C:\Program Files\dotnet\sdk\6.0.202\Extensions\Microsoft.Diagnostics.NETCore.Client.dll
C:\Program Files\dotnet\sdk\6.0.202\Extensions\Microsoft.TestPlatform.Extensions.BlameDataCollector.dll
C:\Program Files\dotnet\sdk\6.0.202\Extensions\Microsoft.TestPlatform.Extensions.EventLogCollector.dll
C:\Program Files\dotnet\sdk\6.0.202\Extensions\Microsoft.TestPlatform.TestHostRuntimeProvider.dll
C:\Program Files\dotnet\sdk\6.0.202\Extensions\Microsoft.VisualStudio.TestPlatform.Extensions.Html.TestLogger.dll
C:\Program Files\dotnet\sdk\6.0.202\Extensions\Microsoft.VisualStudio.TestPlatform.Extensions.Trx.TestLogger.dll
TpTrace Verbose: 0 : 16772, 1, 2022/04/17, 21:17:30.403, 21617820190840, vstest.console.dll, TestPluginCache.GetExtensionPaths: Added unfilterableExtensionPaths: 
TpTrace Information: 0 : 16772, 1, 2022/04/17, 21:17:30.405, 21617820211260, vstest.console.dll, AssemblyResolver.ctor: Creating AssemblyResolver with searchDirectories C:\Program Files\dotnet\sdk\6.0.202\Extensions,C:\Program Files\dotnet\sdk\6.0.202
TpTrace Verbose: 0 : 16772, 1, 2022/04/17, 21:17:30.406, 21617820221417, vstest.console.dll, TestPluginCache.DiscoverTestExtensions: Discovering the extensions using extension path.
TpTrace Verbose: 0 : 16772, 1, 2022/04/17, 21:17:30.406, 21617820223270, vstest.console.dll, TestPluginCache.GetExtensionPaths: Filtered extension paths: 
TpTrace Verbose: 0 : 16772, 1, 2022/04/17, 21:17:30.406, 21617820223881, vstest.console.dll, TestPluginCache.GetExtensionPaths: Added default extension paths: C:\Program Files\dotnet\sdk\6.0.202\Extensions\DumpMinitool.exe
C:\Program Files\dotnet\sdk\6.0.202\Extensions\DumpMinitool.x86.exe
C:\Program Files\dotnet\sdk\6.0.202\Extensions\Microsoft.Diagnostics.NETCore.Client.dll
C:\Program Files\dotnet\sdk\6.0.202\Extensions\Microsoft.TestPlatform.Extensions.BlameDataCollector.dll
C:\Program Files\dotnet\sdk\6.0.202\Extensions\Microsoft.TestPlatform.Extensions.EventLogCollector.dll
C:\Program Files\dotnet\sdk\6.0.202\Extensions\Microsoft.TestPlatform.TestHostRuntimeProvider.dll
C:\Program Files\dotnet\sdk\6.0.202\Extensions\Microsoft.VisualStudio.TestPlatform.Extensions.Html.TestLogger.dll
C:\Program Files\dotnet\sdk\6.0.202\Extensions\Microsoft.VisualStudio.TestPlatform.Extensions.Trx.TestLogger.dll
TpTrace Verbose: 0 : 16772, 1, 2022/04/17, 21:17:30.406, 21617820224677, vstest.console.dll, TestPluginCache.GetExtensionPaths: Added unfilterableExtensionPaths: 
TpTrace Verbose: 0 : 16772, 1, 2022/04/17, 21:17:30.406, 21617820226010, vstest.console.dll, TestPluginCache.DiscoverTestExtensions: Discovering the extensions using allExtensionPaths: C:\Program Files\dotnet\sdk\6.0.202\Extensions\DumpMinitool.exe
C:\Program Files\dotnet\sdk\6.0.202\Extensions\DumpMinitool.x86.exe
C:\Program Files\dotnet\sdk\6.0.202\Extensions\Microsoft.Diagnostics.NETCore.Client.dll
C:\Program Files\dotnet\sdk\6.0.202\Extensions\Microsoft.TestPlatform.Extensions.BlameDataCollector.dll
C:\Program Files\dotnet\sdk\6.0.202\Extensions\Microsoft.TestPlatform.Extensions.EventLogCollector.dll
C:\Program Files\dotnet\sdk\6.0.202\Extensions\Microsoft.TestPlatform.TestHostRuntimeProvider.dll
C:\Program Files\dotnet\sdk\6.0.202\Extensions\Microsoft.VisualStudio.TestPlatform.Extensions.Html.TestLogger.dll
C:\Program Files\dotnet\sdk\6.0.202\Extensions\Microsoft.VisualStudio.TestPlatform.Extensions.Trx.TestLogger.dll
TpTrace Information: 0 : 16772, 1, 2022/04/17, 21:17:30.407, 21617820228576, vstest.console.dll, AssemblyResolver.AddSearchDirectories: Adding more searchDirectories C:\Program Files\dotnet\sdk\6.0.202\Extensions,C:\Program Files\dotnet\sdk\6.0.202
TpTrace Information: 0 : 16772, 1, 2022/04/17, 21:17:30.407, 21617820229636, vstest.console.dll, AssemblyResolver.AddSearchDirectories: Adding more searchDirectories C:\Program Files\dotnet\sdk\6.0.202\Extensions,C:\Program Files\dotnet\sdk\6.0.202
TpTrace Information: 0 : 16772, 1, 2022/04/17, 21:17:30.407, 21617820230425, vstest.console.dll, AssemblyResolver.AddSearchDirectories: Adding more searchDirectories C:\Program Files\dotnet\sdk\6.0.202\Extensions,C:\Program Files\dotnet\sdk\6.0.202
TpTrace Information: 0 : 16772, 1, 2022/04/17, 21:17:30.407, 21617820231056, vstest.console.dll, AssemblyResolver.AddSearchDirectories: Adding more searchDirectories C:\Program Files\dotnet\sdk\6.0.202\Extensions,C:\Program Files\dotnet\sdk\6.0.202
TpTrace Information: 0 : 16772, 1, 2022/04/17, 21:17:30.407, 21617820231523, vstest.console.dll, AssemblyResolver.AddSearchDirectories: Adding more searchDirectories C:\Program Files\dotnet\sdk\6.0.202\Extensions,C:\Program Files\dotnet\sdk\6.0.202
TpTrace Information: 0 : 16772, 1, 2022/04/17, 21:17:30.407, 21617820232265, vstest.console.dll, AssemblyResolver.AddSearchDirectories: Adding more searchDirectories C:\Program Files\dotnet\sdk\6.0.202\Extensions,C:\Program Files\dotnet\sdk\6.0.202
TpTrace Information: 0 : 16772, 1, 2022/04/17, 21:17:30.407, 21617820232894, vstest.console.dll, AssemblyResolver.AddSearchDirectories: Adding more searchDirectories C:\Program Files\dotnet\sdk\6.0.202\Extensions,C:\Program Files\dotnet\sdk\6.0.202
TpTrace Information: 0 : 16772, 1, 2022/04/17, 21:17:30.407, 21617820233520, vstest.console.dll, AssemblyResolver.AddSearchDirectories: Adding more searchDirectories C:\Program Files\dotnet\sdk\6.0.202\Extensions,C:\Program Files\dotnet\sdk\6.0.202
TpTrace Information: 0 : 16772, 1, 2022/04/17, 21:17:30.408, 21617820239168, vstest.console.dll, AssemblyResolver.OnResolve: DumpMinitool: Resolving assembly.
TpTrace Information: 0 : 16772, 1, 2022/04/17, 21:17:30.408, 21617820240145, vstest.console.dll, AssemblyResolver.OnResolve: DumpMinitool: Searching in: 'C:\Program Files\dotnet\sdk\6.0.202\Extensions'.
TpTrace Information: 0 : 16772, 1, 2022/04/17, 21:17:30.408, 21617820241823, vstest.console.dll, AssemblyResolver.OnResolve: DumpMinitool: Assembly path does not exist: 'C:\Program Files\dotnet\sdk\6.0.202\Extensions\DumpMinitool.dll', returning.
TpTrace Information: 0 : 16772, 1, 2022/04/17, 21:17:30.409, 21617820253744, vstest.console.dll, AssemblyResolver.OnResolve: DumpMinitool: Loading assembly 'C:\Program Files\dotnet\sdk\6.0.202\Extensions\DumpMinitool.exe'.
TpTrace Information: 0 : 16772, 1, 2022/04/17, 21:17:30.410, 21617820262966, vstest.console.dll, AssemblyResolver.OnResolve: Resolved assembly: DumpMinitool, from path: C:\Program Files\dotnet\sdk\6.0.202\Extensions\DumpMinitool.exe
TpTrace Information: 0 : 16772, 1, 2022/04/17, 21:17:30.416, 21617820325855, vstest.console.dll, AssemblyResolver.OnResolve: DumpMinitool.x86: Resolving assembly.
TpTrace Information: 0 : 16772, 1, 2022/04/17, 21:17:30.416, 21617820327404, vstest.console.dll, AssemblyResolver.OnResolve: DumpMinitool.x86: Searching in: 'C:\Program Files\dotnet\sdk\6.0.202\Extensions'.
TpTrace Information: 0 : 16772, 1, 2022/04/17, 21:17:30.417, 21617820329285, vstest.console.dll, AssemblyResolver.OnResolve: DumpMinitool.x86: Assembly path does not exist: 'C:\Program Files\dotnet\sdk\6.0.202\Extensions\DumpMinitool.x86.dll', returning.
TpTrace Information: 0 : 16772, 1, 2022/04/17, 21:17:30.418, 21617820341385, vstest.console.dll, AssemblyResolver.OnResolve: DumpMinitool.x86: Loading assembly 'C:\Program Files\dotnet\sdk\6.0.202\Extensions\DumpMinitool.x86.exe'.
TpTrace Information: 0 : 16772, 1, 2022/04/17, 21:17:30.419, 21617820349756, vstest.console.dll, AssemblyResolver.OnResolve: Resolved assembly: DumpMinitool.x86, from path: C:\Program Files\dotnet\sdk\6.0.202\Extensions\DumpMinitool.x86.exe
TpTrace Information: 0 : 16772, 1, 2022/04/17, 21:17:30.419, 21617820355247, vstest.console.dll, AssemblyResolver.OnResolve: Microsoft.Diagnostics.NETCore.Client: Resolving assembly.
TpTrace Information: 0 : 16772, 1, 2022/04/17, 21:17:30.419, 21617820356162, vstest.console.dll, AssemblyResolver.OnResolve: Microsoft.Diagnostics.NETCore.Client: Searching in: 'C:\Program Files\dotnet\sdk\6.0.202\Extensions'.
TpTrace Information: 0 : 16772, 1, 2022/04/17, 21:17:30.421, 21617820371673, vstest.console.dll, AssemblyResolver.OnResolve: Microsoft.Diagnostics.NETCore.Client: Loading assembly 'C:\Program Files\dotnet\sdk\6.0.202\Extensions\Microsoft.Diagnostics.NETCore.Client.dll'.
TpTrace Information: 0 : 16772, 1, 2022/04/17, 21:17:30.423, 21617820390252, vstest.console.dll, AssemblyResolver.OnResolve: Resolved assembly: Microsoft.Diagnostics.NETCore.Client, from path: C:\Program Files\dotnet\sdk\6.0.202\Extensions\Microsoft.Diagnostics.NETCore.Client.dll
TpTrace Information: 0 : 16772, 1, 2022/04/17, 21:17:30.427, 21617820433298, vstest.console.dll, AssemblyResolver.OnResolve: Microsoft.Bcl.AsyncInterfaces: Resolving assembly.
TpTrace Information: 0 : 16772, 1, 2022/04/17, 21:17:30.427, 21617820434482, vstest.console.dll, AssemblyResolver.OnResolve: Microsoft.Bcl.AsyncInterfaces: Searching in: 'C:\Program Files\dotnet\sdk\6.0.202\Extensions'.
TpTrace Information: 0 : 16772, 1, 2022/04/17, 21:17:30.427, 21617820435313, vstest.console.dll, AssemblyResolver.OnResolve: Microsoft.Bcl.AsyncInterfaces: Assembly path does not exist: 'C:\Program Files\dotnet\sdk\6.0.202\Extensions\Microsoft.Bcl.AsyncInterfaces.dll', returning.
TpTrace Information: 0 : 16772, 1, 2022/04/17, 21:17:30.427, 21617820436078, vstest.console.dll, AssemblyResolver.OnResolve: Microsoft.Bcl.AsyncInterfaces: Assembly path does not exist: 'C:\Program Files\dotnet\sdk\6.0.202\Extensions\Microsoft.Bcl.AsyncInterfaces.exe', returning.
TpTrace Information: 0 : 16772, 1, 2022/04/17, 21:17:30.427, 21617820436449, vstest.console.dll, AssemblyResolver.OnResolve: Microsoft.Bcl.AsyncInterfaces: Searching in: 'C:\Program Files\dotnet\sdk\6.0.202'.
TpTrace Information: 0 : 16772, 1, 2022/04/17, 21:17:30.427, 21617820437071, vstest.console.dll, AssemblyResolver.OnResolve: Microsoft.Bcl.AsyncInterfaces: Assembly path does not exist: 'C:\Program Files\dotnet\sdk\6.0.202\Microsoft.Bcl.AsyncInterfaces.dll', returning.
TpTrace Information: 0 : 16772, 1, 2022/04/17, 21:17:30.427, 21617820437709, vstest.console.dll, AssemblyResolver.OnResolve: Microsoft.Bcl.AsyncInterfaces: Assembly path does not exist: 'C:\Program Files\dotnet\sdk\6.0.202\Microsoft.Bcl.AsyncInterfaces.exe', returning.
TpTrace Information: 0 : 16772, 1, 2022/04/17, 21:17:30.427, 21617820438197, vstest.console.dll, AssemblyResolver.OnResolve: Microsoft.Bcl.AsyncInterfaces: Failed to load assembly.
TpTrace Verbose: 0 : 16772, 1, 2022/04/17, 21:17:30.428, 21617820438686, vstest.console.dll, CurrentDomainAssemblyResolve: Resolving assembly 'Microsoft.Bcl.AsyncInterfaces'.
TpTrace Information: 0 : 16772, 1, 2022/04/17, 21:17:30.428, 21617820439383, vstest.console.dll, AssemblyResolver.OnResolve: Microsoft.Bcl.AsyncInterfaces: Resolving assembly.
TpTrace Information: 0 : 16772, 1, 2022/04/17, 21:17:30.428, 21617820439850, vstest.console.dll, AssemblyResolver.OnResolve: Microsoft.Bcl.AsyncInterfaces: Resolved from cache.
TpTrace Verbose: 0 : 16772, 1, 2022/04/17, 21:17:30.428, 21617820440265, vstest.console.dll, CurrentDomainAssemblyResolve: Resolving assembly 'Microsoft.Bcl.AsyncInterfaces'.
TpTrace Verbose: 0 : 16772, 1, 2022/04/17, 21:17:30.428, 21617820440798, vstest.console.dll, CurrentDomainAssemblyResolve: Failed to resolve assembly 'Microsoft.Bcl.AsyncInterfaces'.
TpTrace Verbose: 0 : 16772, 1, 2022/04/17, 21:17:30.434, 21617820504706, vstest.console.dll, CurrentDomainAssemblyResolve: Failed to resolve assembly 'Microsoft.Bcl.AsyncInterfaces'.
TpTrace Warning: 0 : 16772, 1, 2022/04/17, 21:17:30.475, 21617820910061, vstest.console.dll, TestPluginDiscoverer: Failed to get types from assembly 'Microsoft.Diagnostics.NETCore.Client, Version=0.2.5.801, Culture=neutral, PublicKeyToken=31bf3856ad364e35'.  Skipping test extension scan for this assembly.  Error: System.Reflection.ReflectionTypeLoadException: Unable to load one or more of the requested types.
Could not load file or assembly 'Microsoft.Bcl.AsyncInterfaces, Version=1.0.0.0, Culture=neutral, PublicKeyToken=cc7b13ffcd2ddd51'. The system cannot find the file specified.
   at System.Reflection.RuntimeModule.GetTypes(RuntimeModule module)
   at System.Reflection.Assembly.GetTypes()
   at Microsoft.VisualStudio.TestPlatform.Common.ExtensionFramework.TestPluginDiscoverer.GetTestExtensionsFromAssembly[TPluginInfo,TExtension](Assembly assembly, Dictionary`2 pluginInfos)
System.IO.FileNotFoundException: Could not load file or assembly 'Microsoft.Bcl.AsyncInterfaces, Version=1.0.0.0, Culture=neutral, PublicKeyToken=cc7b13ffcd2ddd51'. The system cannot find the file specified.
File name: 'Microsoft.Bcl.AsyncInterfaces, Version=1.0.0.0, Culture=neutral, PublicKeyToken=cc7b13ffcd2ddd51'
 ---> System.IO.FileNotFoundException: Could not load file or assembly 'Microsoft.Bcl.AsyncInterfaces, Culture=neutral, PublicKeyToken=null'. The system cannot find the file specified.
File name: 'Microsoft.Bcl.AsyncInterfaces, Culture=neutral, PublicKeyToken=null'
   at System.Reflection.RuntimeAssembly.InternalLoad(ObjectHandleOnStack assemblyName, ObjectHandleOnStack requestingAssembly, StackCrawlMarkHandle stackMark, Boolean throwOnFileNotFound, ObjectHandleOnStack assemblyLoadContext, ObjectHandleOnStack retAssembly)
   at System.Reflection.RuntimeAssembly.InternalLoad(AssemblyName assemblyName, RuntimeAssembly requestingAssembly, StackCrawlMark& stackMark, Boolean throwOnFileNotFound, AssemblyLoadContext assemblyLoadContext)
   at System.Reflection.Assembly.Load(AssemblyName assemblyRef)
   at Microsoft.VisualStudio.TestPlatform.Common.ExtensionFramework.TestPluginCache.CurrentDomainAssemblyResolve(Object sender, AssemblyResolveEventArgs args)
   at Microsoft.VisualStudio.TestPlatform.PlatformAbstractions.PlatformAssemblyResolver.AssemblyResolverEvent(Object sender, Object eventArgs)
   at System.Runtime.Loader.AssemblyLoadContext.GetFirstResolvedAssemblyFromResolvingEvent(AssemblyName assemblyName)
   at System.Runtime.Loader.AssemblyLoadContext.ResolveUsingEvent(AssemblyName assemblyName)
   at System.Runtime.Loader.AssemblyLoadContext.ResolveUsingResolvingEvent(IntPtr gchManagedAssemblyLoadContext, AssemblyName assemblyName)
TpTrace Warning: 0 : 16772, 1, 2022/04/17, 21:17:30.475, 21617820913542, vstest.console.dll, LoaderExceptions: System.IO.FileNotFoundException: Could not load file or assembly 'Microsoft.Bcl.AsyncInterfaces, Version=1.0.0.0, Culture=neutral, PublicKeyToken=cc7b13ffcd2ddd51'. The system cannot find the file specified.
File name: 'Microsoft.Bcl.AsyncInterfaces, Version=1.0.0.0, Culture=neutral, PublicKeyToken=cc7b13ffcd2ddd51'
 ---> System.IO.FileNotFoundException: Could not load file or assembly 'Microsoft.Bcl.AsyncInterfaces, Culture=neutral, PublicKeyToken=null'. The system cannot find the file specified.
File name: 'Microsoft.Bcl.AsyncInterfaces, Culture=neutral, PublicKeyToken=null'
   at System.Reflection.RuntimeAssembly.InternalLoad(ObjectHandleOnStack assemblyName, ObjectHandleOnStack requestingAssembly, StackCrawlMarkHandle stackMark, Boolean throwOnFileNotFound, ObjectHandleOnStack assemblyLoadContext, ObjectHandleOnStack retAssembly)
   at System.Reflection.RuntimeAssembly.InternalLoad(AssemblyName assemblyName, RuntimeAssembly requestingAssembly, StackCrawlMark& stackMark, Boolean throwOnFileNotFound, AssemblyLoadContext assemblyLoadContext)
   at System.Reflection.Assembly.Load(AssemblyName assemblyRef)
   at Microsoft.VisualStudio.TestPlatform.Common.ExtensionFramework.TestPluginCache.CurrentDomainAssemblyResolve(Object sender, AssemblyResolveEventArgs args)
   at Microsoft.VisualStudio.TestPlatform.PlatformAbstractions.PlatformAssemblyResolver.AssemblyResolverEvent(Object sender, Object eventArgs)
   at System.Runtime.Loader.AssemblyLoadContext.GetFirstResolvedAssemblyFromResolvingEvent(AssemblyName assemblyName)
   at System.Runtime.Loader.AssemblyLoadContext.ResolveUsingEvent(AssemblyName assemblyName)
   at System.Runtime.Loader.AssemblyLoadContext.ResolveUsingResolvingEvent(IntPtr gchManagedAssemblyLoadContext, AssemblyName assemblyName)
TpTrace Information: 0 : 16772, 1, 2022/04/17, 21:17:30.475, 21617820915784, vstest.console.dll, AssemblyResolver.OnResolve: Microsoft.TestPlatform.Extensions.BlameDataCollector: Resolving assembly.
TpTrace Information: 0 : 16772, 1, 2022/04/17, 21:17:30.475, 21617820916660, vstest.console.dll, AssemblyResolver.OnResolve: Microsoft.TestPlatform.Extensions.BlameDataCollector: Searching in: 'C:\Program Files\dotnet\sdk\6.0.202\Extensions'.
TpTrace Information: 0 : 16772, 1, 2022/04/17, 21:17:30.477, 21617820931924, vstest.console.dll, AssemblyResolver.OnResolve: Microsoft.TestPlatform.Extensions.BlameDataCollector: Loading assembly 'C:\Program Files\dotnet\sdk\6.0.202\Extensions\Microsoft.TestPlatform.Extensions.BlameDataCollector.dll'.
TpTrace Information: 0 : 16772, 1, 2022/04/17, 21:17:30.478, 21617820945671, vstest.console.dll, AssemblyResolver.OnResolve: Resolved assembly: Microsoft.TestPlatform.Extensions.BlameDataCollector, from path: C:\Program Files\dotnet\sdk\6.0.202\Extensions\Microsoft.TestPlatform.Extensions.BlameDataCollector.dll
TpTrace Information: 0 : 16772, 1, 2022/04/17, 21:17:30.480, 21617820960864, vstest.console.dll, AssemblyResolver.OnResolve: Microsoft.TestPlatform.Extensions.EventLogCollector: Resolving assembly.
TpTrace Information: 0 : 16772, 1, 2022/04/17, 21:17:30.480, 21617820962199, vstest.console.dll, AssemblyResolver.OnResolve: Microsoft.TestPlatform.Extensions.EventLogCollector: Searching in: 'C:\Program Files\dotnet\sdk\6.0.202\Extensions'.
TpTrace Information: 0 : 16772, 1, 2022/04/17, 21:17:30.481, 21617820973536, vstest.console.dll, AssemblyResolver.OnResolve: Microsoft.TestPlatform.Extensions.EventLogCollector: Loading assembly 'C:\Program Files\dotnet\sdk\6.0.202\Extensions\Microsoft.TestPlatform.Extensions.EventLogCollector.dll'.
TpTrace Information: 0 : 16772, 1, 2022/04/17, 21:17:30.482, 21617820981701, vstest.console.dll, AssemblyResolver.OnResolve: Resolved assembly: Microsoft.TestPlatform.Extensions.EventLogCollector, from path: C:\Program Files\dotnet\sdk\6.0.202\Extensions\Microsoft.TestPlatform.Extensions.EventLogCollector.dll
TpTrace Information: 0 : 16772, 1, 2022/04/17, 21:17:30.483, 21617820993910, vstest.console.dll, AssemblyResolver.OnResolve: Microsoft.TestPlatform.TestHostRuntimeProvider: Resolving assembly.
TpTrace Information: 0 : 16772, 1, 2022/04/17, 21:17:30.483, 21617820995256, vstest.console.dll, AssemblyResolver.OnResolve: Microsoft.TestPlatform.TestHostRuntimeProvider: Searching in: 'C:\Program Files\dotnet\sdk\6.0.202\Extensions'.
TpTrace Information: 0 : 16772, 1, 2022/04/17, 21:17:30.484, 21617821007942, vstest.console.dll, AssemblyResolver.OnResolve: Microsoft.TestPlatform.TestHostRuntimeProvider: Loading assembly 'C:\Program Files\dotnet\sdk\6.0.202\Extensions\Microsoft.TestPlatform.TestHostRuntimeProvider.dll'.
TpTrace Information: 0 : 16772, 1, 2022/04/17, 21:17:30.486, 21617821025041, vstest.console.dll, AssemblyResolver.OnResolve: Resolved assembly: Microsoft.TestPlatform.TestHostRuntimeProvider, from path: C:\Program Files\dotnet\sdk\6.0.202\Extensions\Microsoft.TestPlatform.TestHostRuntimeProvider.dll
TpTrace Information: 0 : 16772, 1, 2022/04/17, 21:17:30.489, 21617821054736, vstest.console.dll, AssemblyResolver.OnResolve: Microsoft.VisualStudio.TestPlatform.Extensions.Html.TestLogger: Resolving assembly.
TpTrace Information: 0 : 16772, 1, 2022/04/17, 21:17:30.489, 21617821055707, vstest.console.dll, AssemblyResolver.OnResolve: Microsoft.VisualStudio.TestPlatform.Extensions.Html.TestLogger: Searching in: 'C:\Program Files\dotnet\sdk\6.0.202\Extensions'.
TpTrace Information: 0 : 16772, 1, 2022/04/17, 21:17:30.491, 21617821068932, vstest.console.dll, AssemblyResolver.OnResolve: Microsoft.VisualStudio.TestPlatform.Extensions.Html.TestLogger: Loading assembly 'C:\Program Files\dotnet\sdk\6.0.202\Extensions\Microsoft.VisualStudio.TestPlatform.Extensions.Html.TestLogger.dll'.
TpTrace Information: 0 : 16772, 1, 2022/04/17, 21:17:30.492, 21617821078688, vstest.console.dll, AssemblyResolver.OnResolve: Resolved assembly: Microsoft.VisualStudio.TestPlatform.Extensions.Html.TestLogger, from path: C:\Program Files\dotnet\sdk\6.0.202\Extensions\Microsoft.VisualStudio.TestPlatform.Extensions.Html.TestLogger.dll
TpTrace Information: 0 : 16772, 1, 2022/04/17, 21:17:30.492, 21617821082934, vstest.console.dll, AssemblyResolver.OnResolve: Microsoft.VisualStudio.TestPlatform.Extensions.Trx.TestLogger: Resolving assembly.
TpTrace Information: 0 : 16772, 1, 2022/04/17, 21:17:30.492, 21617821083553, vstest.console.dll, AssemblyResolver.OnResolve: Microsoft.VisualStudio.TestPlatform.Extensions.Trx.TestLogger: Searching in: 'C:\Program Files\dotnet\sdk\6.0.202\Extensions'.
TpTrace Information: 0 : 16772, 1, 2022/04/17, 21:17:30.494, 21617821098680, vstest.console.dll, AssemblyResolver.OnResolve: Microsoft.VisualStudio.TestPlatform.Extensions.Trx.TestLogger: Loading assembly 'C:\Program Files\dotnet\sdk\6.0.202\Extensions\Microsoft.VisualStudio.TestPlatform.Extensions.Trx.TestLogger.dll'.
TpTrace Information: 0 : 16772, 1, 2022/04/17, 21:17:30.495, 21617821111199, vstest.console.dll, AssemblyResolver.OnResolve: Resolved assembly: Microsoft.VisualStudio.TestPlatform.Extensions.Trx.TestLogger, from path: C:\Program Files\dotnet\sdk\6.0.202\Extensions\Microsoft.VisualStudio.TestPlatform.Extensions.Trx.TestLogger.dll
TpTrace Verbose: 0 : 16772, 1, 2022/04/17, 21:17:30.496, 21617821123391, vstest.console.dll, TestPluginCache: Discovered the extensions using extension path ''.
TpTrace Verbose: 0 : 16772, 1, 2022/04/17, 21:17:30.496, 21617821124499, vstest.console.dll, TestPluginCache: Discoverers are ''.
TpTrace Verbose: 0 : 16772, 1, 2022/04/17, 21:17:30.496, 21617821124894, vstest.console.dll, TestPluginCache: Executors are ''.
TpTrace Verbose: 0 : 16772, 1, 2022/04/17, 21:17:30.496, 21617821125215, vstest.console.dll, TestPluginCache: Executors2 are ''.
TpTrace Verbose: 0 : 16772, 1, 2022/04/17, 21:17:30.496, 21617821125700, vstest.console.dll, TestPluginCache: Setting providers are ''.
TpTrace Verbose: 0 : 16772, 1, 2022/04/17, 21:17:30.496, 21617821126044, vstest.console.dll, TestPluginCache: Loggers are ''.
TpTrace Information: 0 : 16772, 1, 2022/04/17, 21:17:30.503, 21617821188564, vstest.console.dll, RunTestsArgumentProcessor:Execute: Test run is starting.
TpTrace Verbose: 0 : 16772, 1, 2022/04/17, 21:17:30.503, 21617821189881, vstest.console.dll, RunTestsArgumentProcessor:Execute: Queuing Test run.
TpTrace Information: 0 : 16772, 1, 2022/04/17, 21:17:30.503, 21617821193505, vstest.console.dll, TestRequestManager.RunTests: run tests started.
TpTrace Information: 0 : 16772, 1, 2022/04/17, 21:17:30.510, 21617821266342, vstest.console.dll, AssemblyMetadataProvider.GetFrameWork: Determined framework:'.NETCoreApp,Version=v6.0' for source: 'C:\Users\Bogdan\OneDrive - Technical Lyceum NTUU KPI\Навчання\2курс\ASP.NET\Лаби_asp\Лаб1_asp\lab1_asp\TestProject1\bin\Debug\net6.0\fine-code-coverage\build-output\TestProject1.dll'
TpTrace Information: 0 : 16772, 1, 2022/04/17, 21:17:30.511, 21617821269048, vstest.console.dll, Determined framework for all sources: .NETCoreApp,Version=v6.0
TpTrace Verbose: 0 : 16772, 1, 2022/04/17, 21:17:30.511, 21617821273428, vstest.console.dll, Default architecture: X64 IsDefaultTargetArchitecture: True
TpTrace Information: 0 : 16772, 1, 2022/04/17, 21:17:30.511, 21617821277584, vstest.console.dll, AssemblyMetadataProvider.GetArchitecture: Determined architecture:AnyCPU info for assembly: C:\Users\Bogdan\OneDrive - Technical Lyceum NTUU KPI\Навчання\2курс\ASP.NET\Лаби_asp\Лаб1_asp\lab1_asp\TestProject1\bin\Debug\net6.0\fine-code-coverage\build-output\TestProject1.dll
TpTrace Information: 0 : 16772, 1, 2022/04/17, 21:17:30.512, 21617821278534, vstest.console.dll, Determined platform for source 'C:\Users\Bogdan\OneDrive - Technical Lyceum NTUU KPI\Навчання\2курс\ASP.NET\Лаби_asp\Лаб1_asp\lab1_asp\TestProject1\bin\Debug\net6.0\fine-code-coverage\build-output\TestProject1.dll' is 'AnyCPU'
TpTrace Information: 0 : 16772, 1, 2022/04/17, 21:17:30.514, 21617821306116, vstest.console.dll, Determined platform for all sources: X64
TpTrace Information: 0 : 16772, 1, 2022/04/17, 21:17:30.514, 21617821307134, vstest.console.dll, Infered platform 'X64'.
TpTrace Information: 0 : 16772, 1, 2022/04/17, 21:17:30.514, 21617821307581, vstest.console.dll, Platform update to 'X64' required.
TpTrace Information: 0 : 16772, 1, 2022/04/17, 21:17:30.519, 21617821349432, vstest.console.dll, Compatible sources list : 
TpTrace Information: 0 : 16772, 1, 2022/04/17, 21:17:30.519, 21617821351021, vstest.console.dll, C:\Users\Bogdan\OneDrive - Technical Lyceum NTUU KPI\Навчання\2курс\ASP.NET\Лаби_asp\Лаб1_asp\lab1_asp\TestProject1\bin\Debug\net6.0\fine-code-coverage\build-output\TestProject1.dll
TpTrace Information: 0 : 16772, 1, 2022/04/17, 21:17:30.525, 21617821415912, vstest.console.dll, InferRunSettingsHelper.IsTestSettingsEnabled: Unable to navigate to RunSettings/MSTest. Current node: RunSettings
TpTrace Information: 0 : 16772, 1, 2022/04/17, 21:17:30.526, 21617821424253, vstest.console.dll, AssemblyResolver.OnResolve: Microsoft.VisualStudio.TestPlatform.Fakes: Resolving assembly.
TpTrace Information: 0 : 16772, 1, 2022/04/17, 21:17:30.526, 21617821425356, vstest.console.dll, AssemblyResolver.OnResolve: Microsoft.VisualStudio.TestPlatform.Fakes: Searching in: 'C:\Program Files\dotnet\sdk\6.0.202\Extensions'.
TpTrace Information: 0 : 16772, 1, 2022/04/17, 21:17:30.526, 21617821426249, vstest.console.dll, AssemblyResolver.OnResolve: Microsoft.VisualStudio.TestPlatform.Fakes: Assembly path does not exist: 'C:\Program Files\dotnet\sdk\6.0.202\Extensions\Microsoft.VisualStudio.TestPlatform.Fakes.dll', returning.
TpTrace Information: 0 : 16772, 1, 2022/04/17, 21:17:30.526, 21617821426996, vstest.console.dll, AssemblyResolver.OnResolve: Microsoft.VisualStudio.TestPlatform.Fakes: Assembly path does not exist: 'C:\Program Files\dotnet\sdk\6.0.202\Extensions\Microsoft.VisualStudio.TestPlatform.Fakes.exe', returning.
TpTrace Information: 0 : 16772, 1, 2022/04/17, 21:17:30.526, 21617821427393, vstest.console.dll, AssemblyResolver.OnResolve: Microsoft.VisualStudio.TestPlatform.Fakes: Searching in: 'C:\Program Files\dotnet\sdk\6.0.202'.
TpTrace Information: 0 : 16772, 1, 2022/04/17, 21:17:30.526, 21617821428161, vstest.console.dll, AssemblyResolver.OnResolve: Microsoft.VisualStudio.TestPlatform.Fakes: Assembly path does not exist: 'C:\Program Files\dotnet\sdk\6.0.202\Microsoft.VisualStudio.TestPlatform.Fakes.dll', returning.
TpTrace Information: 0 : 16772, 1, 2022/04/17, 21:17:30.527, 21617821428830, vstest.console.dll, AssemblyResolver.OnResolve: Microsoft.VisualStudio.TestPlatform.Fakes: Assembly path does not exist: 'C:\Program Files\dotnet\sdk\6.0.202\Microsoft.VisualStudio.TestPlatform.Fakes.exe', returning.
TpTrace Information: 0 : 16772, 1, 2022/04/17, 21:17:30.527, 21617821429215, vstest.console.dll, AssemblyResolver.OnResolve: Microsoft.VisualStudio.TestPlatform.Fakes: Failed to load assembly.
TpTrace Information: 0 : 16772, 1, 2022/04/17, 21:17:30.527, 21617821433313, vstest.console.dll, Failed to load assembly Microsoft.VisualStudio.TestPlatform.Fakes, Version=17.0.0.0, Culture=neutral. Reason:System.IO.FileNotFoundException: Could not load file or assembly 'Microsoft.VisualStudio.TestPlatform.Fakes, Version=17.0.0.0, Culture=neutral, PublicKeyToken=null'. The system cannot find the file specified.
File name: 'Microsoft.VisualStudio.TestPlatform.Fakes, Version=17.0.0.0, Culture=neutral, PublicKeyToken=null'
   at System.Reflection.RuntimeAssembly.InternalLoad(ObjectHandleOnStack assemblyName, ObjectHandleOnStack requestingAssembly, StackCrawlMarkHandle stackMark, Boolean throwOnFileNotFound, ObjectHandleOnStack assemblyLoadContext, ObjectHandleOnStack retAssembly)
   at System.Reflection.RuntimeAssembly.InternalLoad(AssemblyName assemblyName, RuntimeAssembly requestingAssembly, StackCrawlMark& stackMark, Boolean throwOnFileNotFound, AssemblyLoadContext assemblyLoadContext)
   at System.Reflection.Assembly.Load(AssemblyName assemblyRef)
   at Microsoft.VisualStudio.TestPlatform.Common.Utilities.FakesUtilities.LoadTestPlatformAssembly()
TpTrace Verbose: 0 : 16772, 1, 2022/04/17, 21:17:30.532, 21617821487092, vstest.console.dll, TestPluginCache.DiscoverTestExtensions: finding test extensions in assemblies ends with: TestLogger.dll TPluginInfo: Microsoft.VisualStudio.TestPlatform.Common.ExtensionFramework.Utilities.TestLoggerPluginInformation TExtension: Microsoft.VisualStudio.TestPlatform.ObjectModel.Client.ITestLogger
TpTrace Verbose: 0 : 16772, 1, 2022/04/17, 21:17:30.532, 21617821488224, vstest.console.dll, TestPluginCache.GetExtensionPaths: Filtered extension paths: 
TpTrace Verbose: 0 : 16772, 1, 2022/04/17, 21:17:30.533, 21617821488723, vstest.console.dll, TestPluginCache.GetExtensionPaths: Added default extension paths: C:\Program Files\dotnet\sdk\6.0.202\Extensions\DumpMinitool.exe
C:\Program Files\dotnet\sdk\6.0.202\Extensions\DumpMinitool.x86.exe
C:\Program Files\dotnet\sdk\6.0.202\Extensions\Microsoft.Diagnostics.NETCore.Client.dll
C:\Program Files\dotnet\sdk\6.0.202\Extensions\Microsoft.TestPlatform.Extensions.BlameDataCollector.dll
C:\Program Files\dotnet\sdk\6.0.202\Extensions\Microsoft.TestPlatform.Extensions.EventLogCollector.dll
C:\Program Files\dotnet\sdk\6.0.202\Extensions\Microsoft.TestPlatform.TestHostRuntimeProvider.dll
C:\Program Files\dotnet\sdk\6.0.202\Extensions\Microsoft.VisualStudio.TestPlatform.Extensions.Html.TestLogger.dll
C:\Program Files\dotnet\sdk\6.0.202\Extensions\Microsoft.VisualStudio.TestPlatform.Extensions.Trx.TestLogger.dll
TpTrace Verbose: 0 : 16772, 1, 2022/04/17, 21:17:30.533, 21617821489191, vstest.console.dll, TestPluginCache.GetExtensionPaths: Added unfilterableExtensionPaths: 
TpTrace Information: 0 : 16772, 1, 2022/04/17, 21:17:30.533, 21617821490674, vstest.console.dll, AssemblyResolver.AddSearchDirectories: Adding more searchDirectories C:\Program Files\dotnet\sdk\6.0.202\Extensions,C:\Program Files\dotnet\sdk\6.0.202
TpTrace Verbose: 0 : 16772, 1, 2022/04/17, 21:17:30.533, 21617821491366, vstest.console.dll, TestPluginCache.DiscoverTestExtensions: Discovering the extensions using extension path.
TpTrace Verbose: 0 : 16772, 1, 2022/04/17, 21:17:30.533, 21617821491829, vstest.console.dll, TestPluginCache.GetExtensionPaths: Filtered extension paths: 
TpTrace Verbose: 0 : 16772, 1, 2022/04/17, 21:17:30.533, 21617821492201, vstest.console.dll, TestPluginCache.GetExtensionPaths: Added default extension paths: C:\Program Files\dotnet\sdk\6.0.202\Extensions\DumpMinitool.exe
C:\Program Files\dotnet\sdk\6.0.202\Extensions\DumpMinitool.x86.exe
C:\Program Files\dotnet\sdk\6.0.202\Extensions\Microsoft.Diagnostics.NETCore.Client.dll
C:\Program Files\dotnet\sdk\6.0.202\Extensions\Microsoft.TestPlatform.Extensions.BlameDataCollector.dll
C:\Program Files\dotnet\sdk\6.0.202\Extensions\Microsoft.TestPlatform.Extensions.EventLogCollector.dll
C:\Program Files\dotnet\sdk\6.0.202\Extensions\Microsoft.TestPlatform.TestHostRuntimeProvider.dll
C:\Program Files\dotnet\sdk\6.0.202\Extensions\Microsoft.VisualStudio.TestPlatform.Extensions.Html.TestLogger.dll
C:\Program Files\dotnet\sdk\6.0.202\Extensions\Microsoft.VisualStudio.TestPlatform.Extensions.Trx.TestLogger.dll
TpTrace Verbose: 0 : 16772, 1, 2022/04/17, 21:17:30.533, 21617821493176, vstest.console.dll, TestPluginCache.GetExtensionPaths: Added unfilterableExtensionPaths: 
TpTrace Verbose: 0 : 16772, 1, 2022/04/17, 21:17:30.533, 21617821493652, vstest.console.dll, TestPluginCache.DiscoverTestExtensions: Discovering the extensions using allExtensionPaths: C:\Program Files\dotnet\sdk\6.0.202\Extensions\DumpMinitool.exe
C:\Program Files\dotnet\sdk\6.0.202\Extensions\DumpMinitool.x86.exe
C:\Program Files\dotnet\sdk\6.0.202\Extensions\Microsoft.Diagnostics.NETCore.Client.dll
C:\Program Files\dotnet\sdk\6.0.202\Extensions\Microsoft.TestPlatform.Extensions.BlameDataCollector.dll
C:\Program Files\dotnet\sdk\6.0.202\Extensions\Microsoft.TestPlatform.Extensions.EventLogCollector.dll
C:\Program Files\dotnet\sdk\6.0.202\Extensions\Microsoft.TestPlatform.TestHostRuntimeProvider.dll
C:\Program Files\dotnet\sdk\6.0.202\Extensions\Microsoft.VisualStudio.TestPlatform.Extensions.Html.TestLogger.dll
C:\Program Files\dotnet\sdk\6.0.202\Extensions\Microsoft.VisualStudio.TestPlatform.Extensions.Trx.TestLogger.dll
TpTrace Information: 0 : 16772, 1, 2022/04/17, 21:17:30.533, 21617821494323, vstest.console.dll, AssemblyResolver.AddSearchDirectories: Adding more searchDirectories C:\Program Files\dotnet\sdk\6.0.202\Extensions,C:\Program Files\dotnet\sdk\6.0.202
TpTrace Information: 0 : 16772, 1, 2022/04/17, 21:17:30.533, 21617821496526, vstest.console.dll, AssemblyResolver.AddSearchDirectories: Adding more searchDirectories C:\Program Files\dotnet\sdk\6.0.202\Extensions,C:\Program Files\dotnet\sdk\6.0.202
TpTrace Information: 0 : 16772, 1, 2022/04/17, 21:17:30.533, 21617821497569, vstest.console.dll, AssemblyResolver.AddSearchDirectories: Adding more searchDirectories C:\Program Files\dotnet\sdk\6.0.202\Extensions,C:\Program Files\dotnet\sdk\6.0.202
TpTrace Information: 0 : 16772, 1, 2022/04/17, 21:17:30.533, 21617821498207, vstest.console.dll, AssemblyResolver.AddSearchDirectories: Adding more searchDirectories C:\Program Files\dotnet\sdk\6.0.202\Extensions,C:\Program Files\dotnet\sdk\6.0.202
TpTrace Information: 0 : 16772, 1, 2022/04/17, 21:17:30.534, 21617821499107, vstest.console.dll, AssemblyResolver.AddSearchDirectories: Adding more searchDirectories C:\Program Files\dotnet\sdk\6.0.202\Extensions,C:\Program Files\dotnet\sdk\6.0.202
TpTrace Information: 0 : 16772, 1, 2022/04/17, 21:17:30.534, 21617821500250, vstest.console.dll, AssemblyResolver.AddSearchDirectories: Adding more searchDirectories C:\Program Files\dotnet\sdk\6.0.202\Extensions,C:\Program Files\dotnet\sdk\6.0.202
TpTrace Information: 0 : 16772, 1, 2022/04/17, 21:17:30.534, 21617821501038, vstest.console.dll, AssemblyResolver.AddSearchDirectories: Adding more searchDirectories C:\Program Files\dotnet\sdk\6.0.202\Extensions,C:\Program Files\dotnet\sdk\6.0.202
TpTrace Information: 0 : 16772, 1, 2022/04/17, 21:17:30.534, 21617821501755, vstest.console.dll, AssemblyResolver.AddSearchDirectories: Adding more searchDirectories C:\Program Files\dotnet\sdk\6.0.202\Extensions,C:\Program Files\dotnet\sdk\6.0.202
TpTrace Information: 0 : 16772, 1, 2022/04/17, 21:17:30.534, 21617821508193, vstest.console.dll, AssemblyResolver.OnResolve: Microsoft.Bcl.AsyncInterfaces: Resolving assembly.
TpTrace Information: 0 : 16772, 1, 2022/04/17, 21:17:30.535, 21617821509085, vstest.console.dll, AssemblyResolver.OnResolve: Microsoft.Bcl.AsyncInterfaces: Resolved from cache.
TpTrace Verbose: 0 : 16772, 1, 2022/04/17, 21:17:30.535, 21617821509710, vstest.console.dll, CurrentDomainAssemblyResolve: Resolving assembly 'Microsoft.Bcl.AsyncInterfaces'.
TpTrace Information: 0 : 16772, 1, 2022/04/17, 21:17:30.535, 21617821510574, vstest.console.dll, AssemblyResolver.OnResolve: Microsoft.Bcl.AsyncInterfaces: Resolving assembly.
TpTrace Information: 0 : 16772, 1, 2022/04/17, 21:17:30.535, 21617821511137, vstest.console.dll, AssemblyResolver.OnResolve: Microsoft.Bcl.AsyncInterfaces: Resolved from cache.
TpTrace Verbose: 0 : 16772, 1, 2022/04/17, 21:17:30.535, 21617821511768, vstest.console.dll, CurrentDomainAssemblyResolve: Resolving assembly 'Microsoft.Bcl.AsyncInterfaces'.
TpTrace Verbose: 0 : 16772, 1, 2022/04/17, 21:17:30.535, 21617821512384, vstest.console.dll, CurrentDomainAssemblyResolve: Failed to resolve assembly 'Microsoft.Bcl.AsyncInterfaces'.
TpTrace Verbose: 0 : 16772, 1, 2022/04/17, 21:17:30.535, 21617821515214, vstest.console.dll, CurrentDomainAssemblyResolve: Failed to resolve assembly 'Microsoft.Bcl.AsyncInterfaces'.
TpTrace Warning: 0 : 16772, 1, 2022/04/17, 21:17:30.536, 21617821522626, vstest.console.dll, TestPluginDiscoverer: Failed to get types from assembly 'Microsoft.Diagnostics.NETCore.Client, Version=0.2.5.801, Culture=neutral, PublicKeyToken=31bf3856ad364e35'.  Skipping test extension scan for this assembly.  Error: System.Reflection.ReflectionTypeLoadException: Unable to load one or more of the requested types.
Could not load file or assembly 'Microsoft.Bcl.AsyncInterfaces, Version=1.0.0.0, Culture=neutral, PublicKeyToken=cc7b13ffcd2ddd51'. The system cannot find the file specified.
   at System.Reflection.RuntimeModule.GetTypes(RuntimeModule module)
   at System.Reflection.Assembly.GetTypes()
   at Microsoft.VisualStudio.TestPlatform.Common.ExtensionFramework.TestPluginDiscoverer.GetTestExtensionsFromAssembly[TPluginInfo,TExtension](Assembly assembly, Dictionary`2 pluginInfos)
System.IO.FileNotFoundException: Could not load file or assembly 'Microsoft.Bcl.AsyncInterfaces, Version=1.0.0.0, Culture=neutral, PublicKeyToken=cc7b13ffcd2ddd51'. The system cannot find the file specified.
File name: 'Microsoft.Bcl.AsyncInterfaces, Version=1.0.0.0, Culture=neutral, PublicKeyToken=cc7b13ffcd2ddd51'
 ---> System.IO.FileNotFoundException: Could not load file or assembly 'Microsoft.Bcl.AsyncInterfaces, Culture=neutral, PublicKeyToken=null'. The system cannot find the file specified.
File name: 'Microsoft.Bcl.AsyncInterfaces, Culture=neutral, PublicKeyToken=null'
   at System.Reflection.RuntimeAssembly.InternalLoad(ObjectHandleOnStack assemblyName, ObjectHandleOnStack requestingAssembly, StackCrawlMarkHandle stackMark, Boolean throwOnFileNotFound, ObjectHandleOnStack assemblyLoadContext, ObjectHandleOnStack retAssembly)
   at System.Reflection.RuntimeAssembly.InternalLoad(AssemblyName assemblyName, RuntimeAssembly requestingAssembly, StackCrawlMark& stackMark, Boolean throwOnFileNotFound, AssemblyLoadContext assemblyLoadContext)
   at System.Reflection.Assembly.Load(AssemblyName assemblyRef)
   at Microsoft.VisualStudio.TestPlatform.Common.ExtensionFramework.TestPluginCache.CurrentDomainAssemblyResolve(Object sender, AssemblyResolveEventArgs args)
   at Microsoft.VisualStudio.TestPlatform.PlatformAbstractions.PlatformAssemblyResolver.AssemblyResolverEvent(Object sender, Object eventArgs)
   at System.Runtime.Loader.AssemblyLoadContext.GetFirstResolvedAssemblyFromResolvingEvent(AssemblyName assemblyName)
   at System.Runtime.Loader.AssemblyLoadContext.ResolveUsingEvent(AssemblyName assemblyName)
   at System.Runtime.Loader.AssemblyLoadContext.ResolveUsingResolvingEvent(IntPtr gchManagedAssemblyLoadContext, AssemblyName assemblyName)
TpTrace Warning: 0 : 16772, 1, 2022/04/17, 21:17:30.536, 21617821525682, vstest.console.dll, LoaderExceptions: System.IO.FileNotFoundException: Could not load file or assembly 'Microsoft.Bcl.AsyncInterfaces, Version=1.0.0.0, Culture=neutral, PublicKeyToken=cc7b13ffcd2ddd51'. The system cannot find the file specified.
File name: 'Microsoft.Bcl.AsyncInterfaces, Version=1.0.0.0, Culture=neutral, PublicKeyToken=cc7b13ffcd2ddd51'
 ---> System.IO.FileNotFoundException: Could not load file or assembly 'Microsoft.Bcl.AsyncInterfaces, Culture=neutral, PublicKeyToken=null'. The system cannot find the file specified.
File name: 'Microsoft.Bcl.AsyncInterfaces, Culture=neutral, PublicKeyToken=null'
   at System.Reflection.RuntimeAssembly.InternalLoad(ObjectHandleOnStack assemblyName, ObjectHandleOnStack requestingAssembly, StackCrawlMarkHandle stackMark, Boolean throwOnFileNotFound, ObjectHandleOnStack assemblyLoadContext, ObjectHandleOnStack retAssembly)
   at System.Reflection.RuntimeAssembly.InternalLoad(AssemblyName assemblyName, RuntimeAssembly requestingAssembly, StackCrawlMark& stackMark, Boolean throwOnFileNotFound, AssemblyLoadContext assemblyLoadContext)
   at System.Reflection.Assembly.Load(AssemblyName assemblyRef)
   at Microsoft.VisualStudio.TestPlatform.Common.ExtensionFramework.TestPluginCache.CurrentDomainAssemblyResolve(Object sender, AssemblyResolveEventArgs args)
   at Microsoft.VisualStudio.TestPlatform.PlatformAbstractions.PlatformAssemblyResolver.AssemblyResolverEvent(Object sender, Object eventArgs)
   at System.Runtime.Loader.AssemblyLoadContext.GetFirstResolvedAssemblyFromResolvingEvent(AssemblyName assemblyName)
   at System.Runtime.Loader.AssemblyLoadContext.ResolveUsingEvent(AssemblyName assemblyName)
   at System.Runtime.Loader.AssemblyLoadContext.ResolveUsingResolvingEvent(IntPtr gchManagedAssemblyLoadContext, AssemblyName assemblyName)
TpTrace Verbose: 0 : 16772, 1, 2022/04/17, 21:17:30.537, 21617821533812, vstest.console.dll, TestPluginCache: Discovered the extensions using extension path ''.
TpTrace Verbose: 0 : 16772, 1, 2022/04/17, 21:17:30.537, 21617821535003, vstest.console.dll, TestPluginCache: Discoverers are ''.
TpTrace Verbose: 0 : 16772, 1, 2022/04/17, 21:17:30.537, 21617821535772, vstest.console.dll, TestPluginCache: Executors are ''.
TpTrace Verbose: 0 : 16772, 1, 2022/04/17, 21:17:30.537, 21617821536285, vstest.console.dll, TestPluginCache: Executors2 are ''.
TpTrace Verbose: 0 : 16772, 1, 2022/04/17, 21:17:30.537, 21617821536800, vstest.console.dll, TestPluginCache: Setting providers are ''.
TpTrace Verbose: 0 : 16772, 1, 2022/04/17, 21:17:30.537, 21617821538135, vstest.console.dll, TestPluginCache: Loggers are 'logger://Microsoft/TestPlatform/Extensions/Blame/v1,logger://Microsoft/TestPlatform/HtmlLogger/v1,logger://Microsoft/TestPlatform/TrxLogger/v1'.
TpTrace Information: 0 : 16772, 1, 2022/04/17, 21:17:30.539, 21617821552185, vstest.console.dll, TestPluginManager.CreateTestExtension: Attempting to load test extension: Microsoft.TestPlatform.Extensions.BlameDataCollector.BlameLogger
TpTrace Information: 0 : 16772, 1, 2022/04/17, 21:17:30.547, 21617821637043, vstest.console.dll, TestPluginManager.CreateTestExtension: Attempting to load test extension: Microsoft.VisualStudio.TestPlatform.CrossPlatEngine.Hosting.DefaultTestHostManager
TpTrace Information: 0 : 16772, 1, 2022/04/17, 21:17:30.549, 21617821649675, vstest.console.dll, TestPluginManager.CreateTestExtension: Attempting to load test extension: Microsoft.VisualStudio.TestPlatform.CrossPlatEngine.Hosting.DotnetTestHostManager
TpTrace Verbose: 0 : 16772, 1, 2022/04/17, 21:17:30.550, 21617821659178, vstest.console.dll, TestEngine: Initializing Parallel Execution as MaxCpuCount is set to: 1
TpTrace Information: 0 : 16772, 1, 2022/04/17, 21:17:30.551, 21617821672282, vstest.console.dll, InferRunSettingsHelper.IsTestSettingsEnabled: Unable to navigate to RunSettings/MSTest. Current node: RunSettings
TpTrace Verbose: 0 : 16772, 1, 2022/04/17, 21:17:30.579, 21617821956350, vstest.console.dll, TestRequestSender is acting as server
TpTrace Verbose: 0 : 16772, 5, 2022/04/17, 21:17:30.585, 21617822014554, vstest.console.dll, DataCollectionRequestSender.InitializeCommunication : Initialize communication. 
TpTrace Information: 0 : 16772, 5, 2022/04/17, 21:17:30.592, 21617822080350, vstest.console.dll, Listening on Endpoint : 127.0.0.1:57432
TpTrace Verbose: 0 : 16772, 5, 2022/04/17, 21:17:30.605, 21617822217535, vstest.console.dll, DotnetDataCollectionLauncher: Full path of dotnet.exe is C:\Program Files\dotnet\dotnet.exe
TpTrace Verbose: 0 : 16772, 5, 2022/04/17, 21:17:30.606, 21617822219636, vstest.console.dll, DotnetDataCollectionLauncher: Adding  --runtimeconfig "C:\Program Files\dotnet\sdk\6.0.202\datacollector.runtimeconfig.json" in args
TpTrace Verbose: 0 : 16772, 5, 2022/04/17, 21:17:30.606, 21617822220894, vstest.console.dll, DotnetDataCollectionLauncher: Adding  --depsfile "C:\Program Files\dotnet\sdk\6.0.202\datacollector.deps.json" in args
TpTrace Information: 0 : 16772, 5, 2022/04/17, 21:17:30.618, 21617822339544, vstest.console.dll, ProxyDataCollectionManager.Initialize: Launched datacollector processId: 19112 port: 57432
TpTrace Information: 0 : 16772, 5, 2022/04/17, 21:17:30.618, 21617822341910, vstest.console.dll, ProxyDataCollectionManager.Initialize: waiting for connection with timeout: 90 seconds
TpTrace Verbose: 0 : 16772, 5, 2022/04/17, 21:17:30.618, 21617822342940, vstest.console.dll, DataCollectionRequestSender.WaitForRequestHandlerConnection : Waiting for connection with timeout: 90000
TpTrace Information: 0 : 16772, 8, 2022/04/17, 21:17:30.808, 21617824243017, vstest.console.dll, Using the buffer size of 16384 bytes
TpTrace Verbose: 0 : 16772, 5, 2022/04/17, 21:17:30.808, 21617824243882, vstest.console.dll, ProxyDataCollectionManager.InvokeDataCollectionServiceAction: Starting.
TpTrace Information: 0 : 16772, 8, 2022/04/17, 21:17:30.808, 21617824244374, vstest.console.dll, Accepted Client request and set the flag
TpTrace Information: 0 : 16772, 5, 2022/04/17, 21:17:30.808, 21617824245880, vstest.console.dll, ProxyDataCollectionManager.BeforeTestRunStart: Get environment variable and port for datacollector processId: 19112 port: 57432
TpTrace Verbose: 0 : 16772, 5, 2022/04/17, 21:17:30.808, 21617824247664, vstest.console.dll, DataCollectionRequestSender.SendBeforeTestRunStartAndGetResult : Send BeforeTestRunStart message with settingsXml <RunSettings><RunConfiguration><ResultsDirectory>C:\Users\Bogdan\OneDrive - Technical Lyceum NTUU KPI\Навчання\2курс\ASP.NET\Лаби_asp\Лаб1_asp\lab1_asp\TestProject1\bin\Debug\net6.0\fine-code-coverage\coverage-tool-output</ResultsDirectory><TargetPlatform>X64</TargetPlatform><TargetFrameworkVersion>.NETCoreApp,Version=v6.0</TargetFrameworkVersion><DesignMode>False</DesignMode><CollectSourceInformation>False</CollectSourceInformation><TestAdaptersPaths>C:\Program Files\dotnet\sdk\6.0.202\Extensions</TestAdaptersPaths></RunConfiguration><LoggerRunSettings><Loggers><Logger friendlyName="blame" enabled="True" /><Logger friendlyName="Console" uri="logger://microsoft/TestPlatform/ConsoleLogger/v1" assemblyQualifiedName="Microsoft.VisualStudio.TestPlatform.CommandLine.Internal.ConsoleLogger, vstest.console, Version=15.0.0.0, Culture=neutral, PublicKeyToken=b03f5f7f11d50a3a" codeBase="C:\Program Files\dotnet\sdk\6.0.202\vstest.console.dll" enabled="True" /></Loggers></LoggerRunSettings><DataCollectionRunSettings><DataCollectors><DataCollector friendlyName="blame" enabled="True"><Configuration><ResultsDirectory>C:\Users\Bogdan\OneDrive - Technical Lyceum NTUU KPI\Навчання\2курс\ASP.NET\Лаби_asp\Лаб1_asp\lab1_asp\TestProject1\bin\Debug\net6.0\fine-code-coverage\coverage-tool-output</ResultsDirectory></Configuration></DataCollector></DataCollectors></DataCollectionRunSettings></RunSettings> and sources System.Linq.Enumerable+Concat2Iterator`1[System.String]: 
TpTrace Verbose: 0 : 16772, 5, 2022/04/17, 21:17:30.927, 21617825429530, vstest.console.dll, DataCollectionRequestSender.SendBeforeTestRunStartAndGetResult : Received message: (DataCollection.SendMessage) -> {
  "FriendlyName": null,
  "Uri": null,
  "TestCaseId": "00000000-0000-0000-0000-000000000000",
  "Message": "Logging DataCollector Diagnostics in file: C:\\Users\\Bogdan\\OneDrive - Technical Lyceum NTUU KPI\\Навчання\\2курс\\ASP.NET\\Лаби_asp\\Лаб1_asp\\lab1_asp\\TestProject1\\bin\\Debug\\net6.0\\fine-code-coverage\\coverage-tool-output\\diagnostics.datacollector.22-04-17_21-17-30_60061_5.log",
  "Level": 0
}
TpTrace Information: 0 : 16772, 5, 2022/04/17, 21:17:30.935, 21617825509215, vstest.console.dll, AssemblyResolver.OnResolve: Microsoft.VisualStudio.TestPlatform.Common.resources: Resolving assembly.
TpTrace Information: 0 : 16772, 5, 2022/04/17, 21:17:30.935, 21617825510402, vstest.console.dll, AssemblyResolver.OnResolve: Microsoft.VisualStudio.TestPlatform.Common.resources: Searching in: 'C:\Program Files\dotnet\sdk\6.0.202\Extensions'.
TpTrace Information: 0 : 16772, 5, 2022/04/17, 21:17:30.935, 21617825511271, vstest.console.dll, AssemblyResolver.OnResolve: Microsoft.VisualStudio.TestPlatform.Common.resources: Assembly path does not exist: 'C:\Program Files\dotnet\sdk\6.0.202\Extensions\Microsoft.VisualStudio.TestPlatform.Common.resources.dll', returning.
TpTrace Information: 0 : 16772, 5, 2022/04/17, 21:17:30.935, 21617825512005, vstest.console.dll, AssemblyResolver.OnResolve: Microsoft.VisualStudio.TestPlatform.Common.resources: Assembly path does not exist: 'C:\Program Files\dotnet\sdk\6.0.202\Extensions\Microsoft.VisualStudio.TestPlatform.Common.resources.exe', returning.
TpTrace Information: 0 : 16772, 5, 2022/04/17, 21:17:30.935, 21617825512480, vstest.console.dll, AssemblyResolver.OnResolve: Microsoft.VisualStudio.TestPlatform.Common.resources: Searching in: 'C:\Program Files\dotnet\sdk\6.0.202'.
TpTrace Information: 0 : 16772, 5, 2022/04/17, 21:17:30.935, 21617825513127, vstest.console.dll, AssemblyResolver.OnResolve: Microsoft.VisualStudio.TestPlatform.Common.resources: Assembly path does not exist: 'C:\Program Files\dotnet\sdk\6.0.202\Microsoft.VisualStudio.TestPlatform.Common.resources.dll', returning.
TpTrace Information: 0 : 16772, 5, 2022/04/17, 21:17:30.935, 21617825513789, vstest.console.dll, AssemblyResolver.OnResolve: Microsoft.VisualStudio.TestPlatform.Common.resources: Assembly path does not exist: 'C:\Program Files\dotnet\sdk\6.0.202\Microsoft.VisualStudio.TestPlatform.Common.resources.exe', returning.
TpTrace Information: 0 : 16772, 5, 2022/04/17, 21:17:30.935, 21617825514274, vstest.console.dll, AssemblyResolver.OnResolve: Microsoft.VisualStudio.TestPlatform.Common.resources: Failed to load assembly.
TpTrace Verbose: 0 : 16772, 5, 2022/04/17, 21:17:31.030, 21617826461611, vstest.console.dll, DataCollectionRequestSender.SendBeforeTestRunStartAndGetResult : Received message: (DataCollection.BeforeTestRunStartResult) -> {
  "EnvironmentVariables": {},
  "DataCollectionEventsPort": 57434
}
TpTrace Information: 0 : 16772, 5, 2022/04/17, 21:17:31.038, 21617826546443, vstest.console.dll, ProxyDataCollectionManager.BeforeTestRunStart: SendBeforeTestRunStartAndGetResult successful, env variable from datacollector:   and testhost port: 57434
TpTrace Information: 0 : 16772, 5, 2022/04/17, 21:17:31.038, 21617826547844, vstest.console.dll, ProxyDataCollectionManager.InvokeDataCollectionServiceAction: Completed.
TpTrace Verbose: 0 : 16772, 1, 2022/04/17, 21:17:31.039, 21617826550377, vstest.console.dll, TestRunRequest.ExecuteAsync: Creating test run request.
TpTrace Verbose: 0 : 16772, 1, 2022/04/17, 21:17:31.040, 21617826558617, vstest.console.dll, TestRunRequest.ExecuteAsync: Starting.
TpTrace Information: 0 : 16772, 1, 2022/04/17, 21:17:31.040, 21617826563002, vstest.console.dll, TestRunRequest.ExecuteAsync: Starting run with settings:TestRunCriteria:
   KeepAlive=False,FrequencyOfRunStatsChangeEvent=10,RunStatsChangeEventTimeout=00:00:01.5000000,TestCaseFilter=,TestExecutorLauncher=
   Settingsxml=<RunSettings>
  <RunConfiguration>
    <ResultsDirectory>C:\Users\Bogdan\OneDrive - Technical Lyceum NTUU KPI\Навчання\2курс\ASP.NET\Лаби_asp\Лаб1_asp\lab1_asp\TestProject1\bin\Debug\net6.0\fine-code-coverage\coverage-tool-output</ResultsDirectory>
    <TargetPlatform>X64</TargetPlatform>
    <TargetFrameworkVersion>.NETCoreApp,Version=v6.0</TargetFrameworkVersion>
    <DesignMode>False</DesignMode>
    <CollectSourceInformation>False</CollectSourceInformation>
  </RunConfiguration>
  <LoggerRunSettings>
    <Loggers>
      <Logger friendlyName="blame" enabled="True" />
      <Logger friendlyName="Console" uri="logger://microsoft/TestPlatform/ConsoleLogger/v1" assemblyQualifiedName="Microsoft.VisualStudio.TestPlatform.CommandLine.Internal.ConsoleLogger, vstest.console, Version=15.0.0.0, Culture=neutral, PublicKeyToken=b03f5f7f11d50a3a" codeBase="C:\Program Files\dotnet\sdk\6.0.202\vstest.console.dll" enabled="True" />
    </Loggers>
  </LoggerRunSettings>
  <DataCollectionRunSettings>
    <DataCollectors>
      <DataCollector friendlyName="blame" enabled="True">
        <Configuration>
          <ResultsDirectory>C:\Users\Bogdan\OneDrive - Technical Lyceum NTUU KPI\Навчання\2курс\ASP.NET\Лаби_asp\Лаб1_asp\lab1_asp\TestProject1\bin\Debug\net6.0\fine-code-coverage\coverage-tool-output</ResultsDirectory>
        </Configuration>
      </DataCollector>
    </DataCollectors>
  </DataCollectionRunSettings>
</RunSettings>

TpTrace Verbose: 0 : 16772, 1, 2022/04/17, 21:17:31.040, 21617826563748, vstest.console.dll, TestRunRequest.ExecuteAsync: Wait for the first run request is over.
TpTrace Verbose: 0 : 16772, 1, 2022/04/17, 21:17:31.040, 21617826568399, vstest.console.dll, ParallelProxyExecutionManager: Start execution. Total sources: 1
TpTrace Information: 0 : 16772, 1, 2022/04/17, 21:17:31.041, 21617826576995, vstest.console.dll, ProxyParallelExecutionManager: Triggering test run for next source: C:\Users\Bogdan\OneDrive - Technical Lyceum NTUU KPI\Навчання\2курс\ASP.NET\Лаби_asp\Лаб1_asp\lab1_asp\TestProject1\bin\Debug\net6.0\fine-code-coverage\build-output\TestProject1.dll
TpTrace Verbose: 0 : 16772, 1, 2022/04/17, 21:17:31.042, 21617826579213, vstest.console.dll, ProxyParallelExecutionManager: No sources available for execution.
TpTrace Information: 0 : 16772, 1, 2022/04/17, 21:17:31.042, 21617826579904, vstest.console.dll, TestRunRequest.ExecuteAsync: Started.
TpTrace Verbose: 0 : 16772, 5, 2022/04/17, 21:17:31.042, 21617826579212, vstest.console.dll, ParallelProxyExecutionManager: Execution started. Started clients: 1
TpTrace Verbose: 0 : 16772, 1, 2022/04/17, 21:17:31.042, 21617826581831, vstest.console.dll, TestRunRequest.WaitForCompletion: Waiting with timeout -1.
TpTrace Verbose: 0 : 16772, 5, 2022/04/17, 21:17:31.042, 21617826583831, vstest.console.dll, TestRunRequest:SendTestRunMessage: Starting.
TpTrace Information: 0 : 16772, 5, 2022/04/17, 21:17:31.042, 21617826585132, vstest.console.dll, TestRunRequest:SendTestRunMessage: Completed.
TpTrace Verbose: 0 : 16772, 5, 2022/04/17, 21:17:31.042, 21617826587518, vstest.console.dll, ProxyExecutionManager: Test host is always Lazy initialize.
TpTrace Verbose: 0 : 16772, 5, 2022/04/17, 21:17:31.043, 21617826589786, vstest.console.dll, TestRequestSender.InitializeCommunication: initialize communication. 
TpTrace Information: 0 : 16772, 5, 2022/04/17, 21:17:31.043, 21617826596174, vstest.console.dll, SocketServer.Start: Listening on endpoint : 127.0.0.1:57435
TpTrace Verbose: 0 : 16772, 5, 2022/04/17, 21:17:31.044, 21617826606441, vstest.console.dll, DotnetTestHostmanager.GetTestHostProcessStartInfo: Platform environment 'X64' target architecture 'X64' framework '.NETCoreApp,Version=v6.0' OS 'Windows'
TpTrace Verbose: 0 : 16772, 5, 2022/04/17, 21:17:31.045, 21617826610803, vstest.console.dll, DotnetTestHostmanager: Adding  --runtimeconfig "C:\Users\Bogdan\OneDrive - Technical Lyceum NTUU KPI\Навчання\2курс\ASP.NET\Лаби_asp\Лаб1_asp\lab1_asp\TestProject1\bin\Debug\net6.0\fine-code-coverage\build-output\TestProject1.runtimeconfig.json" in args
TpTrace Verbose: 0 : 16772, 5, 2022/04/17, 21:17:31.045, 21617826614050, vstest.console.dll, DotnetTestHostmanager: Adding  --depsfile "C:\Users\Bogdan\OneDrive - Technical Lyceum NTUU KPI\Навчання\2курс\ASP.NET\Лаби_asp\Лаб1_asp\lab1_asp\TestProject1\bin\Debug\net6.0\fine-code-coverage\build-output\TestProject1.deps.json" in args
TpTrace Verbose: 0 : 16772, 5, 2022/04/17, 21:17:31.048, 21617826641140, vstest.console.dll, DotnetTestHostmanager.IsWinOnArm: Current PROCESSOR_ARCHITECTURE from registry 'AMD64'
TpTrace Verbose: 0 : 16772, 5, 2022/04/17, 21:17:31.048, 21617826643588, vstest.console.dll, DotnetTestHostmanager.IsWinOnArm: Is Windows on ARM 'False'
TpTrace Verbose: 0 : 16772, 5, 2022/04/17, 21:17:31.048, 21617826645637, vstest.console.dll, DotnetTestHostManager: testhost.exe found at path: C:\Users\Bogdan\OneDrive - Technical Lyceum NTUU KPI\Навчання\2курс\ASP.NET\Лаби_asp\Лаб1_asp\lab1_asp\TestProject1\bin\Debug\net6.0\fine-code-coverage\build-output\testhost.exe
TpTrace Verbose: 0 : 16772, 5, 2022/04/17, 21:17:31.048, 21617826646719, vstest.console.dll, DotnetTestHostmanager: Full path of host exe is C:\Users\Bogdan\OneDrive - Technical Lyceum NTUU KPI\Навчання\2курс\ASP.NET\Лаби_asp\Лаб1_asp\lab1_asp\TestProject1\bin\Debug\net6.0\fine-code-coverage\build-output\testhost.exe
TpTrace Verbose: 0 : 16772, 5, 2022/04/17, 21:17:31.049, 21617826649903, vstest.console.dll, DotnetTestHostmanager.LaunchTestHostAsync: Found 'VSTEST_WINAPPHOST_DOTNET_ROOT' in env variables, value 'C:\Program Files\dotnet'
TpTrace Verbose: 0 : 16772, 7, 2022/04/17, 21:17:31.050, 21617826667368, vstest.console.dll, DotnetTestHostManager: Starting process 'C:\Users\Bogdan\OneDrive - Technical Lyceum NTUU KPI\Навчання\2курс\ASP.NET\Лаби_asp\Лаб1_asp\lab1_asp\TestProject1\bin\Debug\net6.0\fine-code-coverage\build-output\testhost.exe' with command line ' --runtimeconfig "C:\Users\Bogdan\OneDrive - Technical Lyceum NTUU KPI\Навчання\2курс\ASP.NET\Лаби_asp\Лаб1_asp\lab1_asp\TestProject1\bin\Debug\net6.0\fine-code-coverage\build-output\TestProject1.runtimeconfig.json" --depsfile "C:\Users\Bogdan\OneDrive - Technical Lyceum NTUU KPI\Навчання\2курс\ASP.NET\Лаби_asp\Лаб1_asp\lab1_asp\TestProject1\bin\Debug\net6.0\fine-code-coverage\build-output\TestProject1.deps.json" --port 57435 --endpoint 127.0.0.1:057435 --role client --parentprocessid 16772 --diag "C:\Users\Bogdan\OneDrive - Technical Lyceum NTUU KPI\Навчання\2курс\ASP.NET\Лаби_asp\Лаб1_asp\lab1_asp\TestProject1\bin\Debug\net6.0\fine-code-coverage\coverage-tool-output\diagnostics.host.22-04-17_21-17-31_04431_5.log" --tracelevel 4 --datacollectionport 57434 --telemetryoptedin false'
TpTrace Verbose: 0 : 16772, 7, 2022/04/17, 21:17:31.113, 21617827289938, vstest.console.dll, Test Runtime launched
TpTrace Verbose: 0 : 16772, 5, 2022/04/17, 21:17:31.114, 21617827300439, vstest.console.dll, TestRequestSender.WaitForRequestHandlerConnection: waiting for connection with timeout: 90000
TpTrace Verbose: 0 : 16772, 11, 2022/04/17, 21:17:31.368, 21617829842695, vstest.console.dll, SocketServer.OnClientConnected: Client connected for endPoint: 127.0.0.1:57435, starting MessageLoopAsync:
TpTrace Verbose: 0 : 16772, 11, 2022/04/17, 21:17:31.370, 21617829861558, vstest.console.dll, TcpClientExtensions.MessageLoopAsync: Polling on remoteEndPoint: 127.0.0.1:57436 localEndPoint: 127.0.0.1:57435
TpTrace Verbose: 0 : 16772, 5, 2022/04/17, 21:17:31.377, 21617829929156, vstest.console.dll, TestRequestSender.CheckVersionWithTestHost: Sending check version message: {"MessageType":"ProtocolVersion","Payload":5}
TpTrace Verbose: 0 : 16772, 11, 2022/04/17, 21:17:31.567, 21617831829307, vstest.console.dll, TcpClientExtensions.MessageLoopAsync: NotifyDataAvailable remoteEndPoint: 127.0.0.1:57436 localEndPoint: 127.0.0.1:57435
TpTrace Verbose: 0 : 16772, 11, 2022/04/17, 21:17:31.567, 21617831831977, vstest.console.dll, TestRequestSender.CheckVersionWithTestHost: onMessageReceived received message: (ProtocolVersion) -> 5
TpTrace Verbose: 0 : 16772, 11, 2022/04/17, 21:17:31.567, 21617831835949, vstest.console.dll, TcpClientExtensions.MessageLoopAsync: Polling on remoteEndPoint: 127.0.0.1:57436 localEndPoint: 127.0.0.1:57435
TpTrace Verbose: 0 : 16772, 5, 2022/04/17, 21:17:31.567, 21617831837057, vstest.console.dll, TestPluginCache.GetExtensionPaths: Filtered extension paths: 
TpTrace Verbose: 0 : 16772, 5, 2022/04/17, 21:17:31.567, 21617831837936, vstest.console.dll, TestPluginCache.GetExtensionPaths: Added default extension paths: C:\Program Files\dotnet\sdk\6.0.202\Extensions\DumpMinitool.exe
C:\Program Files\dotnet\sdk\6.0.202\Extensions\DumpMinitool.x86.exe
C:\Program Files\dotnet\sdk\6.0.202\Extensions\Microsoft.Diagnostics.NETCore.Client.dll
C:\Program Files\dotnet\sdk\6.0.202\Extensions\Microsoft.TestPlatform.Extensions.BlameDataCollector.dll
C:\Program Files\dotnet\sdk\6.0.202\Extensions\Microsoft.TestPlatform.Extensions.EventLogCollector.dll
C:\Program Files\dotnet\sdk\6.0.202\Extensions\Microsoft.TestPlatform.TestHostRuntimeProvider.dll
C:\Program Files\dotnet\sdk\6.0.202\Extensions\Microsoft.VisualStudio.TestPlatform.Extensions.Html.TestLogger.dll
C:\Program Files\dotnet\sdk\6.0.202\Extensions\Microsoft.VisualStudio.TestPlatform.Extensions.Trx.TestLogger.dll
TpTrace Verbose: 0 : 16772, 5, 2022/04/17, 21:17:31.568, 21617831838835, vstest.console.dll, TestPluginCache.GetExtensionPaths: Added unfilterableExtensionPaths: 
TpTrace Verbose: 0 : 16772, 5, 2022/04/17, 21:17:31.574, 21617831905914, vstest.console.dll, TestRequestSender.InitializeExecution: Sending initialize execution with message: {"Version":5,"MessageType":"TestExecution.Initialize","Payload":["C:\\Users\\Bogdan\\OneDrive - Technical Lyceum NTUU KPI\\Навчання\\2курс\\ASP.NET\\Лаби_asp\\Лаб1_asp\\lab1_asp\\TestProject1\\bin\\Debug\\net6.0\\fine-code-coverage\\build-output\\xunit.runner.visualstudio.dotnetcore.testadapter.dll"]}
TpTrace Warning: 0 : 16772, 5, 2022/04/17, 21:17:31.575, 21617831910432, vstest.console.dll, InferRunSettingsHelper.MakeRunsettingsCompatible: Removing the following settings: TargetPlatform from RunSettings file. To use those settings please move to latest version of Microsoft.NET.Test.Sdk
TpTrace Verbose: 0 : 16772, 5, 2022/04/17, 21:17:31.593, 21617832094633, vstest.console.dll, TestRequestSender.StartTestRun: Sending test run with message: {"Version":5,"MessageType":"TestExecution.StartWithSources","Payload":{"AdapterSourceMap":{"_none_":["C:\\Users\\Bogdan\\OneDrive - Technical Lyceum NTUU KPI\\Навчання\\2курс\\ASP.NET\\Лаби_asp\\Лаб1_asp\\lab1_asp\\TestProject1\\bin\\Debug\\net6.0\\fine-code-coverage\\build-output\\TestProject1.dll"]},"RunSettings":"<RunSettings>\r\n  <RunConfiguration>\r\n    <ResultsDirectory>C:\\Users\\Bogdan\\OneDrive - Technical Lyceum NTUU KPI\\Навчання\\2курс\\ASP.NET\\Лаби_asp\\Лаб1_asp\\lab1_asp\\TestProject1\\bin\\Debug\\net6.0\\fine-code-coverage\\coverage-tool-output</ResultsDirectory>\r\n    <TargetFrameworkVersion>.NETCoreApp,Version=v6.0</TargetFrameworkVersion>\r\n    <DesignMode>False</DesignMode>\r\n    <CollectSourceInformation>False</CollectSourceInformation>\r\n  </RunConfiguration>\r\n  <LoggerRunSettings>\r\n    <Loggers>\r\n      <Logger friendlyName=\"blame\" enabled=\"True\" />\r\n      <Logger friendlyName=\"Console\" uri=\"logger://microsoft/TestPlatform/ConsoleLogger/v1\" assemblyQualifiedName=\"Microsoft.VisualStudio.TestPlatform.CommandLine.Internal.ConsoleLogger, vstest.console, Version=15.0.0.0, Culture=neutral, PublicKeyToken=b03f5f7f11d50a3a\" codeBase=\"C:\\Program Files\\dotnet\\sdk\\6.0.202\\vstest.console.dll\" enabled=\"True\" />\r\n    </Loggers>\r\n  </LoggerRunSettings>\r\n  <DataCollectionRunSettings>\r\n    <DataCollectors>\r\n      <DataCollector friendlyName=\"blame\" enabled=\"True\">\r\n        <Configuration>\r\n          <ResultsDirectory>C:\\Users\\Bogdan\\OneDrive - Technical Lyceum NTUU KPI\\Навчання\\2курс\\ASP.NET\\Лаби_asp\\Лаб1_asp\\lab1_asp\\TestProject1\\bin\\Debug\\net6.0\\fine-code-coverage\\coverage-tool-output</ResultsDirectory>\r\n        </Configuration>\r\n      </DataCollector>\r\n    </DataCollectors>\r\n  </DataCollectionRunSettings>\r\n</RunSettings>","TestExecutionContext":{"FrequencyOfRunStatsChangeEvent":10,"RunStatsChangeEventTimeout":"00:00:01.5000000","InIsolation":false,"KeepAlive":false,"AreTestCaseLevelEventsRequired":false,"IsDebug":false,"TestCaseFilter":null,"FilterOptions":null},"Package":null}}
TpTrace Verbose: 0 : 16772, 11, 2022/04/17, 21:17:31.611, 21617832274306, vstest.console.dll, TcpClientExtensions.MessageLoopAsync: NotifyDataAvailable remoteEndPoint: 127.0.0.1:57436 localEndPoint: 127.0.0.1:57435
TpTrace Verbose: 0 : 16772, 11, 2022/04/17, 21:17:31.611, 21617832276688, vstest.console.dll, TestRequestSender.OnExecutionMessageReceived: Received message: {"Version":5,"MessageType":"TestSession.Message","Payload":{"MessageLevel":0,"Message":"Ведение журналов диагностики TestHost в файле: C:\\Users\\Bogdan\\OneDrive - Technical Lyceum NTUU KPI\\Навчання\\2курс\\ASP.NET\\Лаби_asp\\Лаб1_asp\\lab1_asp\\TestProject1\\bin\\Debug\\net6.0\\fine-code-coverage\\coverage-tool-output\\diagnostics.host.22-04-17_21-17-31_04431_5.log"}}
TpTrace Verbose: 0 : 16772, 11, 2022/04/17, 21:17:31.615, 21617832309980, vstest.console.dll, TestRunRequest:SendTestRunMessage: Starting.
TpTrace Information: 0 : 16772, 11, 2022/04/17, 21:17:31.615, 21617832312070, vstest.console.dll, TestRunRequest:SendTestRunMessage: Completed.
TpTrace Verbose: 0 : 16772, 11, 2022/04/17, 21:17:31.615, 21617832312929, vstest.console.dll, TcpClientExtensions.MessageLoopAsync: Polling on remoteEndPoint: 127.0.0.1:57436 localEndPoint: 127.0.0.1:57435
TpTrace Verbose: 0 : 16772, 11, 2022/04/17, 21:17:31.884, 21617835002177, vstest.console.dll, TcpClientExtensions.MessageLoopAsync: NotifyDataAvailable remoteEndPoint: 127.0.0.1:57436 localEndPoint: 127.0.0.1:57435
TpTrace Verbose: 0 : 16772, 11, 2022/04/17, 21:17:31.884, 21617835003831, vstest.console.dll, TestRequestSender.OnExecutionMessageReceived: Received message: {"Version":5,"MessageType":"TestSession.Message","Payload":{"MessageLevel":0,"Message":"[xUnit.net 00:00:00.00] xUnit.net VSTest Adapter v2.4.3+1b45f5407b (64-bit .NET 6.0.4)"}}
TpTrace Verbose: 0 : 16772, 11, 2022/04/17, 21:17:31.884, 21617835007146, vstest.console.dll, TestRunRequest:SendTestRunMessage: Starting.
TpTrace Information: 0 : 16772, 11, 2022/04/17, 21:17:31.884, 21617835007992, vstest.console.dll, TestRunRequest:SendTestRunMessage: Completed.
TpTrace Verbose: 0 : 16772, 11, 2022/04/17, 21:17:31.885, 21617835009109, vstest.console.dll, TcpClientExtensions.MessageLoopAsync: Polling on remoteEndPoint: 127.0.0.1:57436 localEndPoint: 127.0.0.1:57435
TpTrace Verbose: 0 : 16772, 11, 2022/04/17, 21:17:32.582, 21617841981812, vstest.console.dll, TcpClientExtensions.MessageLoopAsync: NotifyDataAvailable remoteEndPoint: 127.0.0.1:57436 localEndPoint: 127.0.0.1:57435
TpTrace Verbose: 0 : 16772, 11, 2022/04/17, 21:17:32.582, 21617841983393, vstest.console.dll, TestRequestSender.OnExecutionMessageReceived: Received message: {"Version":5,"MessageType":"TestSession.Message","Payload":{"MessageLevel":0,"Message":"[xUnit.net 00:00:00.71]   Discovering: TestProject1"}}
TpTrace Verbose: 0 : 16772, 11, 2022/04/17, 21:17:32.582, 21617841986178, vstest.console.dll, TestRunRequest:SendTestRunMessage: Starting.
TpTrace Information: 0 : 16772, 11, 2022/04/17, 21:17:32.582, 21617841987045, vstest.console.dll, TestRunRequest:SendTestRunMessage: Completed.
TpTrace Verbose: 0 : 16772, 11, 2022/04/17, 21:17:32.582, 21617841987737, vstest.console.dll, TcpClientExtensions.MessageLoopAsync: Polling on remoteEndPoint: 127.0.0.1:57436 localEndPoint: 127.0.0.1:57435
TpTrace Verbose: 0 : 16772, 11, 2022/04/17, 21:17:32.658, 21617842746942, vstest.console.dll, TcpClientExtensions.MessageLoopAsync: NotifyDataAvailable remoteEndPoint: 127.0.0.1:57436 localEndPoint: 127.0.0.1:57435
TpTrace Verbose: 0 : 16772, 11, 2022/04/17, 21:17:32.659, 21617842748529, vstest.console.dll, TestRequestSender.OnExecutionMessageReceived: Received message: {"Version":5,"MessageType":"TestSession.Message","Payload":{"MessageLevel":0,"Message":"[xUnit.net 00:00:00.78]   Discovered:  TestProject1"}}
TpTrace Verbose: 0 : 16772, 11, 2022/04/17, 21:17:32.659, 21617842750762, vstest.console.dll, TestRunRequest:SendTestRunMessage: Starting.
TpTrace Information: 0 : 16772, 11, 2022/04/17, 21:17:32.659, 21617842751857, vstest.console.dll, TestRunRequest:SendTestRunMessage: Completed.
TpTrace Verbose: 0 : 16772, 11, 2022/04/17, 21:17:32.659, 21617842752545, vstest.console.dll, TcpClientExtensions.MessageLoopAsync: Polling on remoteEndPoint: 127.0.0.1:57436 localEndPoint: 127.0.0.1:57435
TpTrace Verbose: 0 : 16772, 11, 2022/04/17, 21:17:32.662, 21617842784978, vstest.console.dll, TcpClientExtensions.MessageLoopAsync: NotifyDataAvailable remoteEndPoint: 127.0.0.1:57436 localEndPoint: 127.0.0.1:57435
TpTrace Verbose: 0 : 16772, 11, 2022/04/17, 21:17:32.662, 21617842786969, vstest.console.dll, TestRequestSender.OnExecutionMessageReceived: Received message: {"Version":5,"MessageType":"TestSession.Message","Payload":{"MessageLevel":0,"Message":"[xUnit.net 00:00:00.79]   Starting:    TestProject1"}}
TpTrace Verbose: 0 : 16772, 11, 2022/04/17, 21:17:32.663, 21617842789161, vstest.console.dll, TestRunRequest:SendTestRunMessage: Starting.
TpTrace Information: 0 : 16772, 11, 2022/04/17, 21:17:32.663, 21617842789973, vstest.console.dll, TestRunRequest:SendTestRunMessage: Completed.
TpTrace Verbose: 0 : 16772, 11, 2022/04/17, 21:17:32.663, 21617842790586, vstest.console.dll, TcpClientExtensions.MessageLoopAsync: Polling on remoteEndPoint: 127.0.0.1:57436 localEndPoint: 127.0.0.1:57435
TpTrace Verbose: 0 : 16772, 11, 2022/04/17, 21:17:32.871, 21617844869341, vstest.console.dll, TcpClientExtensions.MessageLoopAsync: NotifyDataAvailable remoteEndPoint: 127.0.0.1:57436 localEndPoint: 127.0.0.1:57435
TpTrace Verbose: 0 : 16772, 11, 2022/04/17, 21:17:32.871, 21617844872386, vstest.console.dll, TestRequestSender.OnExecutionMessageReceived: Received message: {"Version":5,"MessageType":"TestExecution.StatsChange","Payload":{"NewTestResults":[{"TestCase":{"Id":"4afad55f-b4c8-fc03-d443-d61dda976d34","FullyQualifiedName":"TestProject1.DictionaryTest.AddWithoutException","DisplayName":"TestProject1.DictionaryTest.AddWithoutException(key: 6, value: \"шість\")","ExecutorUri":"executor://xunit/VsTestRunner2/netcoreapp","Source":"C:\\Users\\Bogdan\\OneDrive - Technical Lyceum NTUU KPI\\Навчання\\2курс\\ASP.NET\\Лаби_asp\\Лаб1_asp\\lab1_asp\\TestProject1\\bin\\Debug\\net6.0\\fine-code-coverage\\build-output\\TestProject1.dll","CodeFilePath":null,"LineNumber":0,"Properties":[]},"Attachments":[],"Outcome":1,"ErrorMessage":null,"ErrorStackTrace":null,"DisplayName":"TestProject1.DictionaryTest.AddWithoutException(key: 6, value: \"шість\")","Messages":[],"ComputerName":"STYSUK","Duration":"00:00:00.0113118","StartTime":"2022-04-17T18:17:32.7861907+00:00","EndTime":"2022-04-17T18:17:32.7862416+00:00","Properties":[]},{"TestCase":{"Id":"dbd04f71-f1f6-bf2e-7920-21c6f10e2d79","FullyQualifiedName":"TestProject1.DictionaryTest.AddWithoutException","DisplayName":"TestProject1.DictionaryTest.AddWithoutException(key: 5, value: \"п'ять\")","ExecutorUri":"executor://xunit/VsTestRunner2/netcoreapp","Source":"C:\\Users\\Bogdan\\OneDrive - Technical Lyceum NTUU KPI\\Навчання\\2курс\\ASP.NET\\Лаби_asp\\Лаб1_asp\\lab1_asp\\TestProject1\\bin\\Debug\\net6.0\\fine-code-coverage\\build-output\\TestProject1.dll","CodeFilePath":null,"LineNumber":0,"Properties":[]},"Attachments":[],"Outcome":1,"ErrorMessage":null,"ErrorStackTrace":null,"DisplayName":"TestProject1.DictionaryTest.AddWithoutException(key: 5, value: \"п'ять\")","Messages":[],"ComputerName":"STYSUK","Duration":"00:00:00.0000584","StartTime":"2022-04-17T18:17:32.8129662+00:00","EndTime":"2022-04-17T18:17:32.8129665+00:00","Properties":[]},{"TestCase":{"Id":"34ca773a-c0c7-475c-ef83-4707af81a312","FullyQualifiedName":"TestProject1.DictionaryTest.AddWithoutException","DisplayName":"TestProject1.DictionaryTest.AddWithoutException(key: 3, value: \"три\")","ExecutorUri":"executor://xunit/VsTestRunner2/netcoreapp","Source":"C:\\Users\\Bogdan\\OneDrive - Technical Lyceum NTUU KPI\\Навчання\\2курс\\ASP.NET\\Лаби_asp\\Лаб1_asp\\lab1_asp\\TestProject1\\bin\\Debug\\net6.0\\fine-code-coverage\\build-output\\TestProject1.dll","CodeFilePath":null,"LineNumber":0,"Properties":[]},"Attachments":[],"Outcome":1,"ErrorMessage":null,"ErrorStackTrace":null,"DisplayName":"TestProject1.DictionaryTest.AddWithoutException(key: 3, value: \"три\")","Messages":[],"ComputerName":"STYSUK","Duration":"00:00:00.0000211","StartTime":"2022-04-17T18:17:32.8153459+00:00","EndTime":"2022-04-17T18:17:32.8153461+00:00","Properties":[]},{"TestCase":{"Id":"09ba7622-7fef-01c5-150a-70091fb75617","FullyQualifiedName":"TestProject1.DictionaryTest.AddWithoutException","DisplayName":"TestProject1.DictionaryTest.AddWithoutException(key: 7, value: \"сім\")","ExecutorUri":"executor://xunit/VsTestRunner2/netcoreapp","Source":"C:\\Users\\Bogdan\\OneDrive - Technical Lyceum NTUU KPI\\Навчання\\2курс\\ASP.NET\\Лаби_asp\\Лаб1_asp\\lab1_asp\\TestProject1\\bin\\Debug\\net6.0\\fine-code-coverage\\build-output\\TestProject1.dll","CodeFilePath":null,"LineNumber":0,"Properties":[]},"Attachments":[],"Outcome":1,"ErrorMessage":null,"ErrorStackTrace":null,"DisplayName":"TestProject1.DictionaryTest.AddWithoutException(key: 7, value: \"сім\")","Messages":[],"ComputerName":"STYSUK","Duration":"00:00:00.0000139","StartTime":"2022-04-17T18:17:32.8186501+00:00","EndTime":"2022-04-17T18:17:32.8186502+00:00","Properties":[]},{"TestCase":{"Id":"40c07fa7-474a-b8a5-8202-e734e7c77569","FullyQualifiedName":"TestProject1.DictionaryTest.AddWithoutException","DisplayName":"TestProject1.DictionaryTest.AddWithoutException(key: 4, value: \"чотири\")","ExecutorUri":"executor://xunit/VsTestRunner2/netcoreapp","Source":"C:\\Users\\Bogdan\\OneDrive - Technical Lyceum NTUU KPI\\Навчання\\2курс\\ASP.NET\\Лаби_asp\\Лаб1_asp\\lab1_asp\\TestProject1\\bin\\Debug\\net6.0\\fine-code-coverage\\build-output\\TestProject1.dll","CodeFilePath":null,"LineNumber":0,"Properties":[]},"Attachments":[],"Outcome":1,"ErrorMessage":null,"ErrorStackTrace":null,"DisplayName":"TestProject1.DictionaryTest.AddWithoutException(key: 4, value: \"чотири\")","Messages":[],"ComputerName":"STYSUK","Duration":"00:00:00.0000130","StartTime":"2022-04-17T18:17:32.8210923+00:00","EndTime":"2022-04-17T18:17:32.8210925+00:00","Properties":[]},{"TestCase":{"Id":"7c2185e9-6078-b40d-defa-f494fbd7b347","FullyQualifiedName":"TestProject1.DictionaryTest.AddWithoutException","DisplayName":"TestProject1.DictionaryTest.AddWithoutException(key: 8, value: \"вісім\")","ExecutorUri":"executor://xunit/VsTestRunner2/netcoreapp","Source":"C:\\Users\\Bogdan\\OneDrive - Technical Lyceum NTUU KPI\\Навчання\\2курс\\ASP.NET\\Лаби_asp\\Лаб1_asp\\lab1_asp\\TestProject1\\bin\\Debug\\net6.0\\fine-code-coverage\\build-output\\TestProject1.dll","CodeFilePath":null,"LineNumber":0,"Properties":[]},"Attachments":[],"Outcome":1,"ErrorMessage":null,"ErrorStackTrace":null,"DisplayName":"TestProject1.DictionaryTest.AddWithoutException(key: 8, value: \"вісім\")","Messages":[],"ComputerName":"STYSUK","Duration":"00:00:00.0000181","StartTime":"2022-04-17T18:17:32.8233179+00:00","EndTime":"2022-04-17T18:17:32.8233181+00:00","Properties":[]},{"TestCase":{"Id":"fe9f8391-e730-920a-bbf9-cb6f33af3d7a","FullyQualifiedName":"TestProject1.DictionaryTest.AddWithoutException","DisplayName":"TestProject1.DictionaryTest.AddWithoutException(key: 2, value: \"два\")","ExecutorUri":"executor://xunit/VsTestRunner2/netcoreapp","Source":"C:\\Users\\Bogdan\\OneDrive - Technical Lyceum NTUU KPI\\Навчання\\2курс\\ASP.NET\\Лаби_asp\\Лаб1_asp\\lab1_asp\\TestProject1\\bin\\Debug\\net6.0\\fine-code-coverage\\build-output\\TestProject1.dll","CodeFilePath":null,"LineNumber":0,"Properties":[]},"Attachments":[],"Outcome":1,"ErrorMessage":null,"ErrorStackTrace":null,"DisplayName":"TestProject1.DictionaryTest.AddWithoutException(key: 2, value: \"два\")","Messages":[],"ComputerName":"STYSUK","Duration":"00:00:00.0000165","StartTime":"2022-04-17T18:17:32.8251419+00:00","EndTime":"2022-04-17T18:17:32.825142+00:00","Properties":[]},{"TestCase":{"Id":"b0cccdfb-754f-4ad2-04fc-f364c77cbb4b","FullyQualifiedName":"TestProject1.DictionaryTest.Indexer_GetInCorrect","DisplayName":"TestProject1.DictionaryTest.Indexer_GetInCorrect(key: null)","ExecutorUri":"executor://xunit/VsTestRunner2/netcoreapp","Source":"C:\\Users\\Bogdan\\OneDrive - Technical Lyceum NTUU KPI\\Навчання\\2курс\\ASP.NET\\Лаби_asp\\Лаб1_asp\\lab1_asp\\TestProject1\\bin\\Debug\\net6.0\\fine-code-coverage\\build-output\\TestProject1.dll","CodeFilePath":null,"LineNumber":0,"Properties":[]},"Attachments":[],"Outcome":1,"ErrorMessage":null,"ErrorStackTrace":null,"DisplayName":"TestProject1.DictionaryTest.Indexer_GetInCorrect(key: null)","Messages":[],"ComputerName":"STYSUK","Duration":"00:00:00.0030259","StartTime":"2022-04-17T18:17:32.8270809+00:00","EndTime":"2022-04-17T18:17:32.827081+00:00","Properties":[]},{"TestCase":{"Id":"c77c753d-02a7-bd67-5420-057420ea2484","FullyQualifiedName":"TestProject1.DictionaryTest.Indexer_GetInCorrect","DisplayName":"TestProject1.DictionaryTest.Indexer_GetInCorrect(key: 8)","ExecutorUri":"executor://xunit/VsTestRunner2/netcoreapp","Source":"C:\\Users\\Bogdan\\OneDrive - Technical Lyceum NTUU KPI\\Навчання\\2курс\\ASP.NET\\Лаби_asp\\Лаб1_asp\\lab1_asp\\TestProject1\\bin\\Debug\\net6.0\\fine-code-coverage\\build-output\\TestProject1.dll","CodeFilePath":null,"LineNumber":0,"Properties":[]},"Attachments":[],"Outcome":1,"ErrorMessage":null,"ErrorStackTrace":null,"DisplayName":"TestProject1.DictionaryTest.Indexer_GetInCorrect(key: 8)","Messages":[],"ComputerName":"STYSUK","Duration":"00:00:00.0001458","StartTime":"2022-04-17T18:17:32.8288805+00:00","EndTime":"2022-04-17T18:17:32.8288807+00:00","Properties":[]}],"TestRunStatistics":{"ExecutedTests":9,"Stats":{"Passed":9}},"ActiveTests":[{"Id":"a7d1bae4-d8c9-caa4-719c-7877bbcb6d76","FullyQualifiedName":"TestProject1.DictionaryTest.AddWithException","DisplayName":"TestProject1.DictionaryTest.AddWithException(key: null, value: null)","ExecutorUri":"executor://xunit/VsTestRunner2/netcoreapp","Source":"C:\\Users\\Bogdan\\OneDrive - Technical Lyceum NTUU KPI\\Навчання\\2курс\\ASP.NET\\Лаби_asp\\Лаб1_asp\\lab1_asp\\TestProject1\\bin\\Debug\\net6.0\\fine-code-coverage\\build-output\\TestProject1.dll","CodeFilePath":null,"LineNumber":0,"Properties":[]}]}}
TpTrace Verbose: 0 : 16772, 11, 2022/04/17, 21:17:32.900, 21617845167980, vstest.console.dll, TestRunRequest:SendTestRunStatsChange: Starting.
TpTrace Verbose: 0 : 16772, 11, 2022/04/17, 21:17:32.901, 21617845169242, vstest.console.dll, InProgress is TestProject1.DictionaryTest.AddWithException(key: null, value: null)
TpTrace Information: 0 : 16772, 11, 2022/04/17, 21:17:32.901, 21617845172124, vstest.console.dll, TestRunRequest:SendTestRunStatsChange: Completed.
TpTrace Verbose: 0 : 16772, 11, 2022/04/17, 21:17:32.901, 21617845172687, vstest.console.dll, TcpClientExtensions.MessageLoopAsync: Polling on remoteEndPoint: 127.0.0.1:57436 localEndPoint: 127.0.0.1:57435
TpTrace Verbose: 0 : 16772, 11, 2022/04/17, 21:17:32.911, 21617845271084, vstest.console.dll, TcpClientExtensions.MessageLoopAsync: NotifyDataAvailable remoteEndPoint: 127.0.0.1:57436 localEndPoint: 127.0.0.1:57435
TpTrace Verbose: 0 : 16772, 11, 2022/04/17, 21:17:32.911, 21617845274340, vstest.console.dll, TestRequestSender.OnExecutionMessageReceived: Received message: {"Version":5,"MessageType":"TestExecution.StatsChange","Payload":{"NewTestResults":[{"TestCase":{"Id":"a7d1bae4-d8c9-caa4-719c-7877bbcb6d76","FullyQualifiedName":"TestProject1.DictionaryTest.AddWithException","DisplayName":"TestProject1.DictionaryTest.AddWithException(key: null, value: null)","ExecutorUri":"executor://xunit/VsTestRunner2/netcoreapp","Source":"C:\\Users\\Bogdan\\OneDrive - Technical Lyceum NTUU KPI\\Навчання\\2курс\\ASP.NET\\Лаби_asp\\Лаб1_asp\\lab1_asp\\TestProject1\\bin\\Debug\\net6.0\\fine-code-coverage\\build-output\\TestProject1.dll","CodeFilePath":null,"LineNumber":0,"Properties":[]},"Attachments":[],"Outcome":1,"ErrorMessage":null,"ErrorStackTrace":null,"DisplayName":"TestProject1.DictionaryTest.AddWithException(key: null, value: null)","Messages":[],"ComputerName":"STYSUK","Duration":"00:00:00.0007593","StartTime":"2022-04-17T18:17:32.8724739+00:00","EndTime":"2022-04-17T18:17:32.8724741+00:00","Properties":[]},{"TestCase":{"Id":"34e0a044-bff6-2dea-bc57-699fb5107b6c","FullyQualifiedName":"TestProject1.DictionaryTest.AddWithException","DisplayName":"TestProject1.DictionaryTest.AddWithException(key: 15, value: null)","ExecutorUri":"executor://xunit/VsTestRunner2/netcoreapp","Source":"C:\\Users\\Bogdan\\OneDrive - Technical Lyceum NTUU KPI\\Навчання\\2курс\\ASP.NET\\Лаби_asp\\Лаб1_asp\\lab1_asp\\TestProject1\\bin\\Debug\\net6.0\\fine-code-coverage\\build-output\\TestProject1.dll","CodeFilePath":null,"LineNumber":0,"Properties":[]},"Attachments":[],"Outcome":1,"ErrorMessage":null,"ErrorStackTrace":null,"DisplayName":"TestProject1.DictionaryTest.AddWithException(key: 15, value: null)","Messages":[],"ComputerName":"STYSUK","Duration":"00:00:00.0001335","StartTime":"2022-04-17T18:17:32.8760213+00:00","EndTime":"2022-04-17T18:17:32.8760215+00:00","Properties":[]},{"TestCase":{"Id":"21c37f97-7668-3421-851e-c9a0b9638b5a","FullyQualifiedName":"TestProject1.DictionaryTest.AddWithException","DisplayName":"TestProject1.DictionaryTest.AddWithException(key: null, value: \"чотири\")","ExecutorUri":"executor://xunit/VsTestRunner2/netcoreapp","Source":"C:\\Users\\Bogdan\\OneDrive - Technical Lyceum NTUU KPI\\Навчання\\2курс\\ASP.NET\\Лаби_asp\\Лаб1_asp\\lab1_asp\\TestProject1\\bin\\Debug\\net6.0\\fine-code-coverage\\build-output\\TestProject1.dll","CodeFilePath":null,"LineNumber":0,"Properties":[]},"Attachments":[],"Outcome":1,"ErrorMessage":null,"ErrorStackTrace":null,"DisplayName":"TestProject1.DictionaryTest.AddWithException(key: null, value: \"чотири\")","Messages":[],"ComputerName":"STYSUK","Duration":"00:00:00.0001113","StartTime":"2022-04-17T18:17:32.8791521+00:00","EndTime":"2022-04-17T18:17:32.8791525+00:00","Properties":[]},{"TestCase":{"Id":"c10dac39-5084-a180-5859-a26312e09349","FullyQualifiedName":"TestProject1.DictionaryTest.AddWithException","DisplayName":"TestProject1.DictionaryTest.AddWithException(key: 2, value: \"два\")","ExecutorUri":"executor://xunit/VsTestRunner2/netcoreapp","Source":"C:\\Users\\Bogdan\\OneDrive - Technical Lyceum NTUU KPI\\Навчання\\2курс\\ASP.NET\\Лаби_asp\\Лаб1_asp\\lab1_asp\\TestProject1\\bin\\Debug\\net6.0\\fine-code-coverage\\build-output\\TestProject1.dll","CodeFilePath":null,"LineNumber":0,"Properties":[]},"Attachments":[],"Outcome":1,"ErrorMessage":null,"ErrorStackTrace":null,"DisplayName":"TestProject1.DictionaryTest.AddWithException(key: 2, value: \"два\")","Messages":[],"ComputerName":"STYSUK","Duration":"00:00:00.0001088","StartTime":"2022-04-17T18:17:32.8822917+00:00","EndTime":"2022-04-17T18:17:32.8822919+00:00","Properties":[]},{"TestCase":{"Id":"b0ad2e1d-82b0-ddad-f182-b423909fea04","FullyQualifiedName":"TestProject1.DictionaryTest.Indexer_SetCorrect","DisplayName":"TestProject1.DictionaryTest.Indexer_SetCorrect","ExecutorUri":"executor://xunit/VsTestRunner2/netcoreapp","Source":"C:\\Users\\Bogdan\\OneDrive - Technical Lyceum NTUU KPI\\Навчання\\2курс\\ASP.NET\\Лаби_asp\\Лаб1_asp\\lab1_asp\\TestProject1\\bin\\Debug\\net6.0\\fine-code-coverage\\build-output\\TestProject1.dll","CodeFilePath":null,"LineNumber":0,"Properties":[]},"Attachments":[],"Outcome":1,"ErrorMessage":null,"ErrorStackTrace":null,"DisplayName":"TestProject1.DictionaryTest.Indexer_SetCorrect","Messages":[],"ComputerName":"STYSUK","Duration":"00:00:00.0011439","StartTime":"2022-04-17T18:17:32.890298+00:00","EndTime":"2022-04-17T18:17:32.8902982+00:00","Properties":[]},{"TestCase":{"Id":"26ae9d63-c472-0126-5cad-2399bab3b04e","FullyQualifiedName":"TestProject1.DictionaryTest.ContainsValue_Exception","DisplayName":"TestProject1.DictionaryTest.ContainsValue_Exception","ExecutorUri":"executor://xunit/VsTestRunner2/netcoreapp","Source":"C:\\Users\\Bogdan\\OneDrive - Technical Lyceum NTUU KPI\\Навчання\\2курс\\ASP.NET\\Лаби_asp\\Лаб1_asp\\lab1_asp\\TestProject1\\bin\\Debug\\net6.0\\fine-code-coverage\\build-output\\TestProject1.dll","CodeFilePath":null,"LineNumber":0,"Properties":[]},"Attachments":[],"Outcome":1,"ErrorMessage":null,"ErrorStackTrace":null,"DisplayName":"TestProject1.DictionaryTest.ContainsValue_Exception","Messages":[],"ComputerName":"STYSUK","Duration":"00:00:00.0004173","StartTime":"2022-04-17T18:17:32.8933615+00:00","EndTime":"2022-04-17T18:17:32.8933618+00:00","Properties":[]},{"TestCase":{"Id":"5760f292-c45b-149f-9f11-8d007d78f44b","FullyQualifiedName":"TestProject1.DictionaryTest.RemoveWithException","DisplayName":"TestProject1.DictionaryTest.RemoveWithException","ExecutorUri":"executor://xunit/VsTestRunner2/netcoreapp","Source":"C:\\Users\\Bogdan\\OneDrive - Technical Lyceum NTUU KPI\\Навчання\\2курс\\ASP.NET\\Лаби_asp\\Лаб1_asp\\lab1_asp\\TestProject1\\bin\\Debug\\net6.0\\fine-code-coverage\\build-output\\TestProject1.dll","CodeFilePath":null,"LineNumber":0,"Properties":[]},"Attachments":[],"Outcome":1,"ErrorMessage":null,"ErrorStackTrace":null,"DisplayName":"TestProject1.DictionaryTest.RemoveWithException","Messages":[],"ComputerName":"STYSUK","Duration":"00:00:00.0007502","StartTime":"2022-04-17T18:17:32.8964641+00:00","EndTime":"2022-04-17T18:17:32.8964643+00:00","Properties":[]},{"TestCase":{"Id":"45303fa0-78ef-d669-0a1f-a68f9a0b111c","FullyQualifiedName":"TestProject1.DictionaryTest.RemoveExistingItems","DisplayName":"TestProject1.DictionaryTest.RemoveExistingItems(key: 100)","ExecutorUri":"executor://xunit/VsTestRunner2/netcoreapp","Source":"C:\\Users\\Bogdan\\OneDrive - Technical Lyceum NTUU KPI\\Навчання\\2курс\\ASP.NET\\Лаби_asp\\Лаб1_asp\\lab1_asp\\TestProject1\\bin\\Debug\\net6.0\\fine-code-coverage\\build-output\\TestProject1.dll","CodeFilePath":null,"LineNumber":0,"Properties":[]},"Attachments":[],"Outcome":1,"ErrorMessage":null,"ErrorStackTrace":null,"DisplayName":"TestProject1.DictionaryTest.RemoveExistingItems(key: 100)","Messages":[],"ComputerName":"STYSUK","Duration":"00:00:00.0011634","StartTime":"2022-04-17T18:17:32.8994322+00:00","EndTime":"2022-04-17T18:17:32.8994324+00:00","Properties":[]},{"TestCase":{"Id":"fe753764-8902-246d-3c02-12ddf5c2c7db","FullyQualifiedName":"TestProject1.DictionaryTest.RemoveExistingItems","DisplayName":"TestProject1.DictionaryTest.RemoveExistingItems(key: 169)","ExecutorUri":"executor://xunit/VsTestRunner2/netcoreapp","Source":"C:\\Users\\Bogdan\\OneDrive - Technical Lyceum NTUU KPI\\Навчання\\2курс\\ASP.NET\\Лаби_asp\\Лаб1_asp\\lab1_asp\\TestProject1\\bin\\Debug\\net6.0\\fine-code-coverage\\build-output\\TestProject1.dll","CodeFilePath":null,"LineNumber":0,"Properties":[]},"Attachments":[],"Outcome":1,"ErrorMessage":null,"ErrorStackTrace":null,"DisplayName":"TestProject1.DictionaryTest.RemoveExistingItems(key: 169)","Messages":[],"ComputerName":"STYSUK","Duration":"00:00:00.0000742","StartTime":"2022-04-17T18:17:32.9019639+00:00","EndTime":"2022-04-17T18:17:32.9019641+00:00","Properties":[]}],"TestRunStatistics":{"ExecutedTests":18,"Stats":{"Passed":18}},"ActiveTests":[{"Id":"9726eb0c-825b-bdf8-084c-972fe0483085","FullyQualifiedName":"TestProject1.DictionaryTest.RemoveExistingItems","DisplayName":"TestProject1.DictionaryTest.RemoveExistingItems(key: 2)","ExecutorUri":"executor://xunit/VsTestRunner2/netcoreapp","Source":"C:\\Users\\Bogdan\\OneDrive - Technical Lyceum NTUU KPI\\Навчання\\2курс\\ASP.NET\\Лаби_asp\\Лаб1_asp\\lab1_asp\\TestProject1\\bin\\Debug\\net6.0\\fine-code-coverage\\build-output\\TestProject1.dll","CodeFilePath":null,"LineNumber":0,"Properties":[]}]}}
TpTrace Verbose: 0 : 16772, 11, 2022/04/17, 21:17:32.913, 21617845292220, vstest.console.dll, TestRunRequest:SendTestRunStatsChange: Starting.
TpTrace Verbose: 0 : 16772, 11, 2022/04/17, 21:17:32.913, 21617845292876, vstest.console.dll, InProgress is TestProject1.DictionaryTest.RemoveExistingItems(key: 2)
TpTrace Information: 0 : 16772, 11, 2022/04/17, 21:17:32.913, 21617845293463, vstest.console.dll, TestRunRequest:SendTestRunStatsChange: Completed.
TpTrace Verbose: 0 : 16772, 11, 2022/04/17, 21:17:32.913, 21617845293822, vstest.console.dll, TcpClientExtensions.MessageLoopAsync: Polling on remoteEndPoint: 127.0.0.1:57436 localEndPoint: 127.0.0.1:57435
TpTrace Verbose: 0 : 16772, 11, 2022/04/17, 21:17:32.931, 21617845475119, vstest.console.dll, TcpClientExtensions.MessageLoopAsync: NotifyDataAvailable remoteEndPoint: 127.0.0.1:57436 localEndPoint: 127.0.0.1:57435
TpTrace Verbose: 0 : 16772, 11, 2022/04/17, 21:17:32.931, 21617845477624, vstest.console.dll, TestRequestSender.OnExecutionMessageReceived: Received message: {"Version":5,"MessageType":"TestExecution.StatsChange","Payload":{"NewTestResults":[{"TestCase":{"Id":"9726eb0c-825b-bdf8-084c-972fe0483085","FullyQualifiedName":"TestProject1.DictionaryTest.RemoveExistingItems","DisplayName":"TestProject1.DictionaryTest.RemoveExistingItems(key: 2)","ExecutorUri":"executor://xunit/VsTestRunner2/netcoreapp","Source":"C:\\Users\\Bogdan\\OneDrive - Technical Lyceum NTUU KPI\\Навчання\\2курс\\ASP.NET\\Лаби_asp\\Лаб1_asp\\lab1_asp\\TestProject1\\bin\\Debug\\net6.0\\fine-code-coverage\\build-output\\TestProject1.dll","CodeFilePath":null,"LineNumber":0,"Properties":[]},"Attachments":[],"Outcome":1,"ErrorMessage":null,"ErrorStackTrace":null,"DisplayName":"TestProject1.DictionaryTest.RemoveExistingItems(key: 2)","Messages":[],"ComputerName":"STYSUK","Duration":"00:00:00.0000632","StartTime":"2022-04-17T18:17:32.9127394+00:00","EndTime":"2022-04-17T18:17:32.9127397+00:00","Properties":[]},{"TestCase":{"Id":"3b04b66d-6f04-0759-65f7-437bd5033f42","FullyQualifiedName":"TestProject1.DictionaryTest.RemoveNotExistingItems","DisplayName":"TestProject1.DictionaryTest.RemoveNotExistingItems","ExecutorUri":"executor://xunit/VsTestRunner2/netcoreapp","Source":"C:\\Users\\Bogdan\\OneDrive - Technical Lyceum NTUU KPI\\Навчання\\2курс\\ASP.NET\\Лаби_asp\\Лаб1_asp\\lab1_asp\\TestProject1\\bin\\Debug\\net6.0\\fine-code-coverage\\build-output\\TestProject1.dll","CodeFilePath":null,"LineNumber":0,"Properties":[]},"Attachments":[],"Outcome":1,"ErrorMessage":null,"ErrorStackTrace":null,"DisplayName":"TestProject1.DictionaryTest.RemoveNotExistingItems","Messages":[],"ComputerName":"STYSUK","Duration":"00:00:00.0002519","StartTime":"2022-04-17T18:17:32.9156195+00:00","EndTime":"2022-04-17T18:17:32.9156196+00:00","Properties":[]},{"TestCase":{"Id":"daa962b0-fffe-c295-fae8-db387837260a","FullyQualifiedName":"TestProject1.DictionaryTest.Indexer_GetCorrect","DisplayName":"TestProject1.DictionaryTest.Indexer_GetCorrect","ExecutorUri":"executor://xunit/VsTestRunner2/netcoreapp","Source":"C:\\Users\\Bogdan\\OneDrive - Technical Lyceum NTUU KPI\\Навчання\\2курс\\ASP.NET\\Лаби_asp\\Лаб1_asp\\lab1_asp\\TestProject1\\bin\\Debug\\net6.0\\fine-code-coverage\\build-output\\TestProject1.dll","CodeFilePath":null,"LineNumber":0,"Properties":[]},"Attachments":[],"Outcome":1,"ErrorMessage":null,"ErrorStackTrace":null,"DisplayName":"TestProject1.DictionaryTest.Indexer_GetCorrect","Messages":[],"ComputerName":"STYSUK","Duration":"00:00:00.0002322","StartTime":"2022-04-17T18:17:32.9181987+00:00","EndTime":"2022-04-17T18:17:32.918199+00:00","Properties":[]},{"TestCase":{"Id":"8fa72e14-bbfd-88b0-9308-c8c67dde1315","FullyQualifiedName":"TestProject1.DictionaryTest.ContainsValue_False","DisplayName":"TestProject1.DictionaryTest.ContainsValue_False","ExecutorUri":"executor://xunit/VsTestRunner2/netcoreapp","Source":"C:\\Users\\Bogdan\\OneDrive - Technical Lyceum NTUU KPI\\Навчання\\2курс\\ASP.NET\\Лаби_asp\\Лаб1_asp\\lab1_asp\\TestProject1\\bin\\Debug\\net6.0\\fine-code-coverage\\build-output\\TestProject1.dll","CodeFilePath":null,"LineNumber":0,"Properties":[]},"Attachments":[],"Outcome":1,"ErrorMessage":null,"ErrorStackTrace":null,"DisplayName":"TestProject1.DictionaryTest.ContainsValue_False","Messages":[],"ComputerName":"STYSUK","Duration":"00:00:00.0001297","StartTime":"2022-04-17T18:17:32.92064+00:00","EndTime":"2022-04-17T18:17:32.9206402+00:00","Properties":[]},{"TestCase":{"Id":"3f4c4f0c-189a-5451-a912-44018b621386","FullyQualifiedName":"TestProject1.DictionaryTest.Indexer_SetInCorrect","DisplayName":"TestProject1.DictionaryTest.Indexer_SetInCorrect(key: null, newValue: \"dr\")","ExecutorUri":"executor://xunit/VsTestRunner2/netcoreapp","Source":"C:\\Users\\Bogdan\\OneDrive - Technical Lyceum NTUU KPI\\Навчання\\2курс\\ASP.NET\\Лаби_asp\\Лаб1_asp\\lab1_asp\\TestProject1\\bin\\Debug\\net6.0\\fine-code-coverage\\build-output\\TestProject1.dll","CodeFilePath":null,"LineNumber":0,"Properties":[]},"Attachments":[],"Outcome":1,"ErrorMessage":null,"ErrorStackTrace":null,"DisplayName":"TestProject1.DictionaryTest.Indexer_SetInCorrect(key: null, newValue: \"dr\")","Messages":[],"ComputerName":"STYSUK","Duration":"00:00:00.0004255","StartTime":"2022-04-17T18:17:32.922627+00:00","EndTime":"2022-04-17T18:17:32.9226271+00:00","Properties":[]},{"TestCase":{"Id":"086e0282-6575-946d-9dec-c654dcb5aacd","FullyQualifiedName":"TestProject1.DictionaryTest.Indexer_SetInCorrect","DisplayName":"TestProject1.DictionaryTest.Indexer_SetInCorrect(key: 27, newValue: null)","ExecutorUri":"executor://xunit/VsTestRunner2/netcoreapp","Source":"C:\\Users\\Bogdan\\OneDrive - Technical Lyceum NTUU KPI\\Навчання\\2курс\\ASP.NET\\Лаби_asp\\Лаб1_asp\\lab1_asp\\TestProject1\\bin\\Debug\\net6.0\\fine-code-coverage\\build-output\\TestProject1.dll","CodeFilePath":null,"LineNumber":0,"Properties":[]},"Attachments":[],"Outcome":1,"ErrorMessage":null,"ErrorStackTrace":null,"DisplayName":"TestProject1.DictionaryTest.Indexer_SetInCorrect(key: 27, newValue: null)","Messages":[],"ComputerName":"STYSUK","Duration":"00:00:00.0001063","StartTime":"2022-04-17T18:17:32.9246383+00:00","EndTime":"2022-04-17T18:17:32.9246384+00:00","Properties":[]},{"TestCase":{"Id":"75836bb6-3788-8534-b22f-56d9f28f3240","FullyQualifiedName":"TestProject1.DictionaryTest.Indexer_SetInCorrect","DisplayName":"TestProject1.DictionaryTest.Indexer_SetInCorrect(key: 20, newValue: \"dr\")","ExecutorUri":"executor://xunit/VsTestRunner2/netcoreapp","Source":"C:\\Users\\Bogdan\\OneDrive - Technical Lyceum NTUU KPI\\Навчання\\2курс\\ASP.NET\\Лаби_asp\\Лаб1_asp\\lab1_asp\\TestProject1\\bin\\Debug\\net6.0\\fine-code-coverage\\build-output\\TestProject1.dll","CodeFilePath":null,"LineNumber":0,"Properties":[]},"Attachments":[],"Outcome":1,"ErrorMessage":null,"ErrorStackTrace":null,"DisplayName":"TestProject1.DictionaryTest.Indexer_SetInCorrect(key: 20, newValue: \"dr\")","Messages":[],"ComputerName":"STYSUK","Duration":"00:00:00.0000786","StartTime":"2022-04-17T18:17:32.9264989+00:00","EndTime":"2022-04-17T18:17:32.926499+00:00","Properties":[]},{"TestCase":{"Id":"87ca86f1-64de-a888-701d-948fc318a839","FullyQualifiedName":"TestProject1.DictionaryTest.ContainsValue_True","DisplayName":"TestProject1.DictionaryTest.ContainsValue_True","ExecutorUri":"executor://xunit/VsTestRunner2/netcoreapp","Source":"C:\\Users\\Bogdan\\OneDrive - Technical Lyceum NTUU KPI\\Навчання\\2курс\\ASP.NET\\Лаби_asp\\Лаб1_asp\\lab1_asp\\TestProject1\\bin\\Debug\\net6.0\\fine-code-coverage\\build-output\\TestProject1.dll","CodeFilePath":null,"LineNumber":0,"Properties":[]},"Attachments":[],"Outcome":1,"ErrorMessage":null,"ErrorStackTrace":null,"DisplayName":"TestProject1.DictionaryTest.ContainsValue_True","Messages":[],"ComputerName":"STYSUK","Duration":"00:00:00.0001399","StartTime":"2022-04-17T18:17:32.9281554+00:00","EndTime":"2022-04-17T18:17:32.9281555+00:00","Properties":[]},{"TestCase":{"Id":"f0608c01-bbf4-52b6-9592-a272f5284bed","FullyQualifiedName":"TestProject1.DictionaryTest.Enumerator","DisplayName":"TestProject1.DictionaryTest.Enumerator","ExecutorUri":"executor://xunit/VsTestRunner2/netcoreapp","Source":"C:\\Users\\Bogdan\\OneDrive - Technical Lyceum NTUU KPI\\Навчання\\2курс\\ASP.NET\\Лаби_asp\\Лаб1_asp\\lab1_asp\\TestProject1\\bin\\Debug\\net6.0\\fine-code-coverage\\build-output\\TestProject1.dll","CodeFilePath":null,"LineNumber":0,"Properties":[]},"Attachments":[],"Outcome":1,"ErrorMessage":null,"ErrorStackTrace":null,"DisplayName":"TestProject1.DictionaryTest.Enumerator","Messages":[],"ComputerName":"STYSUK","Duration":"00:00:00.0014418","StartTime":"2022-04-17T18:17:32.929806+00:00","EndTime":"2022-04-17T18:17:32.9298061+00:00","Properties":[]}],"TestRunStatistics":{"ExecutedTests":27,"Stats":{"Passed":27}},"ActiveTests":[{"Id":"cd5fa636-a98a-63c8-bf85-a0553df5d92f","FullyQualifiedName":"TestProject1.DictionaryTest.InitializeDictionaryWithIncorrectCapacity","DisplayName":"TestProject1.DictionaryTest.InitializeDictionaryWithIncorrectCapacity","ExecutorUri":"executor://xunit/VsTestRunner2/netcoreapp","Source":"C:\\Users\\Bogdan\\OneDrive - Technical Lyceum NTUU KPI\\Навчання\\2курс\\ASP.NET\\Лаби_asp\\Лаб1_asp\\lab1_asp\\TestProject1\\bin\\Debug\\net6.0\\fine-code-coverage\\build-output\\TestProject1.dll","CodeFilePath":null,"LineNumber":0,"Properties":[]}]}}
TpTrace Verbose: 0 : 16772, 11, 2022/04/17, 21:17:32.933, 21617845496936, vstest.console.dll, TestRunRequest:SendTestRunStatsChange: Starting.
TpTrace Verbose: 0 : 16772, 11, 2022/04/17, 21:17:32.933, 21617845497633, vstest.console.dll, InProgress is TestProject1.DictionaryTest.InitializeDictionaryWithIncorrectCapacity
TpTrace Information: 0 : 16772, 11, 2022/04/17, 21:17:32.933, 21617845498269, vstest.console.dll, TestRunRequest:SendTestRunStatsChange: Completed.
TpTrace Verbose: 0 : 16772, 11, 2022/04/17, 21:17:32.934, 21617845498637, vstest.console.dll, TcpClientExtensions.MessageLoopAsync: Polling on remoteEndPoint: 127.0.0.1:57436 localEndPoint: 127.0.0.1:57435
TpTrace Verbose: 0 : 16772, 11, 2022/04/17, 21:17:32.934, 21617845507925, vstest.console.dll, TcpClientExtensions.MessageLoopAsync: NotifyDataAvailable remoteEndPoint: 127.0.0.1:57436 localEndPoint: 127.0.0.1:57435
TpTrace Verbose: 0 : 16772, 11, 2022/04/17, 21:17:32.935, 21617845508889, vstest.console.dll, TestRequestSender.OnExecutionMessageReceived: Received message: {"Version":5,"MessageType":"TestSession.Message","Payload":{"MessageLevel":0,"Message":"[xUnit.net 00:00:01.06]   Finished:    TestProject1"}}
TpTrace Verbose: 0 : 16772, 11, 2022/04/17, 21:17:32.935, 21617845510433, vstest.console.dll, TestRunRequest:SendTestRunMessage: Starting.
TpTrace Information: 0 : 16772, 11, 2022/04/17, 21:17:32.935, 21617845510988, vstest.console.dll, TestRunRequest:SendTestRunMessage: Completed.
TpTrace Verbose: 0 : 16772, 11, 2022/04/17, 21:17:32.935, 21617845511343, vstest.console.dll, TcpClientExtensions.MessageLoopAsync: Polling on remoteEndPoint: 127.0.0.1:57436 localEndPoint: 127.0.0.1:57435
TpTrace Verbose: 0 : 16772, 11, 2022/04/17, 21:17:32.952, 21617845680783, vstest.console.dll, TcpClientExtensions.MessageLoopAsync: NotifyDataAvailable remoteEndPoint: 127.0.0.1:57436 localEndPoint: 127.0.0.1:57435
TpTrace Verbose: 0 : 16772, 11, 2022/04/17, 21:17:32.952, 21617845682999, vstest.console.dll, TestRequestSender.OnExecutionMessageReceived: Received message: {"Version":5,"MessageType":"TestExecution.Completed","Payload":{"TestRunCompleteArgs":{"TestRunStatistics":{"ExecutedTests":28,"Stats":{"Passed":28}},"IsCanceled":false,"IsAborted":false,"Error":null,"AttachmentSets":[],"ElapsedTimeInRunningTests":"00:00:01.0768224","Metrics":{}},"LastRunTests":{"NewTestResults":[{"TestCase":{"Id":"cd5fa636-a98a-63c8-bf85-a0553df5d92f","FullyQualifiedName":"TestProject1.DictionaryTest.InitializeDictionaryWithIncorrectCapacity","DisplayName":"TestProject1.DictionaryTest.InitializeDictionaryWithIncorrectCapacity","ExecutorUri":"executor://xunit/VsTestRunner2/netcoreapp","Source":"C:\\Users\\Bogdan\\OneDrive - Technical Lyceum NTUU KPI\\Навчання\\2курс\\ASP.NET\\Лаби_asp\\Лаб1_asp\\lab1_asp\\TestProject1\\bin\\Debug\\net6.0\\fine-code-coverage\\build-output\\TestProject1.dll","CodeFilePath":null,"LineNumber":0,"Properties":[]},"Attachments":[],"Outcome":1,"ErrorMessage":null,"ErrorStackTrace":null,"DisplayName":"TestProject1.DictionaryTest.InitializeDictionaryWithIncorrectCapacity","Messages":[],"ComputerName":"STYSUK","Duration":"00:00:00.0008442","StartTime":"2022-04-17T18:17:32.9324263+00:00","EndTime":"2022-04-17T18:17:32.9324264+00:00","Properties":[]}],"TestRunStatistics":{"ExecutedTests":28,"Stats":{"Passed":28}},"ActiveTests":[]},"RunAttachments":[],"ExecutorUris":["executor://xunit/VsTestRunner2/netcoreapp"]}}
TpTrace Verbose: 0 : 16772, 11, 2022/04/17, 21:17:32.952, 21617845685753, vstest.console.dll, TestRequestSender.EndSession: Sending end session.
TpTrace Verbose: 0 : 16772, 11, 2022/04/17, 21:17:32.952, 21617845687144, vstest.console.dll, ProxyOperationManager.Close: waiting for test host to exit for 100 ms
TpTrace Warning: 0 : 16772, 13, 2022/04/17, 21:17:32.988, 21617846048517, vstest.console.dll, TestHostManagerCallbacks.ErrorReceivedCallback Test host standard error line: 
TpTrace Verbose: 0 : 16772, 8, 2022/04/17, 21:17:33.002, 21617846180873, vstest.console.dll, TestHostProvider.ExitCallBack: Host exited starting callback.
TpTrace Information: 0 : 16772, 8, 2022/04/17, 21:17:33.003, 21617846188622, vstest.console.dll, TestHostManagerCallbacks.ExitCallBack: Testhost processId: 20820 exited with exitcode: 0 error: ''
TpTrace Verbose: 0 : 16772, 8, 2022/04/17, 21:17:33.003, 21617846189381, vstest.console.dll, DotnetTestHostManager.OnHostExited: invoking OnHostExited callback
TpTrace Verbose: 0 : 16772, 8, 2022/04/17, 21:17:33.003, 21617846190100, vstest.console.dll, CrossPlatEngine.TestHostManagerHostExited: calling on client process exit callback.
TpTrace Information: 0 : 16772, 8, 2022/04/17, 21:17:33.003, 21617846191017, vstest.console.dll, TestRequestSender.OnClientProcessExit: Test host process exited. Standard error: 
TpTrace Information: 0 : 16772, 11, 2022/04/17, 21:17:33.003, 21617846191462, vstest.console.dll, SocketServer.Stop: Stop server endPoint: 127.0.0.1:57435
TpTrace Information: 0 : 16772, 11, 2022/04/17, 21:17:33.003, 21617846192323, vstest.console.dll, SocketServer.Stop: Cancellation requested. Stopping message loop.
TpTrace Information: 0 : 16772, 8, 2022/04/17, 21:17:33.003, 21617846192607, vstest.console.dll, SocketServer.Stop: Stop server endPoint: 127.0.0.1:57435
TpTrace Information: 0 : 16772, 8, 2022/04/17, 21:17:33.003, 21617846193786, vstest.console.dll, SocketServer.Stop: Cancellation requested. Stopping message loop.
TpTrace Information: 0 : 16772, 11, 2022/04/17, 21:17:33.003, 21617846194008, vstest.console.dll, Closing the connection
TpTrace Warning: 0 : 16772, 11, 2022/04/17, 21:17:33.003, 21617846194839, vstest.console.dll, ProxyOperationManager: Timed out waiting for test host to exit. Will terminate process.
TpTrace Verbose: 0 : 16772, 11, 2022/04/17, 21:17:33.004, 21617846199488, vstest.console.dll, ProxyDataCollectionManager.InvokeDataCollectionServiceAction: Starting.
TpTrace Information: 0 : 16772, 11, 2022/04/17, 21:17:33.004, 21617846200183, vstest.console.dll, ProxyDataCollectionManager.AfterTestRunEnd: Get attachment set for datacollector processId: 19112 port: 57432
TpTrace Verbose: 0 : 16772, 11, 2022/04/17, 21:17:33.004, 21617846200891, vstest.console.dll, DataCollectionRequestSender.SendAfterTestRunStartAndGetResult : Send AfterTestRunEnd message with isCancelled: False
TpTrace Verbose: 0 : 16772, 11, 2022/04/17, 21:17:33.009, 21617846253313, vstest.console.dll, DataCollectionRequestSender.SendAfterTestRunStartAndGetResult : Received message: (DataCollection.AfterTestRunEndResult) -> {
  "AttachmentSets": [],
  "Metrics": {}
}
TpTrace Information: 0 : 16772, 11, 2022/04/17, 21:17:33.012, 21617846280943, vstest.console.dll, ProxyDataCollectionManager.InvokeDataCollectionServiceAction: Completed.
TpTrace Warning: 0 : 16772, 10, 2022/04/17, 21:17:33.014, 21617846306396, vstest.console.dll, DataCollectionLauncher.ErrorReceivedCallback datacollector standard error line: 
TpTrace Information: 0 : 16772, 8, 2022/04/17, 21:17:33.021, 21617846377330, vstest.console.dll, DataCollectionLauncher.ExitCallBack: Data collector exited with exitcode: 0 error: ''
TpTrace Verbose: 0 : 16772, 11, 2022/04/17, 21:17:33.048, 21617846645200, vstest.console.dll, TestRunRequest:SendTestRunStatsChange: Starting.
TpTrace Information: 0 : 16772, 11, 2022/04/17, 21:17:33.048, 21617846646751, vstest.console.dll, TestRunRequest:SendTestRunStatsChange: Completed.
TpTrace Verbose: 0 : 16772, 11, 2022/04/17, 21:17:33.049, 21617846649859, vstest.console.dll, ParallelProxyExecutionManager: HandlePartialRunComplete: Total completed clients = 1, Run complete = True, Run canceled: False.
TpTrace Verbose: 0 : 16772, 11, 2022/04/17, 21:17:33.085, 21617847016754, vstest.console.dll, TestRunRequest:TestRunComplete: Starting. IsAborted:False IsCanceled:False.
TpTrace Verbose: 0 : 16772, 11, 2022/04/17, 21:17:33.086, 21617847019513, vstest.console.dll, TestLoggerManager.HandleTestRunComplete: Ignoring as the object is disposed.
TpTrace Information: 0 : 16772, 11, 2022/04/17, 21:17:33.086, 21617847024020, vstest.console.dll, TestRunRequest:TestRunComplete: Completed.
TpTrace Verbose: 0 : 16772, 1, 2022/04/17, 21:17:33.086, 21617847024230, vstest.console.dll, TestRunRequest.Dispose: Starting.
TpTrace Information: 0 : 16772, 1, 2022/04/17, 21:17:33.086, 21617847026541, vstest.console.dll, TestRunRequest.Dispose: Completed.
TpTrace Information: 0 : 16772, 1, 2022/04/17, 21:17:33.086, 21617847027630, vstest.console.dll, TestRequestManager.RunTests: run tests completed.
TpTrace Verbose: 0 : 16772, 11, 2022/04/17, 21:17:33.086, 21617847025067, vstest.console.dll, TestRequestSender.SetOperationComplete: Setting operation complete.
TpTrace Information: 0 : 16772, 11, 2022/04/17, 21:17:33.087, 21617847030695, vstest.console.dll, SocketServer.Stop: Stop server endPoint: 127.0.0.1:57435
TpTrace Information: 0 : 16772, 11, 2022/04/17, 21:17:33.087, 21617847031339, vstest.console.dll, SocketServer.Stop: Cancellation requested. Stopping message loop.
TpTrace Information: 0 : 16772, 11, 2022/04/17, 21:17:33.087, 21617847032085, vstest.console.dll, SocketServer.PrivateStop: Stopping server endPoint: 127.0.0.1:57435 error: 
TpTrace Information: 0 : 16772, 1, 2022/04/17, 21:17:33.087, 21617847029819, vstest.console.dll, RunTestsArgumentProcessor:Execute: Test run is completed.
TpTrace Verbose: 0 : 16772, 1, 2022/04/17, 21:17:33.087, 21617847037885, vstest.console.dll, Executor.Execute: Exiting with exit code of 0
