<?xml version="1.0" encoding="utf-8"?>
<coverage line-rate="0.8762000000000001" branch-rate="0.8414" version="1.9" timestamp="1650219453" lines-covered="269" lines-valid="307" branches-covered="69" branches-valid="82">
  <sources>
    <source>C:\Users\Bogdan\</source>
  </sources>
  <packages>
    <package name="DictionaryLib" line-rate="0.8332999999999999" branch-rate="0.8332999999999999" complexity="78">
      <classes>
        <class name="DictionaryLib.OwnDictionary`2" filename="OneDrive - Technical Lyceum NTUU KPI\Навчання\2курс\ASP.NET\Лаби_asp\Лаб1_asp\lab1_asp\DictionaryLib\Dictionary.cs" line-rate="0.9304000000000001" branch-rate="0.8269" complexity="55">
          <methods>
            <method name="Add" signature="(TKey,TValue)" line-rate="1" branch-rate="0.6" complexity="10">
              <lines>
                <line number="30" hits="182" branch="False" />
                <line number="31" hits="182" branch="True" condition-coverage="100% (2/2)">
                  <conditions>
                    <condition number="11" type="jump" coverage="100%" />
                  </conditions>
                </line>
                <line number="32" hits="1" branch="False" />
                <line number="33" hits="1" branch="True" condition-coverage="50% (1/2)">
                  <conditions>
                    <condition number="29" type="jump" coverage="50%" />
                  </conditions>
                </line>
                <line number="35" hits="181" branch="False" />
                <line number="36" hits="178" branch="False" />
                <line number="37" hits="178" branch="False" />
                <line number="38" hits="178" branch="True" condition-coverage="100% (2/2)">
                  <conditions>
                    <condition number="108" type="jump" coverage="100%" />
                  </conditions>
                </line>
                <line number="39" hits="83" branch="False" />
                <line number="40" hits="83" branch="False" />
                <line number="41" hits="83" branch="False" />
                <line number="42" hits="83" branch="False" />
                <line number="44" hits="95" branch="False" />
                <line number="45" hits="95" branch="False" />
                <line number="46" hits="95" branch="False" />
                <line number="47" hits="178" branch="True" condition-coverage="25% (1/4)">
                  <conditions>
                    <condition number="166" type="jump" coverage="50%" />
                    <condition number="187" type="jump" coverage="0%" />
                  </conditions>
                </line>
                <line number="48" hits="178" branch="False" />
              </lines>
            </method>
            <method name="Remove" signature="(TKey)" line-rate="1" branch-rate="0.625" complexity="8">
              <lines>
                <line number="50" hits="5" branch="False" />
                <line number="51" hits="5" branch="True" condition-coverage="100% (2/2)">
                  <conditions>
                    <condition number="12" type="jump" coverage="100%" />
                  </conditions>
                </line>
                <line number="52" hits="1" branch="False" />
                <line number="53" hits="1" branch="False" />
                <line number="55" hits="4" branch="True" condition-coverage="100% (2/2)">
                  <conditions>
                    <condition number="36" type="jump" coverage="100%" />
                  </conditions>
                </line>
                <line number="56" hits="3" branch="False" />
                <line number="57" hits="3" branch="True" condition-coverage="25% (1/4)">
                  <conditions>
                    <condition number="46" type="jump" coverage="50%" />
                    <condition number="65" type="jump" coverage="0%" />
                  </conditions>
                </line>
                <line number="58" hits="3" branch="False" />
                <line number="60" hits="1" branch="False" />
                <line number="61" hits="4" branch="False" />
              </lines>
            </method>
            <method name="ContainsKey" signature="(TKey,System.Boolean)" line-rate="1" branch-rate="1" complexity="1">
              <lines>
                <line number="63" hits="193" branch="False" />
                <line number="64" hits="193" branch="False" />
                <line number="65" hits="193" branch="False" />
                <line number="66" hits="193" branch="False" />
              </lines>
            </method>
            <method name="FindItemByKey" signature="(TKey,System.Boolean,TValue&amp;,System.Boolean)" line-rate="1" branch-rate="1" complexity="12">
              <lines>
                <line number="68" hits="198" branch="False" />
                <line number="69" hits="2495" branch="True" condition-coverage="100% (2/2)">
                  <conditions>
                    <condition number="188" type="jump" coverage="100%" />
                  </conditions>
                </line>
                <line number="70" hits="957" branch="False" />
                <line number="71" hits="957" branch="True" condition-coverage="100% (2/2)">
                  <conditions>
                    <condition number="27" type="jump" coverage="100%" />
                  </conditions>
                </line>
                <line number="72" hits="407" branch="False" />
                <line number="73" hits="2760" branch="True" condition-coverage="100% (2/2)">
                  <conditions>
                    <condition number="161" type="jump" coverage="100%" />
                  </conditions>
                </line>
                <line number="74" hits="776" branch="False" />
                <line number="75" hits="776" branch="True" condition-coverage="100% (2/2)">
                  <conditions>
                    <condition number="86" type="jump" coverage="100%" />
                  </conditions>
                </line>
                <line number="76" hits="13" branch="False" />
                <line number="77" hits="13" branch="True" condition-coverage="100% (2/2)">
                  <conditions>
                    <condition number="95" type="jump" coverage="100%" />
                  </conditions>
                </line>
                <line number="78" hits="3" branch="False" />
                <line number="79" hits="3" branch="False" />
                <line number="80" hits="3" branch="False" />
                <line number="81" hits="13" branch="True" condition-coverage="100% (2/2)">
                  <conditions>
                    <condition number="113" type="jump" coverage="100%" />
                  </conditions>
                </line>
                <line number="82" hits="1" branch="False" />
                <line number="83" hits="1" branch="False" />
                <line number="84" hits="1" branch="False" />
                <line number="86" hits="12" branch="False" />
                <line number="87" hits="12" branch="False" />
                <line number="88" hits="12" branch="False" />
                <line number="89" hits="13" branch="False" />
                <line number="91" hits="763" branch="False" />
                <line number="92" hits="394" branch="False" />
                <line number="93" hits="944" branch="False" />
                <line number="94" hits="185" branch="False" />
                <line number="95" hits="198" branch="False" />
              </lines>
            </method>
            <method name="ContainsValue" signature="(TValue)" line-rate="1" branch-rate="1" complexity="10">
              <lines>
                <line number="97" hits="14" branch="False" />
                <line number="98" hits="14" branch="True" condition-coverage="100% (2/2)">
                  <conditions>
                    <condition number="12" type="jump" coverage="100%" />
                  </conditions>
                </line>
                <line number="99" hits="1" branch="False" />
                <line number="100" hits="1" branch="False" />
                <line number="102" hits="95" branch="True" condition-coverage="100% (2/2)">
                  <conditions>
                    <condition number="150" type="jump" coverage="100%" />
                  </conditions>
                </line>
                <line number="103" hits="34" branch="False" />
                <line number="104" hits="34" branch="True" condition-coverage="100% (2/2)">
                  <conditions>
                    <condition number="51" type="jump" coverage="100%" />
                  </conditions>
                </line>
                <line number="105" hits="30" branch="False" />
                <line number="106" hits="210" branch="True" condition-coverage="100% (2/2)">
                  <conditions>
                    <condition number="123" type="jump" coverage="100%" />
                  </conditions>
                </line>
                <line number="107" hits="66" branch="False" />
                <line number="108" hits="66" branch="True" condition-coverage="100% (2/2)">
                  <conditions>
                    <condition number="107" type="jump" coverage="100%" />
                  </conditions>
                </line>
                <line number="109" hits="12" branch="False" />
                <line number="110" hits="12" branch="False" />
                <line number="112" hits="54" branch="False" />
                <line number="113" hits="18" branch="False" />
                <line number="114" hits="22" branch="False" />
                <line number="115" hits="1" branch="False" />
                <line number="116" hits="13" branch="False" />
              </lines>
            </method>
            <method name="get_Item" signature="(TKey)" line-rate="1" branch-rate="1" complexity="4">
              <lines>
                <line number="119" hits="3" branch="False" />
                <line number="120" hits="3" branch="True" condition-coverage="100% (2/2)">
                  <conditions>
                    <condition number="12" type="jump" coverage="100%" />
                  </conditions>
                </line>
                <line number="121" hits="1" branch="False" />
                <line number="122" hits="1" branch="False" />
                <line number="124" hits="2" branch="False" />
                <line number="125" hits="2" branch="True" condition-coverage="100% (2/2)">
                  <conditions>
                    <condition number="47" type="jump" coverage="100%" />
                  </conditions>
                </line>
                <line number="126" hits="1" branch="False" />
                <line number="127" hits="1" branch="False" />
                <line number="130" hits="1" branch="False" />
                <line number="131" hits="1" branch="False" />
                <line number="133" hits="1" branch="False" />
              </lines>
            </method>
            <method name="set_Item" signature="(TKey,TValue)" line-rate="1" branch-rate="1" complexity="4">
              <lines>
                <line number="135" hits="4" branch="False" />
                <line number="136" hits="4" branch="True" condition-coverage="100% (2/2)">
                  <conditions>
                    <condition number="12" type="jump" coverage="100%" />
                  </conditions>
                </line>
                <line number="137" hits="3" branch="False" />
                <line number="138" hits="3" branch="True" condition-coverage="100% (2/2)">
                  <conditions>
                    <condition number="31" type="jump" coverage="100%" />
                  </conditions>
                </line>
                <line number="139" hits="2" branch="False" />
                <line number="140" hits="2" branch="False" />
                <line number="142" hits="1" branch="False" />
                <line number="144" hits="1" branch="False" />
                <line number="145" hits="1" branch="False" />
                <line number="147" hits="1" branch="False" />
              </lines>
            </method>
            <method name="System.Collections.IEnumerable.GetEnumerator" signature="()" line-rate="0" branch-rate="1" complexity="1">
              <lines>
                <line number="164" hits="0" branch="False" />
                <line number="165" hits="0" branch="False" />
                <line number="166" hits="0" branch="False" />
              </lines>
            </method>
            <method name="Clear" signature="()" line-rate="0" branch-rate="0" complexity="2">
              <lines>
                <line number="169" hits="0" branch="False" />
                <line number="170" hits="0" branch="False" />
                <line number="171" hits="0" branch="True" condition-coverage="0% (0/2)">
                  <conditions>
                    <condition number="15" type="jump" coverage="0%" />
                  </conditions>
                </line>
                <line number="172" hits="0" branch="False" />
              </lines>
            </method>
            <method name=".ctor" signature="()" line-rate="0.5" branch-rate="1" complexity="1">
              <lines>
                <line number="11" hits="29" branch="False" />
                <line number="16" hits="0" branch="False" />
              </lines>
            </method>
            <method name=".ctor" signature="(System.Int32)" line-rate="1" branch-rate="1" complexity="2">
              <lines>
                <line number="17" hits="29" branch="False" />
                <line number="18" hits="29" branch="False" />
                <line number="19" hits="29" branch="True" condition-coverage="100% (2/2)">
                  <conditions>
                    <condition number="22" type="jump" coverage="100%" />
                  </conditions>
                </line>
                <line number="20" hits="28" branch="False" />
                <line number="21" hits="28" branch="False" />
                <line number="22" hits="28" branch="False" />
                <line number="23" hits="28" branch="False" />
                <line number="25" hits="1" branch="False" />
                <line number="26" hits="1" branch="False" />
                <line number="28" hits="28" branch="False" />
              </lines>
            </method>
          </methods>
          <lines>
            <line number="30" hits="182" branch="False" />
            <line number="31" hits="182" branch="True" condition-coverage="100% (2/2)">
              <conditions>
                <condition number="11" type="jump" coverage="100%" />
              </conditions>
            </line>
            <line number="32" hits="1" branch="False" />
            <line number="33" hits="1" branch="True" condition-coverage="50% (1/2)">
              <conditions>
                <condition number="29" type="jump" coverage="50%" />
              </conditions>
            </line>
            <line number="35" hits="181" branch="False" />
            <line number="36" hits="178" branch="False" />
            <line number="37" hits="178" branch="False" />
            <line number="38" hits="178" branch="True" condition-coverage="100% (2/2)">
              <conditions>
                <condition number="108" type="jump" coverage="100%" />
              </conditions>
            </line>
            <line number="39" hits="83" branch="False" />
            <line number="40" hits="83" branch="False" />
            <line number="41" hits="83" branch="False" />
            <line number="42" hits="83" branch="False" />
            <line number="44" hits="95" branch="False" />
            <line number="45" hits="95" branch="False" />
            <line number="46" hits="95" branch="False" />
            <line number="47" hits="178" branch="True" condition-coverage="25% (1/4)">
              <conditions>
                <condition number="166" type="jump" coverage="50%" />
                <condition number="187" type="jump" coverage="0%" />
              </conditions>
            </line>
            <line number="48" hits="178" branch="False" />
            <line number="50" hits="5" branch="False" />
            <line number="51" hits="5" branch="True" condition-coverage="100% (2/2)">
              <conditions>
                <condition number="12" type="jump" coverage="100%" />
              </conditions>
            </line>
            <line number="52" hits="1" branch="False" />
            <line number="53" hits="1" branch="False" />
            <line number="55" hits="4" branch="True" condition-coverage="100% (2/2)">
              <conditions>
                <condition number="36" type="jump" coverage="100%" />
              </conditions>
            </line>
            <line number="56" hits="3" branch="False" />
            <line number="57" hits="3" branch="True" condition-coverage="25% (1/4)">
              <conditions>
                <condition number="46" type="jump" coverage="50%" />
                <condition number="65" type="jump" coverage="0%" />
              </conditions>
            </line>
            <line number="58" hits="3" branch="False" />
            <line number="60" hits="1" branch="False" />
            <line number="61" hits="4" branch="False" />
            <line number="63" hits="193" branch="False" />
            <line number="64" hits="193" branch="False" />
            <line number="65" hits="193" branch="False" />
            <line number="66" hits="193" branch="False" />
            <line number="68" hits="198" branch="False" />
            <line number="69" hits="2495" branch="True" condition-coverage="100% (2/2)">
              <conditions>
                <condition number="188" type="jump" coverage="100%" />
              </conditions>
            </line>
            <line number="70" hits="957" branch="False" />
            <line number="71" hits="957" branch="True" condition-coverage="100% (2/2)">
              <conditions>
                <condition number="27" type="jump" coverage="100%" />
              </conditions>
            </line>
            <line number="72" hits="407" branch="False" />
            <line number="73" hits="2760" branch="True" condition-coverage="100% (2/2)">
              <conditions>
                <condition number="161" type="jump" coverage="100%" />
              </conditions>
            </line>
            <line number="74" hits="776" branch="False" />
            <line number="75" hits="776" branch="True" condition-coverage="100% (2/2)">
              <conditions>
                <condition number="86" type="jump" coverage="100%" />
              </conditions>
            </line>
            <line number="76" hits="13" branch="False" />
            <line number="77" hits="13" branch="True" condition-coverage="100% (2/2)">
              <conditions>
                <condition number="95" type="jump" coverage="100%" />
              </conditions>
            </line>
            <line number="78" hits="3" branch="False" />
            <line number="79" hits="3" branch="False" />
            <line number="80" hits="3" branch="False" />
            <line number="81" hits="13" branch="True" condition-coverage="100% (2/2)">
              <conditions>
                <condition number="113" type="jump" coverage="100%" />
              </conditions>
            </line>
            <line number="82" hits="1" branch="False" />
            <line number="83" hits="1" branch="False" />
            <line number="84" hits="1" branch="False" />
            <line number="86" hits="12" branch="False" />
            <line number="87" hits="12" branch="False" />
            <line number="88" hits="12" branch="False" />
            <line number="89" hits="13" branch="False" />
            <line number="91" hits="763" branch="False" />
            <line number="92" hits="394" branch="False" />
            <line number="93" hits="944" branch="False" />
            <line number="94" hits="185" branch="False" />
            <line number="95" hits="198" branch="False" />
            <line number="97" hits="14" branch="False" />
            <line number="98" hits="14" branch="True" condition-coverage="100% (2/2)">
              <conditions>
                <condition number="12" type="jump" coverage="100%" />
              </conditions>
            </line>
            <line number="99" hits="1" branch="False" />
            <line number="100" hits="1" branch="False" />
            <line number="102" hits="95" branch="True" condition-coverage="100% (2/2)">
              <conditions>
                <condition number="150" type="jump" coverage="100%" />
              </conditions>
            </line>
            <line number="103" hits="34" branch="False" />
            <line number="104" hits="34" branch="True" condition-coverage="100% (2/2)">
              <conditions>
                <condition number="51" type="jump" coverage="100%" />
              </conditions>
            </line>
            <line number="105" hits="30" branch="False" />
            <line number="106" hits="210" branch="True" condition-coverage="100% (2/2)">
              <conditions>
                <condition number="123" type="jump" coverage="100%" />
              </conditions>
            </line>
            <line number="107" hits="66" branch="False" />
            <line number="108" hits="66" branch="True" condition-coverage="100% (2/2)">
              <conditions>
                <condition number="107" type="jump" coverage="100%" />
              </conditions>
            </line>
            <line number="109" hits="12" branch="False" />
            <line number="110" hits="12" branch="False" />
            <line number="112" hits="54" branch="False" />
            <line number="113" hits="18" branch="False" />
            <line number="114" hits="22" branch="False" />
            <line number="115" hits="1" branch="False" />
            <line number="116" hits="13" branch="False" />
            <line number="119" hits="3" branch="False" />
            <line number="120" hits="3" branch="True" condition-coverage="100% (2/2)">
              <conditions>
                <condition number="12" type="jump" coverage="100%" />
              </conditions>
            </line>
            <line number="121" hits="1" branch="False" />
            <line number="122" hits="1" branch="False" />
            <line number="124" hits="2" branch="False" />
            <line number="125" hits="2" branch="True" condition-coverage="100% (2/2)">
              <conditions>
                <condition number="47" type="jump" coverage="100%" />
              </conditions>
            </line>
            <line number="126" hits="1" branch="False" />
            <line number="127" hits="1" branch="False" />
            <line number="130" hits="1" branch="False" />
            <line number="131" hits="1" branch="False" />
            <line number="133" hits="1" branch="False" />
            <line number="135" hits="4" branch="False" />
            <line number="136" hits="4" branch="True" condition-coverage="100% (2/2)">
              <conditions>
                <condition number="12" type="jump" coverage="100%" />
              </conditions>
            </line>
            <line number="137" hits="3" branch="False" />
            <line number="138" hits="3" branch="True" condition-coverage="100% (2/2)">
              <conditions>
                <condition number="31" type="jump" coverage="100%" />
              </conditions>
            </line>
            <line number="139" hits="2" branch="False" />
            <line number="140" hits="2" branch="False" />
            <line number="142" hits="1" branch="False" />
            <line number="144" hits="1" branch="False" />
            <line number="145" hits="1" branch="False" />
            <line number="147" hits="1" branch="False" />
            <line number="164" hits="0" branch="False" />
            <line number="165" hits="0" branch="False" />
            <line number="166" hits="0" branch="False" />
            <line number="169" hits="0" branch="False" />
            <line number="170" hits="0" branch="False" />
            <line number="171" hits="0" branch="True" condition-coverage="0% (0/2)">
              <conditions>
                <condition number="15" type="jump" coverage="0%" />
              </conditions>
            </line>
            <line number="172" hits="0" branch="False" />
            <line number="11" hits="29" branch="False" />
            <line number="16" hits="0" branch="False" />
            <line number="17" hits="29" branch="False" />
            <line number="18" hits="29" branch="False" />
            <line number="19" hits="29" branch="True" condition-coverage="100% (2/2)">
              <conditions>
                <condition number="22" type="jump" coverage="100%" />
              </conditions>
            </line>
            <line number="20" hits="28" branch="False" />
            <line number="21" hits="28" branch="False" />
            <line number="22" hits="28" branch="False" />
            <line number="23" hits="28" branch="False" />
            <line number="25" hits="1" branch="False" />
            <line number="26" hits="1" branch="False" />
            <line number="28" hits="28" branch="False" />
          </lines>
        </class>
        <class name="DictionaryLib.OwnDictionary`2/&lt;GetEnumerator&gt;d__21" filename="OneDrive - Technical Lyceum NTUU KPI\Навчання\2курс\ASP.NET\Лаби_asp\Лаб1_asp\lab1_asp\DictionaryLib\Dictionary.cs" line-rate="1" branch-rate="1" complexity="6">
          <methods>
            <method name="MoveNext" signature="()" line-rate="1" branch-rate="1" complexity="6">
              <lines>
                <line number="150" hits="1" branch="False" />
                <line number="151" hits="13" branch="True" condition-coverage="100% (2/2)">
                  <conditions>
                    <condition number="253" type="jump" coverage="100%" />
                  </conditions>
                </line>
                <line number="152" hits="5" branch="False" />
                <line number="153" hits="5" branch="True" condition-coverage="100% (2/2)">
                  <conditions>
                    <condition number="101" type="jump" coverage="100%" />
                  </conditions>
                </line>
                <line number="154" hits="4" branch="False" />
                <line number="155" hits="30" branch="True" condition-coverage="100% (2/2)">
                  <conditions>
                    <condition number="200" type="jump" coverage="100%" />
                  </conditions>
                </line>
                <line number="156" hits="9" branch="False" />
                <line number="157" hits="9" branch="False" />
                <line number="158" hits="9" branch="False" />
                <line number="159" hits="4" branch="False" />
                <line number="160" hits="5" branch="False" />
                <line number="161" hits="1" branch="False" />
              </lines>
            </method>
          </methods>
          <lines>
            <line number="150" hits="1" branch="False" />
            <line number="151" hits="13" branch="True" condition-coverage="100% (2/2)">
              <conditions>
                <condition number="253" type="jump" coverage="100%" />
              </conditions>
            </line>
            <line number="152" hits="5" branch="False" />
            <line number="153" hits="5" branch="True" condition-coverage="100% (2/2)">
              <conditions>
                <condition number="101" type="jump" coverage="100%" />
              </conditions>
            </line>
            <line number="154" hits="4" branch="False" />
            <line number="155" hits="30" branch="True" condition-coverage="100% (2/2)">
              <conditions>
                <condition number="200" type="jump" coverage="100%" />
              </conditions>
            </line>
            <line number="156" hits="9" branch="False" />
            <line number="157" hits="9" branch="False" />
            <line number="158" hits="9" branch="False" />
            <line number="159" hits="4" branch="False" />
            <line number="160" hits="5" branch="False" />
            <line number="161" hits="1" branch="False" />
          </lines>
        </class>
        <class name="DictionaryLib.DictEventArgs" filename="OneDrive - Technical Lyceum NTUU KPI\Навчання\2курс\ASP.NET\Лаби_asp\Лаб1_asp\lab1_asp\DictionaryLib\DictionaryHandler.cs" line-rate="0" branch-rate="1" complexity="2">
          <methods>
            <method name="get_Message" signature="()" line-rate="0" branch-rate="1" complexity="1">
              <lines>
                <line number="8" hits="0" branch="False" />
              </lines>
            </method>
            <method name=".ctor" signature="(System.String)" line-rate="0" branch-rate="1" complexity="1">
              <lines>
                <line number="9" hits="0" branch="False" />
                <line number="10" hits="0" branch="False" />
                <line number="11" hits="0" branch="False" />
                <line number="12" hits="0" branch="False" />
              </lines>
            </method>
          </methods>
          <lines>
            <line number="8" hits="0" branch="False" />
            <line number="9" hits="0" branch="False" />
            <line number="10" hits="0" branch="False" />
            <line number="11" hits="0" branch="False" />
            <line number="12" hits="0" branch="False" />
          </lines>
        </class>
        <class name="DictionaryLib.DictItem`2" filename="OneDrive - Technical Lyceum NTUU KPI\Навчання\2курс\ASP.NET\Лаби_asp\Лаб1_asp\lab1_asp\DictionaryLib\DictItem.cs" line-rate="1" branch-rate="0.75" complexity="12">
          <methods>
            <method name="get_Key" signature="()" line-rate="1" branch-rate="1" complexity="1">
              <lines>
                <line number="7" hits="1144" branch="False" />
              </lines>
            </method>
            <method name="get_Value" signature="()" line-rate="1" branch-rate="1" complexity="1">
              <lines>
                <line number="8" hits="456" branch="False" />
              </lines>
            </method>
            <method name="GetHashCode" signature="()" line-rate="1" branch-rate="1" complexity="1">
              <lines>
                <line number="23" hits="178" branch="False" />
                <line number="24" hits="178" branch="False" />
                <line number="25" hits="178" branch="False" />
              </lines>
            </method>
            <method name="ToString" signature="()" line-rate="1" branch-rate="0.5" complexity="4">
              <lines>
                <line number="27" hits="12" branch="False" />
                <line number="28" hits="12" branch="True" condition-coverage="50% (2/4)">
                  <conditions>
                    <condition number="14" type="jump" coverage="50%" />
                    <condition number="50" type="jump" coverage="50%" />
                  </conditions>
                </line>
                <line number="29" hits="12" branch="False" />
              </lines>
            </method>
            <method name="Equals" signature="(System.Object)" line-rate="1" branch-rate="1" complexity="1">
              <lines>
                <line number="31" hits="6" branch="False" />
                <line number="32" hits="6" branch="False" />
                <line number="33" hits="6" branch="False" />
              </lines>
            </method>
            <method name=".ctor" signature="(TKey,TValue)" line-rate="1" branch-rate="1" complexity="4">
              <lines>
                <line number="9" hits="181" branch="False" />
                <line number="10" hits="181" branch="False" />
                <line number="11" hits="181" branch="True" condition-coverage="100% (4/4)">
                  <conditions>
                    <condition number="14" type="jump" coverage="100%" />
                    <condition number="30" type="jump" coverage="100%" />
                  </conditions>
                </line>
                <line number="12" hits="178" branch="False" />
                <line number="13" hits="178" branch="False" />
                <line number="14" hits="178" branch="False" />
                <line number="15" hits="178" branch="False" />
                <line number="17" hits="3" branch="False" />
                <line number="18" hits="3" branch="False" />
                <line number="21" hits="178" branch="False" />
              </lines>
            </method>
          </methods>
          <lines>
            <line number="7" hits="1144" branch="False" />
            <line number="8" hits="456" branch="False" />
            <line number="23" hits="178" branch="False" />
            <line number="24" hits="178" branch="False" />
            <line number="25" hits="178" branch="False" />
            <line number="27" hits="12" branch="False" />
            <line number="28" hits="12" branch="True" condition-coverage="50% (2/4)">
              <conditions>
                <condition number="14" type="jump" coverage="50%" />
                <condition number="50" type="jump" coverage="50%" />
              </conditions>
            </line>
            <line number="29" hits="12" branch="False" />
            <line number="31" hits="6" branch="False" />
            <line number="32" hits="6" branch="False" />
            <line number="33" hits="6" branch="False" />
            <line number="9" hits="181" branch="False" />
            <line number="10" hits="181" branch="False" />
            <line number="11" hits="181" branch="True" condition-coverage="100% (4/4)">
              <conditions>
                <condition number="14" type="jump" coverage="100%" />
                <condition number="30" type="jump" coverage="100%" />
              </conditions>
            </line>
            <line number="12" hits="178" branch="False" />
            <line number="13" hits="178" branch="False" />
            <line number="14" hits="178" branch="False" />
            <line number="15" hits="178" branch="False" />
            <line number="17" hits="3" branch="False" />
            <line number="18" hits="3" branch="False" />
            <line number="21" hits="178" branch="False" />
          </lines>
        </class>
        <class name="DictionaryLib.Handlers" filename="OneDrive - Technical Lyceum NTUU KPI\Навчання\2курс\ASP.NET\Лаби_asp\Лаб1_asp\lab1_asp\DictionaryLib\Handlers.cs" line-rate="0" branch-rate="1" complexity="3">
          <methods>
            <method name="AddItemHandler" signature="(System.Object,DictionaryLib.DictEventArgs)" line-rate="0" branch-rate="1" complexity="1">
              <lines>
                <line number="8" hits="0" branch="False" />
                <line number="9" hits="0" branch="False" />
                <line number="10" hits="0" branch="False" />
                <line number="11" hits="0" branch="False" />
                <line number="12" hits="0" branch="False" />
              </lines>
            </method>
            <method name="RemoveItemHandler" signature="(System.Object,DictionaryLib.DictEventArgs)" line-rate="0" branch-rate="1" complexity="1">
              <lines>
                <line number="14" hits="0" branch="False" />
                <line number="15" hits="0" branch="False" />
                <line number="16" hits="0" branch="False" />
                <line number="17" hits="0" branch="False" />
                <line number="18" hits="0" branch="False" />
              </lines>
            </method>
            <method name="ClearDictionaryHandler" signature="(System.Object,DictionaryLib.DictEventArgs)" line-rate="0" branch-rate="1" complexity="1">
              <lines>
                <line number="20" hits="0" branch="False" />
                <line number="21" hits="0" branch="False" />
                <line number="22" hits="0" branch="False" />
                <line number="23" hits="0" branch="False" />
                <line number="24" hits="0" branch="False" />
              </lines>
            </method>
          </methods>
          <lines>
            <line number="8" hits="0" branch="False" />
            <line number="9" hits="0" branch="False" />
            <line number="10" hits="0" branch="False" />
            <line number="11" hits="0" branch="False" />
            <line number="12" hits="0" branch="False" />
            <line number="14" hits="0" branch="False" />
            <line number="15" hits="0" branch="False" />
            <line number="16" hits="0" branch="False" />
            <line number="17" hits="0" branch="False" />
            <line number="18" hits="0" branch="False" />
            <line number="20" hits="0" branch="False" />
            <line number="21" hits="0" branch="False" />
            <line number="22" hits="0" branch="False" />
            <line number="23" hits="0" branch="False" />
            <line number="24" hits="0" branch="False" />
          </lines>
        </class>
      </classes>
    </package>
    <package name="LinkedListLibrary" line-rate="0.8656" branch-rate="0.8571" complexity="22">
      <classes>
        <class name="LinkedListLibrary.ListItem`1" filename="OneDrive - Technical Lyceum NTUU KPI\Навчання\2курс\ASP.NET\Лаби_asp\Лаб1_asp\lab1_asp\LinkedListLibrary\ListItem.cs" line-rate="0.8665999999999999" branch-rate="0.5" complexity="5">
          <methods>
            <method name="get_Data" signature="()" line-rate="1" branch-rate="1" complexity="1">
              <lines>
                <line number="10" hits="857" branch="False" />
              </lines>
            </method>
            <method name="set_Data" signature="(T)" line-rate="0.75" branch-rate="0.5" complexity="2">
              <lines>
                <line number="12" hits="178" branch="False" />
                <line number="13" hits="178" branch="True" condition-coverage="50% (1/2)">
                  <conditions>
                    <condition number="12" type="jump" coverage="50%" />
                  </conditions>
                </line>
                <line number="14" hits="178" branch="False" />
                <line number="15" hits="178" branch="False" />
                <line number="16" hits="178" branch="False" />
                <line number="18" hits="0" branch="False" />
                <line number="19" hits="0" branch="False" />
                <line number="21" hits="178" branch="False" />
              </lines>
            </method>
            <method name="get_Next" signature="()" line-rate="1" branch-rate="1" complexity="1">
              <lines>
                <line number="23" hits="1136" branch="False" />
              </lines>
            </method>
            <method name=".ctor" signature="(T)" line-rate="1" branch-rate="1" complexity="1">
              <lines>
                <line number="7" hits="178" branch="False" />
                <line number="24" hits="178" branch="False" />
                <line number="25" hits="178" branch="False" />
                <line number="26" hits="178" branch="False" />
                <line number="27" hits="178" branch="False" />
              </lines>
            </method>
          </methods>
          <lines>
            <line number="10" hits="857" branch="False" />
            <line number="12" hits="178" branch="False" />
            <line number="13" hits="178" branch="True" condition-coverage="50% (1/2)">
              <conditions>
                <condition number="12" type="jump" coverage="50%" />
              </conditions>
            </line>
            <line number="14" hits="178" branch="False" />
            <line number="15" hits="178" branch="False" />
            <line number="16" hits="178" branch="False" />
            <line number="18" hits="0" branch="False" />
            <line number="19" hits="0" branch="False" />
            <line number="21" hits="178" branch="False" />
            <line number="23" hits="1136" branch="False" />
            <line number="7" hits="178" branch="False" />
            <line number="24" hits="178" branch="False" />
            <line number="25" hits="178" branch="False" />
            <line number="26" hits="178" branch="False" />
            <line number="27" hits="178" branch="False" />
          </lines>
        </class>
        <class name="LinkedListLibrary.OwnLinkedList`1" filename="OneDrive - Technical Lyceum NTUU KPI\Навчання\2курс\ASP.NET\Лаби_asp\Лаб1_asp\lab1_asp\LinkedListLibrary\OwnLinkedList.cs" line-rate="0.8409" branch-rate="0.9" complexity="15">
          <methods>
            <method name="get_Head" signature="()" line-rate="1" branch-rate="1" complexity="1">
              <lines>
                <line number="9" hits="890" branch="False" />
              </lines>
            </method>
            <method name="Add" signature="(T)" line-rate="1" branch-rate="1" complexity="4">
              <lines>
                <line number="20" hits="178" branch="False" />
                <line number="21" hits="178" branch="True" condition-coverage="100% (2/2)">
                  <conditions>
                    <condition number="12" type="jump" coverage="100%" />
                  </conditions>
                </line>
                <line number="22" hits="95" branch="False" />
                <line number="23" hits="95" branch="False" />
                <line number="24" hits="95" branch="False" />
                <line number="25" hits="152" branch="True" condition-coverage="100% (2/2)">
                  <conditions>
                    <condition number="51" type="jump" coverage="100%" />
                  </conditions>
                </line>
                <line number="26" hits="57" branch="False" />
                <line number="27" hits="57" branch="False" />
                <line number="28" hits="57" branch="False" />
                <line number="29" hits="95" branch="False" />
                <line number="30" hits="95" branch="False" />
                <line number="32" hits="83" branch="False" />
                <line number="33" hits="83" branch="False" />
                <line number="34" hits="83" branch="False" />
                <line number="35" hits="178" branch="False" />
              </lines>
            </method>
            <method name="Remove" signature="(T)" line-rate="1" branch-rate="0.8332999999999999" complexity="6">
              <lines>
                <line number="38" hits="3" branch="False" />
                <line number="39" hits="6" branch="False" />
                <line number="40" hits="3" branch="True" condition-coverage="100% (2/2)">
                  <conditions>
                    <condition number="43" type="jump" coverage="100%" />
                  </conditions>
                </line>
                <line number="41" hits="2" branch="False" />
                <line number="42" hits="2" branch="False" />
                <line number="43" hits="2" branch="False" />
                <line number="45" hits="3" branch="True" condition-coverage="75% (3/4)">
                  <conditions>
                    <condition number="118" type="jump" coverage="100%" />
                    <condition number="80" type="jump" coverage="50%" />
                  </conditions>
                </line>
                <line number="46" hits="2" branch="False" />
                <line number="47" hits="2" branch="False" />
                <line number="48" hits="2" branch="False" />
                <line number="49" hits="2" branch="False" />
                <line number="50" hits="1" branch="False" />
                <line number="51" hits="3" branch="False" />
              </lines>
            </method>
            <method name="SetHead" signature="(T)" line-rate="1" branch-rate="1" complexity="1">
              <lines>
                <line number="53" hits="83" branch="False" />
                <line number="54" hits="83" branch="False" />
                <line number="55" hits="83" branch="False" />
                <line number="56" hits="83" branch="False" />
              </lines>
            </method>
            <method name="System.Collections.IEnumerable.GetEnumerator" signature="()" line-rate="0" branch-rate="1" complexity="1">
              <lines>
                <line number="68" hits="0" branch="False" />
                <line number="69" hits="0" branch="False" />
                <line number="70" hits="0" branch="False" />
              </lines>
            </method>
            <method name=".ctor" signature="()" line-rate="1" branch-rate="1" complexity="1">
              <lines>
                <line number="10" hits="83" branch="False" />
                <line number="11" hits="83" branch="False" />
                <line number="12" hits="83" branch="False" />
                <line number="13" hits="83" branch="False" />
              </lines>
            </method>
            <method name=".ctor" signature="(T)" line-rate="0" branch-rate="1" complexity="1">
              <lines>
                <line number="14" hits="0" branch="False" />
                <line number="15" hits="0" branch="False" />
                <line number="16" hits="0" branch="False" />
                <line number="17" hits="0" branch="False" />
              </lines>
            </method>
          </methods>
          <lines>
            <line number="9" hits="890" branch="False" />
            <line number="20" hits="178" branch="False" />
            <line number="21" hits="178" branch="True" condition-coverage="100% (2/2)">
              <conditions>
                <condition number="12" type="jump" coverage="100%" />
              </conditions>
            </line>
            <line number="22" hits="95" branch="False" />
            <line number="23" hits="95" branch="False" />
            <line number="24" hits="95" branch="False" />
            <line number="25" hits="152" branch="True" condition-coverage="100% (2/2)">
              <conditions>
                <condition number="51" type="jump" coverage="100%" />
              </conditions>
            </line>
            <line number="26" hits="57" branch="False" />
            <line number="27" hits="57" branch="False" />
            <line number="28" hits="57" branch="False" />
            <line number="29" hits="95" branch="False" />
            <line number="30" hits="95" branch="False" />
            <line number="32" hits="83" branch="False" />
            <line number="33" hits="83" branch="False" />
            <line number="34" hits="83" branch="False" />
            <line number="35" hits="178" branch="False" />
            <line number="38" hits="3" branch="False" />
            <line number="39" hits="6" branch="False" />
            <line number="40" hits="3" branch="True" condition-coverage="100% (2/2)">
              <conditions>
                <condition number="43" type="jump" coverage="100%" />
              </conditions>
            </line>
            <line number="41" hits="2" branch="False" />
            <line number="42" hits="2" branch="False" />
            <line number="43" hits="2" branch="False" />
            <line number="45" hits="3" branch="True" condition-coverage="75% (3/4)">
              <conditions>
                <condition number="118" type="jump" coverage="100%" />
                <condition number="80" type="jump" coverage="50%" />
              </conditions>
            </line>
            <line number="46" hits="2" branch="False" />
            <line number="47" hits="2" branch="False" />
            <line number="48" hits="2" branch="False" />
            <line number="49" hits="2" branch="False" />
            <line number="50" hits="1" branch="False" />
            <line number="51" hits="3" branch="False" />
            <line number="53" hits="83" branch="False" />
            <line number="54" hits="83" branch="False" />
            <line number="55" hits="83" branch="False" />
            <line number="56" hits="83" branch="False" />
            <line number="68" hits="0" branch="False" />
            <line number="69" hits="0" branch="False" />
            <line number="70" hits="0" branch="False" />
            <line number="10" hits="83" branch="False" />
            <line number="11" hits="83" branch="False" />
            <line number="12" hits="83" branch="False" />
            <line number="13" hits="83" branch="False" />
            <line number="14" hits="0" branch="False" />
            <line number="15" hits="0" branch="False" />
            <line number="16" hits="0" branch="False" />
            <line number="17" hits="0" branch="False" />
          </lines>
        </class>
        <class name="LinkedListLibrary.OwnLinkedList`1/&lt;GetEnumerator&gt;d__9" filename="OneDrive - Technical Lyceum NTUU KPI\Навчання\2курс\ASP.NET\Лаби_asp\Лаб1_asp\lab1_asp\LinkedListLibrary\OwnLinkedList.cs" line-rate="1" branch-rate="1" complexity="2">
          <methods>
            <method name="MoveNext" signature="()" line-rate="1" branch-rate="1" complexity="2">
              <lines>
                <line number="59" hits="441" branch="False" />
                <line number="60" hits="441" branch="False" />
                <line number="61" hits="1267" branch="True" condition-coverage="100% (2/2)">
                  <conditions>
                    <condition number="114" type="jump" coverage="100%" />
                  </conditions>
                </line>
                <line number="62" hits="851" branch="False" />
                <line number="63" hits="851" branch="False" />
                <line number="64" hits="826" branch="False" />
                <line number="65" hits="826" branch="False" />
                <line number="66" hits="416" branch="False" />
              </lines>
            </method>
          </methods>
          <lines>
            <line number="59" hits="441" branch="False" />
            <line number="60" hits="441" branch="False" />
            <line number="61" hits="1267" branch="True" condition-coverage="100% (2/2)">
              <conditions>
                <condition number="114" type="jump" coverage="100%" />
              </conditions>
            </line>
            <line number="62" hits="851" branch="False" />
            <line number="63" hits="851" branch="False" />
            <line number="64" hits="826" branch="False" />
            <line number="65" hits="826" branch="False" />
            <line number="66" hits="416" branch="False" />
          </lines>
        </class>
      </classes>
    </package>
    <package name="TestProject1" line-rate="0.9861" branch-rate="1" complexity="18">
      <classes>
        <class name="AutoGeneratedProgram" filename=".nuget\packages\microsoft.net.test.sdk\16.11.0\build\netcoreapp2.1\Microsoft.NET.Test.Sdk.Program.cs" line-rate="0" branch-rate="1" complexity="1">
          <methods>
            <method name="Main" signature="(System.String[])" line-rate="0" branch-rate="1" complexity="1">
              <lines>
                <line number="4" hits="0" branch="False" />
              </lines>
            </method>
          </methods>
          <lines>
            <line number="4" hits="0" branch="False" />
          </lines>
        </class>
        <class name="TestProject1.DictionaryTest" filename="OneDrive - Technical Lyceum NTUU KPI\Навчання\2курс\ASP.NET\Лаби_asp\Лаб1_asp\lab1_asp\TestProject1\DictionaryTest.cs" line-rate="1" branch-rate="1" complexity="17">
          <methods>
            <method name="InitializeDictionaryWithIncorrectCapacity" signature="()" line-rate="1" branch-rate="1" complexity="1">
              <lines>
                <line number="12" hits="1" branch="False" />
                <line number="13" hits="3" branch="False" />
                <line number="14" hits="1" branch="False" />
              </lines>
            </method>
            <method name="AddWithoutException" signature="(System.Int32,System.String)" line-rate="1" branch-rate="1" complexity="1">
              <lines>
                <line number="24" hits="7" branch="False" />
                <line number="25" hits="7" branch="False" />
                <line number="26" hits="7" branch="False" />
                <line number="27" hits="7" branch="False" />
              </lines>
            </method>
            <method name="AddWithException" signature="(System.Nullable`1&lt;System.Int32&gt;,System.String)" line-rate="1" branch-rate="1" complexity="1">
              <lines>
                <line number="34" hits="4" branch="False" />
                <line number="35" hits="4" branch="False" />
                <line number="36" hits="8" branch="False" />
                <line number="37" hits="4" branch="False" />
              </lines>
            </method>
            <method name="RemoveExistingItems" signature="(System.Int32)" line-rate="1" branch-rate="1" complexity="1">
              <lines>
                <line number="43" hits="3" branch="False" />
                <line number="44" hits="3" branch="False" />
                <line number="45" hits="3" branch="False" />
                <line number="46" hits="3" branch="False" />
              </lines>
            </method>
            <method name="RemoveNotExistingItems" signature="()" line-rate="1" branch-rate="1" complexity="1">
              <lines>
                <line number="49" hits="1" branch="False" />
                <line number="50" hits="1" branch="False" />
                <line number="51" hits="1" branch="False" />
                <line number="52" hits="1" branch="False" />
              </lines>
            </method>
            <method name="RemoveWithException" signature="()" line-rate="1" branch-rate="1" complexity="1">
              <lines>
                <line number="55" hits="1" branch="False" />
                <line number="56" hits="2" branch="False" />
                <line number="57" hits="1" branch="False" />
              </lines>
            </method>
            <method name="ContainsValue_True" signature="()" line-rate="1" branch-rate="1" complexity="1">
              <lines>
                <line number="60" hits="1" branch="False" />
                <line number="61" hits="1" branch="False" />
                <line number="62" hits="1" branch="False" />
                <line number="63" hits="1" branch="False" />
              </lines>
            </method>
            <method name="ContainsValue_False" signature="()" line-rate="1" branch-rate="1" complexity="1">
              <lines>
                <line number="66" hits="1" branch="False" />
                <line number="67" hits="1" branch="False" />
                <line number="68" hits="1" branch="False" />
                <line number="69" hits="1" branch="False" />
              </lines>
            </method>
            <method name="ContainsValue_Exception" signature="()" line-rate="1" branch-rate="1" complexity="1">
              <lines>
                <line number="72" hits="1" branch="False" />
                <line number="73" hits="1" branch="False" />
                <line number="74" hits="2" branch="False" />
                <line number="75" hits="1" branch="False" />
              </lines>
            </method>
            <method name="Indexer_SetCorrect" signature="()" line-rate="1" branch-rate="1" complexity="1">
              <lines>
                <line number="78" hits="1" branch="False" />
                <line number="79" hits="1" branch="False" />
                <line number="80" hits="1" branch="False" />
                <line number="81" hits="1" branch="False" />
                <line number="82" hits="1" branch="False" />
              </lines>
            </method>
            <method name="Indexer_SetInCorrect" signature="(System.Nullable`1&lt;System.Int32&gt;,System.String)" line-rate="1" branch-rate="1" complexity="1">
              <lines>
                <line number="88" hits="3" branch="False" />
                <line number="89" hits="3" branch="False" />
                <line number="90" hits="6" branch="False" />
                <line number="91" hits="3" branch="False" />
              </lines>
            </method>
            <method name="Enumerator" signature="()" line-rate="1" branch-rate="1" complexity="2">
              <lines>
                <line number="94" hits="1" branch="False" />
                <line number="95" hits="1" branch="False" />
                <line number="96" hits="21" branch="True" condition-coverage="100% (2/2)">
                  <conditions>
                    <condition number="61" type="jump" coverage="100%" />
                  </conditions>
                </line>
                <line number="97" hits="9" branch="False" />
                <line number="98" hits="9" branch="False" />
                <line number="99" hits="9" branch="False" />
                <line number="100" hits="1" branch="False" />
              </lines>
            </method>
            <method name="Indexer_GetCorrect" signature="()" line-rate="1" branch-rate="1" complexity="1">
              <lines>
                <line number="103" hits="1" branch="False" />
                <line number="104" hits="1" branch="False" />
                <line number="105" hits="1" branch="False" />
                <line number="106" hits="1" branch="False" />
                <line number="107" hits="1" branch="False" />
              </lines>
            </method>
            <method name="Indexer_GetInCorrect" signature="(System.Nullable`1&lt;System.Int32&gt;)" line-rate="1" branch-rate="1" complexity="1">
              <lines>
                <line number="112" hits="2" branch="False" />
                <line number="113" hits="2" branch="False" />
                <line number="114" hits="4" branch="False" />
                <line number="115" hits="2" branch="False" />
              </lines>
            </method>
            <method name="FillDictionary" signature="()" line-rate="1" branch-rate="1" complexity="1">
              <lines>
                <line number="117" hits="19" branch="False" />
                <line number="118" hits="19" branch="False" />
                <line number="119" hits="19" branch="False" />
                <line number="120" hits="19" branch="False" />
                <line number="121" hits="19" branch="False" />
                <line number="122" hits="19" branch="False" />
                <line number="123" hits="19" branch="False" />
                <line number="124" hits="19" branch="False" />
                <line number="125" hits="19" branch="False" />
                <line number="126" hits="19" branch="False" />
                <line number="127" hits="19" branch="False" />
              </lines>
            </method>
            <method name=".ctor" signature="()" line-rate="1" branch-rate="1" complexity="1">
              <lines>
                <line number="9" hits="28" branch="False" />
              </lines>
            </method>
          </methods>
          <lines>
            <line number="12" hits="1" branch="False" />
            <line number="13" hits="3" branch="False" />
            <line number="14" hits="1" branch="False" />
            <line number="24" hits="7" branch="False" />
            <line number="25" hits="7" branch="False" />
            <line number="26" hits="7" branch="False" />
            <line number="27" hits="7" branch="False" />
            <line number="34" hits="4" branch="False" />
            <line number="35" hits="4" branch="False" />
            <line number="36" hits="8" branch="False" />
            <line number="37" hits="4" branch="False" />
            <line number="43" hits="3" branch="False" />
            <line number="44" hits="3" branch="False" />
            <line number="45" hits="3" branch="False" />
            <line number="46" hits="3" branch="False" />
            <line number="49" hits="1" branch="False" />
            <line number="50" hits="1" branch="False" />
            <line number="51" hits="1" branch="False" />
            <line number="52" hits="1" branch="False" />
            <line number="55" hits="1" branch="False" />
            <line number="56" hits="2" branch="False" />
            <line number="57" hits="1" branch="False" />
            <line number="60" hits="1" branch="False" />
            <line number="61" hits="1" branch="False" />
            <line number="62" hits="1" branch="False" />
            <line number="63" hits="1" branch="False" />
            <line number="66" hits="1" branch="False" />
            <line number="67" hits="1" branch="False" />
            <line number="68" hits="1" branch="False" />
            <line number="69" hits="1" branch="False" />
            <line number="72" hits="1" branch="False" />
            <line number="73" hits="1" branch="False" />
            <line number="74" hits="2" branch="False" />
            <line number="75" hits="1" branch="False" />
            <line number="78" hits="1" branch="False" />
            <line number="79" hits="1" branch="False" />
            <line number="80" hits="1" branch="False" />
            <line number="81" hits="1" branch="False" />
            <line number="82" hits="1" branch="False" />
            <line number="88" hits="3" branch="False" />
            <line number="89" hits="3" branch="False" />
            <line number="90" hits="6" branch="False" />
            <line number="91" hits="3" branch="False" />
            <line number="94" hits="1" branch="False" />
            <line number="95" hits="1" branch="False" />
            <line number="96" hits="21" branch="True" condition-coverage="100% (2/2)">
              <conditions>
                <condition number="61" type="jump" coverage="100%" />
              </conditions>
            </line>
            <line number="97" hits="9" branch="False" />
            <line number="98" hits="9" branch="False" />
            <line number="99" hits="9" branch="False" />
            <line number="100" hits="1" branch="False" />
            <line number="103" hits="1" branch="False" />
            <line number="104" hits="1" branch="False" />
            <line number="105" hits="1" branch="False" />
            <line number="106" hits="1" branch="False" />
            <line number="107" hits="1" branch="False" />
            <line number="112" hits="2" branch="False" />
            <line number="113" hits="2" branch="False" />
            <line number="114" hits="4" branch="False" />
            <line number="115" hits="2" branch="False" />
            <line number="117" hits="19" branch="False" />
            <line number="118" hits="19" branch="False" />
            <line number="119" hits="19" branch="False" />
            <line number="120" hits="19" branch="False" />
            <line number="121" hits="19" branch="False" />
            <line number="122" hits="19" branch="False" />
            <line number="123" hits="19" branch="False" />
            <line number="124" hits="19" branch="False" />
            <line number="125" hits="19" branch="False" />
            <line number="126" hits="19" branch="False" />
            <line number="127" hits="19" branch="False" />
            <line number="9" hits="28" branch="False" />
          </lines>
        </class>
      </classes>
    </package>
  </packages>
</coverage>